::1 - - [21/Apr/2021:06:08:29 +0000] "GET /api/getPolicyCount?user_id=1 HTTP/1.1" 304 - "-" "Mozilla/5.0 (X11; Linux x86_64) AppleWebKit/537.36 (KHTML, like Gecko) Chrome/89.0.4389.82 Safari/537.36"
::1 - - [21/Apr/2021:06:09:03 +0000] "GET /api/getPolicyCount?user_id=1 HTTP/1.1" 304 - "-" "Mozilla/5.0 (X11; Linux x86_64) AppleWebKit/537.36 (KHTML, like Gecko) Chrome/89.0.4389.82 Safari/537.36"
::1 - - [21/Apr/2021:06:10:47 +0000] "GET /api/getPolicyCount?user_id=1 HTTP/1.1" 200 89 "-" "Mozilla/5.0 (X11; Linux x86_64) AppleWebKit/537.36 (KHTML, like Gecko) Chrome/89.0.4389.82 Safari/537.36"
::1 - - [21/Apr/2021:06:15:04 +0000] "GET /api/getQuotesList?user_id=1 HTTP/1.1" 400 55 "-" "Mozilla/5.0 (X11; Linux x86_64) AppleWebKit/537.36 (KHTML, like Gecko) Chrome/89.0.4389.82 Safari/537.36"
::1 - - [21/Apr/2021:06:15:22 +0000] "GET /api/getQuotesList?user_id=1 HTTP/1.1" 200 53 "-" "Mozilla/5.0 (X11; Linux x86_64) AppleWebKit/537.36 (KHTML, like Gecko) Chrome/89.0.4389.82 Safari/537.36"
::1 - - [21/Apr/2021:06:39:58 +0000] "GET /api/getCountForDashboard?user_id=1 HTTP/1.1" 200 106 "-" "Mozilla/5.0 (X11; Linux x86_64) AppleWebKit/537.36 (KHTML, like Gecko) Chrome/89.0.4389.82 Safari/537.36"
::1 - - [21/Apr/2021:06:40:34 +0000] "GET /api/getCountForDashboard?user_id=1 HTTP/1.1" 200 106 "-" "Mozilla/5.0 (X11; Linux x86_64) AppleWebKit/537.36 (KHTML, like Gecko) Chrome/89.0.4389.82 Safari/537.36"
::1 - - [21/Apr/2021:06:41:54 +0000] "GET /api/getCountForDashboard?user_id=1 HTTP/1.1" 200 123 "-" "Mozilla/5.0 (X11; Linux x86_64) AppleWebKit/537.36 (KHTML, like Gecko) Chrome/89.0.4389.82 Safari/537.36"
::1 - - [21/Apr/2021:06:42:26 +0000] "GET /api/getCountForDashboard?user_id=3 HTTP/1.1" 200 123 "-" "Mozilla/5.0 (X11; Linux x86_64) AppleWebKit/537.36 (KHTML, like Gecko) Chrome/89.0.4389.82 Safari/537.36"
::1 - - [21/Apr/2021:06:42:58 +0000] "GET /api/getCountForDashboard?user_id=3 HTTP/1.1" 400 55 "-" "Mozilla/5.0 (X11; Linux x86_64) AppleWebKit/537.36 (KHTML, like Gecko) Chrome/89.0.4389.82 Safari/537.36"
::1 - - [21/Apr/2021:07:23:55 +0000] "GET /api/getBlogsList?type=3 HTTP/1.1" 400 310 "-" "Mozilla/5.0 (X11; Linux x86_64) AppleWebKit/537.36 (KHTML, like Gecko) Chrome/89.0.4389.82 Safari/537.36"
::1 - - [21/Apr/2021:07:24:47 +0000] "GET /api/getBlogsList?type=3 HTTP/1.1" 200 5483 "-" "Mozilla/5.0 (X11; Linux x86_64) AppleWebKit/537.36 (KHTML, like Gecko) Chrome/89.0.4389.82 Safari/537.36"
::1 - - [21/Apr/2021:07:25:40 +0000] "GET /api/getBlogsList?type=3 HTTP/1.1" 400 208 "-" "Mozilla/5.0 (X11; Linux x86_64) AppleWebKit/537.36 (KHTML, like Gecko) Chrome/89.0.4389.82 Safari/537.36"
::1 - - [21/Apr/2021:07:26:53 +0000] "GET /api/getBlogsList?type=3 HTTP/1.1" 400 55 "-" "Mozilla/5.0 (X11; Linux x86_64) AppleWebKit/537.36 (KHTML, like Gecko) Chrome/89.0.4389.82 Safari/537.36"
::1 - - [21/Apr/2021:07:27:45 +0000] "GET /api/getBlogsList?type=3 HTTP/1.1" 200 5483 "-" "Mozilla/5.0 (X11; Linux x86_64) AppleWebKit/537.36 (KHTML, like Gecko) Chrome/89.0.4389.82 Safari/537.36"
::1 - - [21/Apr/2021:07:27:50 +0000] "GET /api/getBlogsList?type=15 HTTP/1.1" 200 53 "-" "Mozilla/5.0 (X11; Linux x86_64) AppleWebKit/537.36 (KHTML, like Gecko) Chrome/89.0.4389.82 Safari/537.36"
::1 - - [21/Apr/2021:07:41:42 +0000] "GET /api/getBlogsList HTTP/1.1" 200 91268 "-" "Mozilla/5.0 (X11; Linux x86_64) AppleWebKit/537.36 (KHTML, like Gecko) Chrome/89.0.4389.82 Safari/537.36"
::1 - - [21/Apr/2021:07:42:03 +0000] "GET /api/getBlogsList HTTP/1.1" 200 53 "-" "Mozilla/5.0 (X11; Linux x86_64) AppleWebKit/537.36 (KHTML, like Gecko) Chrome/89.0.4389.82 Safari/537.36"
::1 - - [21/Apr/2021:07:42:33 +0000] "GET /api/getBlogsList HTTP/1.1" 200 50 "-" "Mozilla/5.0 (X11; Linux x86_64) AppleWebKit/537.36 (KHTML, like Gecko) Chrome/89.0.4389.82 Safari/537.36"
::1 - - [21/Apr/2021:07:43:08 +0000] "GET /api/getBlogsList HTTP/1.1" 304 - "-" "Mozilla/5.0 (X11; Linux x86_64) AppleWebKit/537.36 (KHTML, like Gecko) Chrome/89.0.4389.82 Safari/537.36"
::1 - - [21/Apr/2021:07:43:20 +0000] "GET /api/getBlogsList HTTP/1.1" 200 50 "-" "Mozilla/5.0 (X11; Linux x86_64) AppleWebKit/537.36 (KHTML, like Gecko) Chrome/89.0.4389.82 Safari/537.36"
::1 - - [21/Apr/2021:07:43:41 +0000] "GET /api/getBlogsList?type=3 HTTP/1.1" 200 49 "-" "Mozilla/5.0 (X11; Linux x86_64) AppleWebKit/537.36 (KHTML, like Gecko) Chrome/89.0.4389.82 Safari/537.36"
::1 - - [21/Apr/2021:07:43:48 +0000] "GET /api/getBlogsList?type=5 HTTP/1.1" 200 49 "-" "Mozilla/5.0 (X11; Linux x86_64) AppleWebKit/537.36 (KHTML, like Gecko) Chrome/89.0.4389.82 Safari/537.36"
::1 - - [21/Apr/2021:07:44:06 +0000] "GET /api/getBlogsList?type=5&page=2 HTTP/1.1" 200 49 "-" "Mozilla/5.0 (X11; Linux x86_64) AppleWebKit/537.36 (KHTML, like Gecko) Chrome/89.0.4389.82 Safari/537.36"
::1 - - [21/Apr/2021:07:47:44 +0000] "GET /api/getBlogsList?type=5&page=2 HTTP/1.1" 400 312 "-" "Mozilla/5.0 (X11; Linux x86_64) AppleWebKit/537.36 (KHTML, like Gecko) Chrome/89.0.4389.82 Safari/537.36"
::1 - - [21/Apr/2021:07:48:44 +0000] "GET /api/getBlogsList?type=5&page=2 HTTP/1.1" 400 318 "-" "Mozilla/5.0 (X11; Linux x86_64) AppleWebKit/537.36 (KHTML, like Gecko) Chrome/89.0.4389.82 Safari/537.36"
::1 - - [21/Apr/2021:07:49:16 +0000] "GET /api/getBlogsList?type=5&page=2 HTTP/1.1" 200 53 "-" "Mozilla/5.0 (X11; Linux x86_64) AppleWebKit/537.36 (KHTML, like Gecko) Chrome/89.0.4389.82 Safari/537.36"
::1 - - [21/Apr/2021:07:50:07 +0000] "GET /api/getBlogsList?type=5&page=2 HTTP/1.1" 304 - "-" "Mozilla/5.0 (X11; Linux x86_64) AppleWebKit/537.36 (KHTML, like Gecko) Chrome/89.0.4389.82 Safari/537.36"
::1 - - [21/Apr/2021:07:52:27 +0000] "GET /api/getBlogsList?type=5&page=2 HTTP/1.1" 304 - "-" "Mozilla/5.0 (X11; Linux x86_64) AppleWebKit/537.36 (KHTML, like Gecko) Chrome/89.0.4389.82 Safari/537.36"
::1 - - [21/Apr/2021:07:52:35 +0000] "GET /api/getBlogsList?type=5 HTTP/1.1" 304 - "-" "Mozilla/5.0 (X11; Linux x86_64) AppleWebKit/537.36 (KHTML, like Gecko) Chrome/89.0.4389.82 Safari/537.36"
::1 - - [21/Apr/2021:07:55:06 +0000] "GET /api/getBlogsList?page?2 HTTP/1.1" 200 50 "-" "Mozilla/5.0 (X11; Linux x86_64) AppleWebKit/537.36 (KHTML, like Gecko) Chrome/89.0.4389.82 Safari/537.36"
::1 - - [21/Apr/2021:07:55:16 +0000] "GET /api/getBlogsList?page?3 HTTP/1.1" 200 50 "-" "Mozilla/5.0 (X11; Linux x86_64) AppleWebKit/537.36 (KHTML, like Gecko) Chrome/89.0.4389.82 Safari/537.36"
::1 - - [21/Apr/2021:07:55:38 +0000] "GET /api/getBlogsList?page=3 HTTP/1.1" 200 53 "-" "Mozilla/5.0 (X11; Linux x86_64) AppleWebKit/537.36 (KHTML, like Gecko) Chrome/89.0.4389.82 Safari/537.36"
::1 - - [21/Apr/2021:07:55:47 +0000] "GET /api/getBlogsList?page=2 HTTP/1.1" 200 50 "-" "Mozilla/5.0 (X11; Linux x86_64) AppleWebKit/537.36 (KHTML, like Gecko) Chrome/89.0.4389.82 Safari/537.36"
::1 - - [21/Apr/2021:07:56:48 +0000] "GET /api/getBlogsList?page=2 HTTP/1.1" 200 14001 "-" "Mozilla/5.0 (X11; Linux x86_64) AppleWebKit/537.36 (KHTML, like Gecko) Chrome/89.0.4389.82 Safari/537.36"
::1 - - [21/Apr/2021:07:58:59 +0000] "GET /api/getBlogsList?page=2 HTTP/1.1" 400 48 "-" "Mozilla/5.0 (X11; Linux x86_64) AppleWebKit/537.36 (KHTML, like Gecko) Chrome/89.0.4389.82 Safari/537.36"
::1 - - [21/Apr/2021:08:00:27 +0000] "GET /api/getBlogsList?page=2 HTTP/1.1" 200 14030 "-" "Mozilla/5.0 (X11; Linux x86_64) AppleWebKit/537.36 (KHTML, like Gecko) Chrome/89.0.4389.82 Safari/537.36"
::1 - - [21/Apr/2021:08:01:01 +0000] "GET /api/getBlogsList?page=3 HTTP/1.1" 304 - "-" "Mozilla/5.0 (X11; Linux x86_64) AppleWebKit/537.36 (KHTML, like Gecko) Chrome/89.0.4389.82 Safari/537.36"
::1 - - [21/Apr/2021:08:01:08 +0000] "GET /api/getBlogsList?page=2 HTTP/1.1" 200 14032 "-" "Mozilla/5.0 (X11; Linux x86_64) AppleWebKit/537.36 (KHTML, like Gecko) Chrome/89.0.4389.82 Safari/537.36"
::1 - - [21/Apr/2021:08:02:16 +0000] "GET /api/getBlogsList?page=2 HTTP/1.1" 200 14034 "-" "Mozilla/5.0 (X11; Linux x86_64) AppleWebKit/537.36 (KHTML, like Gecko) Chrome/89.0.4389.82 Safari/537.36"
::1 - - [21/Apr/2021:08:02:34 +0000] "GET /api/getBlogsList?page=1 HTTP/1.1" 200 77346 "-" "Mozilla/5.0 (X11; Linux x86_64) AppleWebKit/537.36 (KHTML, like Gecko) Chrome/89.0.4389.82 Safari/537.36"
::1 - - [21/Apr/2021:08:03:03 +0000] "GET /api/getBlogsList?page=1 HTTP/1.1" 304 - "-" "Mozilla/5.0 (X11; Linux x86_64) AppleWebKit/537.36 (KHTML, like Gecko) Chrome/89.0.4389.82 Safari/537.36"
::1 - - [21/Apr/2021:08:12:07 +0000] "GET /api/getBlogsList?page=1 HTTP/1.1" 200 77345 "-" "Mozilla/5.0 (X11; Linux x86_64) AppleWebKit/537.36 (KHTML, like Gecko) Chrome/89.0.4389.82 Safari/537.36"
::1 - - [21/Apr/2021:08:13:09 +0000] "GET /api/getBlogsList?page=1 HTTP/1.1" 200 77346 "-" "Mozilla/5.0 (X11; Linux x86_64) AppleWebKit/537.36 (KHTML, like Gecko) Chrome/89.0.4389.82 Safari/537.36"
::1 - - [21/Apr/2021:08:13:23 +0000] "GET /api/getBlogsList?page=1 HTTP/1.1" 200 77345 "-" "Mozilla/5.0 (X11; Linux x86_64) AppleWebKit/537.36 (KHTML, like Gecko) Chrome/89.0.4389.82 Safari/537.36"
::1 - - [21/Apr/2021:08:13:28 +0000] "GET /api/getBlogsList?page=2 HTTP/1.1" 304 - "-" "Mozilla/5.0 (X11; Linux x86_64) AppleWebKit/537.36 (KHTML, like Gecko) Chrome/89.0.4389.82 Safari/537.36"
::1 - - [21/Apr/2021:08:31:12 +0000] "GET /api/getBlogsList?page=2 HTTP/1.1" 304 - "-" "Mozilla/5.0 (X11; Linux x86_64) AppleWebKit/537.36 (KHTML, like Gecko) Chrome/89.0.4389.82 Safari/537.36"
::1 - - [21/Apr/2021:08:32:41 +0000] "GET /api/getBlogsList?page=2 HTTP/1.1" 200 1867 "-" "Mozilla/5.0 (X11; Linux x86_64) AppleWebKit/537.36 (KHTML, like Gecko) Chrome/89.0.4389.82 Safari/537.36"
::1 - - [21/Apr/2021:08:36:14 +0000] "GET /admin/login HTTP/1.1" 200 3424 "-" "Mozilla/5.0 (X11; Linux x86_64) AppleWebKit/537.36 (KHTML, like Gecko) Chrome/89.0.4389.82 Safari/537.36"
::1 - - [21/Apr/2021:08:36:15 +0000] "GET /admin_assets/plugins/icheck-bootstrap/icheck-bootstrap.min.css HTTP/1.1" 404 201 "http://localhost:5000/admin/login" "Mozilla/5.0 (X11; Linux x86_64) AppleWebKit/537.36 (KHTML, like Gecko) Chrome/89.0.4389.82 Safari/537.36"
::1 - - [21/Apr/2021:08:36:15 +0000] "GET /admin_assets/js/adminlte.min.js HTTP/1.1" 404 170 "http://localhost:5000/admin/login" "Mozilla/5.0 (X11; Linux x86_64) AppleWebKit/537.36 (KHTML, like Gecko) Chrome/89.0.4389.82 Safari/537.36"
::1 - - [21/Apr/2021:08:36:15 +0000] "GET /admin_assets/plugins/bootstrap/js/bootstrap.bundle.min.js HTTP/1.1" 200 78635 "http://localhost:5000/admin/login" "Mozilla/5.0 (X11; Linux x86_64) AppleWebKit/537.36 (KHTML, like Gecko) Chrome/89.0.4389.82 Safari/537.36"
::1 - - [21/Apr/2021:08:36:15 +0000] "GET /admin_assets/plugins/jquery/jquery.min.js HTTP/1.1" 200 88145 "http://localhost:5000/admin/login" "Mozilla/5.0 (X11; Linux x86_64) AppleWebKit/537.36 (KHTML, like Gecko) Chrome/89.0.4389.82 Safari/537.36"
::1 - - [21/Apr/2021:08:36:15 +0000] "GET /admin_assets/plugins/fontawesome-free/css/all.min.css HTTP/1.1" 200 56842 "http://localhost:5000/admin/login" "Mozilla/5.0 (X11; Linux x86_64) AppleWebKit/537.36 (KHTML, like Gecko) Chrome/89.0.4389.82 Safari/537.36"
::1 - - [21/Apr/2021:08:36:15 +0000] "GET /admin_assets/css/adminlte.min.css HTTP/1.1" 200 656504 "http://localhost:5000/admin/login" "Mozilla/5.0 (X11; Linux x86_64) AppleWebKit/537.36 (KHTML, like Gecko) Chrome/89.0.4389.82 Safari/537.36"
::1 - - [21/Apr/2021:08:36:15 +0000] "GET /admin_assets/js/adminlte.min.js HTTP/1.1" 404 170 "http://localhost:5000/admin/login" "Mozilla/5.0 (X11; Linux x86_64) AppleWebKit/537.36 (KHTML, like Gecko) Chrome/89.0.4389.82 Safari/537.36"
::1 - - [21/Apr/2021:08:36:17 +0000] "GET /admin_assets/plugins/fontawesome-free/webfonts/fa-solid-900.woff2 HTTP/1.1" 200 75728 "http://localhost:5000/admin_assets/plugins/fontawesome-free/css/all.min.css" "Mozilla/5.0 (X11; Linux x86_64) AppleWebKit/537.36 (KHTML, like Gecko) Chrome/89.0.4389.82 Safari/537.36"
::1 - - [21/Apr/2021:08:36:27 +0000] "POST /admin/login HTTP/1.1" 302 68 "http://localhost:5000/admin/login" "Mozilla/5.0 (X11; Linux x86_64) AppleWebKit/537.36 (KHTML, like Gecko) Chrome/89.0.4389.82 Safari/537.36"
::1 - - [21/Apr/2021:08:36:27 +0000] "GET /admin/login HTTP/1.1" 200 3738 "http://localhost:5000/admin/login" "Mozilla/5.0 (X11; Linux x86_64) AppleWebKit/537.36 (KHTML, like Gecko) Chrome/89.0.4389.82 Safari/537.36"
::1 - - [21/Apr/2021:08:36:27 +0000] "GET /admin_assets/plugins/icheck-bootstrap/icheck-bootstrap.min.css HTTP/1.1" 404 201 "http://localhost:5000/admin/login" "Mozilla/5.0 (X11; Linux x86_64) AppleWebKit/537.36 (KHTML, like Gecko) Chrome/89.0.4389.82 Safari/537.36"
::1 - - [21/Apr/2021:08:36:27 +0000] "GET /admin_assets/js/adminlte.min.js HTTP/1.1" 404 170 "http://localhost:5000/admin/login" "Mozilla/5.0 (X11; Linux x86_64) AppleWebKit/537.36 (KHTML, like Gecko) Chrome/89.0.4389.82 Safari/537.36"
::1 - - [21/Apr/2021:08:36:27 +0000] "GET /admin_assets/plugins/fontawesome-free/css/all.min.css HTTP/1.1" 304 - "http://localhost:5000/admin/login" "Mozilla/5.0 (X11; Linux x86_64) AppleWebKit/537.36 (KHTML, like Gecko) Chrome/89.0.4389.82 Safari/537.36"
::1 - - [21/Apr/2021:08:36:27 +0000] "GET /admin_assets/css/adminlte.min.css HTTP/1.1" 304 - "http://localhost:5000/admin/login" "Mozilla/5.0 (X11; Linux x86_64) AppleWebKit/537.36 (KHTML, like Gecko) Chrome/89.0.4389.82 Safari/537.36"
::1 - - [21/Apr/2021:08:36:27 +0000] "GET /admin_assets/plugins/jquery/jquery.min.js HTTP/1.1" 304 - "http://localhost:5000/admin/login" "Mozilla/5.0 (X11; Linux x86_64) AppleWebKit/537.36 (KHTML, like Gecko) Chrome/89.0.4389.82 Safari/537.36"
::1 - - [21/Apr/2021:08:36:27 +0000] "GET /admin_assets/plugins/bootstrap/js/bootstrap.bundle.min.js HTTP/1.1" 304 - "http://localhost:5000/admin/login" "Mozilla/5.0 (X11; Linux x86_64) AppleWebKit/537.36 (KHTML, like Gecko) Chrome/89.0.4389.82 Safari/537.36"
::1 - - [21/Apr/2021:08:36:27 +0000] "GET /admin_assets/js/adminlte.min.js HTTP/1.1" 404 170 "http://localhost:5000/admin/login" "Mozilla/5.0 (X11; Linux x86_64) AppleWebKit/537.36 (KHTML, like Gecko) Chrome/89.0.4389.82 Safari/537.36"
::1 - - [21/Apr/2021:08:36:34 +0000] "POST /admin/login HTTP/1.1" 302 76 "http://localhost:5000/admin/login" "Mozilla/5.0 (X11; Linux x86_64) AppleWebKit/537.36 (KHTML, like Gecko) Chrome/89.0.4389.82 Safari/537.36"
::1 - - [21/Apr/2021:08:36:34 +0000] "GET /admin/dashboard HTTP/1.1" 200 18518 "http://localhost:5000/admin/login" "Mozilla/5.0 (X11; Linux x86_64) AppleWebKit/537.36 (KHTML, like Gecko) Chrome/89.0.4389.82 Safari/537.36"
::1 - - [21/Apr/2021:08:36:34 +0000] "GET /admin_assets/plugins/fontawesome-free/css/all.min.css HTTP/1.1" 304 - "http://localhost:5000/admin/dashboard" "Mozilla/5.0 (X11; Linux x86_64) AppleWebKit/537.36 (KHTML, like Gecko) Chrome/89.0.4389.82 Safari/537.36"
::1 - - [21/Apr/2021:08:36:34 +0000] "GET /admin_assets/css/adminlte.min.css HTTP/1.1" 304 - "http://localhost:5000/admin/dashboard" "Mozilla/5.0 (X11; Linux x86_64) AppleWebKit/537.36 (KHTML, like Gecko) Chrome/89.0.4389.82 Safari/537.36"
::1 - - [21/Apr/2021:08:36:34 +0000] "GET /admin_assets/plugins/jquery/jquery.min.js HTTP/1.1" 304 - "http://localhost:5000/admin/dashboard" "Mozilla/5.0 (X11; Linux x86_64) AppleWebKit/537.36 (KHTML, like Gecko) Chrome/89.0.4389.82 Safari/537.36"
::1 - - [21/Apr/2021:08:36:34 +0000] "GET /admin_assets/plugins/bootstrap/js/bootstrap.bundle.min.js HTTP/1.1" 304 - "http://localhost:5000/admin/dashboard" "Mozilla/5.0 (X11; Linux x86_64) AppleWebKit/537.36 (KHTML, like Gecko) Chrome/89.0.4389.82 Safari/537.36"
::1 - - [21/Apr/2021:08:36:35 +0000] "GET /admin_assets/plugins/overlayScrollbars/css/OverlayScrollbars.min.css HTTP/1.1" 200 19470 "http://localhost:5000/admin/dashboard" "Mozilla/5.0 (X11; Linux x86_64) AppleWebKit/537.36 (KHTML, like Gecko) Chrome/89.0.4389.82 Safari/537.36"
::1 - - [21/Apr/2021:08:36:35 +0000] "GET /admin_assets/plugins/overlayScrollbars/js/jquery.overlayScrollbars.min.js HTTP/1.1" 200 42076 "http://localhost:5000/admin/dashboard" "Mozilla/5.0 (X11; Linux x86_64) AppleWebKit/537.36 (KHTML, like Gecko) Chrome/89.0.4389.82 Safari/537.36"
::1 - - [21/Apr/2021:08:36:35 +0000] "GET /admin_assets/js/adminlte.js HTTP/1.1" 200 55314 "http://localhost:5000/admin/dashboard" "Mozilla/5.0 (X11; Linux x86_64) AppleWebKit/537.36 (KHTML, like Gecko) Chrome/89.0.4389.82 Safari/537.36"
::1 - - [21/Apr/2021:08:36:35 +0000] "GET /admin_assets/plugins/datatables-bs4/css/dataTables.bootstrap4.css HTTP/1.1" 200 5799 "http://localhost:5000/admin/dashboard" "Mozilla/5.0 (X11; Linux x86_64) AppleWebKit/537.36 (KHTML, like Gecko) Chrome/89.0.4389.82 Safari/537.36"
::1 - - [21/Apr/2021:08:36:35 +0000] "GET /admin_assets/plugins/moment/moment.min.js HTTP/1.1" 200 53324 "http://localhost:5000/admin/dashboard" "Mozilla/5.0 (X11; Linux x86_64) AppleWebKit/537.36 (KHTML, like Gecko) Chrome/89.0.4389.82 Safari/537.36"
::1 - - [21/Apr/2021:08:36:35 +0000] "GET /admin_assets/js/dashboard.js HTTP/1.1" 200 1909 "http://localhost:5000/admin/dashboard" "Mozilla/5.0 (X11; Linux x86_64) AppleWebKit/537.36 (KHTML, like Gecko) Chrome/89.0.4389.82 Safari/537.36"
::1 - - [21/Apr/2021:08:36:35 +0000] "GET /admin_assets/js/validation.js HTTP/1.1" 200 1218 "http://localhost:5000/admin/dashboard" "Mozilla/5.0 (X11; Linux x86_64) AppleWebKit/537.36 (KHTML, like Gecko) Chrome/89.0.4389.82 Safari/537.36"
::1 - - [21/Apr/2021:08:36:35 +0000] "GET /admin_assets/plugins/datatables/jquery.dataTables.js HTTP/1.1" 200 448564 "http://localhost:5000/admin/dashboard" "Mozilla/5.0 (X11; Linux x86_64) AppleWebKit/537.36 (KHTML, like Gecko) Chrome/89.0.4389.82 Safari/537.36"
::1 - - [21/Apr/2021:08:36:35 +0000] "GET /admin_assets/plugins/datatables-bs4/js/dataTables.bootstrap4.js HTTP/1.1" 200 4693 "http://localhost:5000/admin/dashboard" "Mozilla/5.0 (X11; Linux x86_64) AppleWebKit/537.36 (KHTML, like Gecko) Chrome/89.0.4389.82 Safari/537.36"
::1 - - [21/Apr/2021:08:36:35 +0000] "GET /admin_assets/img/AdminLTELogo.png HTTP/1.1" 200 10380 "http://localhost:5000/admin/dashboard" "Mozilla/5.0 (X11; Linux x86_64) AppleWebKit/537.36 (KHTML, like Gecko) Chrome/89.0.4389.82 Safari/537.36"
::1 - - [21/Apr/2021:08:36:35 +0000] "GET /admin_assets/img/user2-160x160.jpg HTTP/1.1" 200 7070 "http://localhost:5000/admin/dashboard" "Mozilla/5.0 (X11; Linux x86_64) AppleWebKit/537.36 (KHTML, like Gecko) Chrome/89.0.4389.82 Safari/537.36"
::1 - - [21/Apr/2021:08:36:35 +0000] "GET /admin_assets/plugins/fontawesome-free/webfonts/fa-regular-400.woff2 HTTP/1.1" 200 13584 "http://localhost:5000/admin_assets/plugins/fontawesome-free/css/all.min.css" "Mozilla/5.0 (X11; Linux x86_64) AppleWebKit/537.36 (KHTML, like Gecko) Chrome/89.0.4389.82 Safari/537.36"
::1 - - [21/Apr/2021:08:36:35 +0000] "GET /web_assets/assets/img/favicon.png HTTP/1.1" 200 477 "http://localhost:5000/admin/dashboard" "Mozilla/5.0 (X11; Linux x86_64) AppleWebKit/537.36 (KHTML, like Gecko) Chrome/89.0.4389.82 Safari/537.36"
::1 - - [21/Apr/2021:08:36:41 +0000] "GET /admin/blog/list HTTP/1.1" 200 222744 "http://localhost:5000/admin/dashboard" "Mozilla/5.0 (X11; Linux x86_64) AppleWebKit/537.36 (KHTML, like Gecko) Chrome/89.0.4389.82 Safari/537.36"
::1 - - [21/Apr/2021:08:36:41 +0000] "GET /admin_assets/plugins/fontawesome-free/css/all.min.css HTTP/1.1" 304 - "http://localhost:5000/admin/blog/list" "Mozilla/5.0 (X11; Linux x86_64) AppleWebKit/537.36 (KHTML, like Gecko) Chrome/89.0.4389.82 Safari/537.36"
::1 - - [21/Apr/2021:08:36:41 +0000] "GET /admin_assets/plugins/datatables-bs4/css/dataTables.bootstrap4.css HTTP/1.1" 304 - "http://localhost:5000/admin/blog/list" "Mozilla/5.0 (X11; Linux x86_64) AppleWebKit/537.36 (KHTML, like Gecko) Chrome/89.0.4389.82 Safari/537.36"
::1 - - [21/Apr/2021:08:36:41 +0000] "GET /admin_assets/css/adminlte.min.css HTTP/1.1" 304 - "http://localhost:5000/admin/blog/list" "Mozilla/5.0 (X11; Linux x86_64) AppleWebKit/537.36 (KHTML, like Gecko) Chrome/89.0.4389.82 Safari/537.36"
::1 - - [21/Apr/2021:08:36:41 +0000] "GET /admin_assets/img/AdminLTELogo.png HTTP/1.1" 304 - "http://localhost:5000/admin/blog/list" "Mozilla/5.0 (X11; Linux x86_64) AppleWebKit/537.36 (KHTML, like Gecko) Chrome/89.0.4389.82 Safari/537.36"
::1 - - [21/Apr/2021:08:36:41 +0000] "GET /admin_assets/img/user2-160x160.jpg HTTP/1.1" 304 - "http://localhost:5000/admin/blog/list" "Mozilla/5.0 (X11; Linux x86_64) AppleWebKit/537.36 (KHTML, like Gecko) Chrome/89.0.4389.82 Safari/537.36"
::1 - - [21/Apr/2021:08:36:41 +0000] "GET /admin_assets/plugins/overlayScrollbars/css/OverlayScrollbars.min.css HTTP/1.1" 304 - "http://localhost:5000/admin/blog/list" "Mozilla/5.0 (X11; Linux x86_64) AppleWebKit/537.36 (KHTML, like Gecko) Chrome/89.0.4389.82 Safari/537.36"
::1 - - [21/Apr/2021:08:36:42 +0000] "GET /admin_assets/plugins/jquery/jquery.min.js HTTP/1.1" 304 - "http://localhost:5000/admin/blog/list" "Mozilla/5.0 (X11; Linux x86_64) AppleWebKit/537.36 (KHTML, like Gecko) Chrome/89.0.4389.82 Safari/537.36"
::1 - - [21/Apr/2021:08:36:42 +0000] "GET /admin_assets/plugins/bootstrap/js/bootstrap.bundle.min.js HTTP/1.1" 304 - "http://localhost:5000/admin/blog/list" "Mozilla/5.0 (X11; Linux x86_64) AppleWebKit/537.36 (KHTML, like Gecko) Chrome/89.0.4389.82 Safari/537.36"
::1 - - [21/Apr/2021:08:36:42 +0000] "GET /admin_assets/plugins/overlayScrollbars/js/jquery.overlayScrollbars.min.js HTTP/1.1" 304 - "http://localhost:5000/admin/blog/list" "Mozilla/5.0 (X11; Linux x86_64) AppleWebKit/537.36 (KHTML, like Gecko) Chrome/89.0.4389.82 Safari/537.36"
::1 - - [21/Apr/2021:08:36:42 +0000] "GET /admin_assets/plugins/datatables/jquery.dataTables.js HTTP/1.1" 304 - "http://localhost:5000/admin/blog/list" "Mozilla/5.0 (X11; Linux x86_64) AppleWebKit/537.36 (KHTML, like Gecko) Chrome/89.0.4389.82 Safari/537.36"
::1 - - [21/Apr/2021:08:36:42 +0000] "GET /admin_assets/js/adminlte.js HTTP/1.1" 304 - "http://localhost:5000/admin/blog/list" "Mozilla/5.0 (X11; Linux x86_64) AppleWebKit/537.36 (KHTML, like Gecko) Chrome/89.0.4389.82 Safari/537.36"
::1 - - [21/Apr/2021:08:36:42 +0000] "GET /admin_assets/plugins/moment/moment.min.js HTTP/1.1" 304 - "http://localhost:5000/admin/blog/list" "Mozilla/5.0 (X11; Linux x86_64) AppleWebKit/537.36 (KHTML, like Gecko) Chrome/89.0.4389.82 Safari/537.36"
::1 - - [21/Apr/2021:08:36:42 +0000] "GET /admin_assets/plugins/datatables-bs4/js/dataTables.bootstrap4.js HTTP/1.1" 304 - "http://localhost:5000/admin/blog/list" "Mozilla/5.0 (X11; Linux x86_64) AppleWebKit/537.36 (KHTML, like Gecko) Chrome/89.0.4389.82 Safari/537.36"
::1 - - [21/Apr/2021:08:36:42 +0000] "GET /admin_assets/js/dashboard.js HTTP/1.1" 304 - "http://localhost:5000/admin/blog/list" "Mozilla/5.0 (X11; Linux x86_64) AppleWebKit/537.36 (KHTML, like Gecko) Chrome/89.0.4389.82 Safari/537.36"
::1 - - [21/Apr/2021:08:36:42 +0000] "GET /admin_assets/js/validation.js HTTP/1.1" 304 - "http://localhost:5000/admin/blog/list" "Mozilla/5.0 (X11; Linux x86_64) AppleWebKit/537.36 (KHTML, like Gecko) Chrome/89.0.4389.82 Safari/537.36"
::1 - - [21/Apr/2021:08:36:45 +0000] "GET /admin/blog/add HTTP/1.1" 200 23240 "http://localhost:5000/admin/blog/list" "Mozilla/5.0 (X11; Linux x86_64) AppleWebKit/537.36 (KHTML, like Gecko) Chrome/89.0.4389.82 Safari/537.36"
::1 - - [21/Apr/2021:08:36:45 +0000] "GET /admin_assets/plugins/fontawesome-free/css/all.min.css HTTP/1.1" 304 - "http://localhost:5000/admin/blog/add" "Mozilla/5.0 (X11; Linux x86_64) AppleWebKit/537.36 (KHTML, like Gecko) Chrome/89.0.4389.82 Safari/537.36"
::1 - - [21/Apr/2021:08:36:45 +0000] "GET /admin_assets/plugins/overlayScrollbars/css/OverlayScrollbars.min.css HTTP/1.1" 304 - "http://localhost:5000/admin/blog/add" "Mozilla/5.0 (X11; Linux x86_64) AppleWebKit/537.36 (KHTML, like Gecko) Chrome/89.0.4389.82 Safari/537.36"
::1 - - [21/Apr/2021:08:36:45 +0000] "GET /admin_assets/plugins/datatables-bs4/css/dataTables.bootstrap4.css HTTP/1.1" 304 - "http://localhost:5000/admin/blog/add" "Mozilla/5.0 (X11; Linux x86_64) AppleWebKit/537.36 (KHTML, like Gecko) Chrome/89.0.4389.82 Safari/537.36"
::1 - - [21/Apr/2021:08:36:45 +0000] "GET /admin_assets/css/adminlte.min.css HTTP/1.1" 304 - "http://localhost:5000/admin/blog/add" "Mozilla/5.0 (X11; Linux x86_64) AppleWebKit/537.36 (KHTML, like Gecko) Chrome/89.0.4389.82 Safari/537.36"
::1 - - [21/Apr/2021:08:36:45 +0000] "GET /admin_assets/plugins/jquery/jquery.min.js HTTP/1.1" 304 - "http://localhost:5000/admin/blog/add" "Mozilla/5.0 (X11; Linux x86_64) AppleWebKit/537.36 (KHTML, like Gecko) Chrome/89.0.4389.82 Safari/537.36"
::1 - - [21/Apr/2021:08:36:45 +0000] "GET /admin_assets/plugins/bootstrap/js/bootstrap.bundle.min.js HTTP/1.1" 304 - "http://localhost:5000/admin/blog/add" "Mozilla/5.0 (X11; Linux x86_64) AppleWebKit/537.36 (KHTML, like Gecko) Chrome/89.0.4389.82 Safari/537.36"
::1 - - [21/Apr/2021:08:36:45 +0000] "GET /admin_assets/plugins/overlayScrollbars/js/jquery.overlayScrollbars.min.js HTTP/1.1" 304 - "http://localhost:5000/admin/blog/add" "Mozilla/5.0 (X11; Linux x86_64) AppleWebKit/537.36 (KHTML, like Gecko) Chrome/89.0.4389.82 Safari/537.36"
::1 - - [21/Apr/2021:08:36:45 +0000] "GET /admin_assets/js/adminlte.js HTTP/1.1" 304 - "http://localhost:5000/admin/blog/add" "Mozilla/5.0 (X11; Linux x86_64) AppleWebKit/537.36 (KHTML, like Gecko) Chrome/89.0.4389.82 Safari/537.36"
::1 - - [21/Apr/2021:08:36:45 +0000] "GET /admin_assets/plugins/datatables/jquery.dataTables.js HTTP/1.1" 304 - "http://localhost:5000/admin/blog/add" "Mozilla/5.0 (X11; Linux x86_64) AppleWebKit/537.36 (KHTML, like Gecko) Chrome/89.0.4389.82 Safari/537.36"
::1 - - [21/Apr/2021:08:36:45 +0000] "GET /admin_assets/plugins/datatables-bs4/js/dataTables.bootstrap4.js HTTP/1.1" 304 - "http://localhost:5000/admin/blog/add" "Mozilla/5.0 (X11; Linux x86_64) AppleWebKit/537.36 (KHTML, like Gecko) Chrome/89.0.4389.82 Safari/537.36"
::1 - - [21/Apr/2021:08:36:45 +0000] "GET /admin_assets/plugins/moment/moment.min.js HTTP/1.1" 304 - "http://localhost:5000/admin/blog/add" "Mozilla/5.0 (X11; Linux x86_64) AppleWebKit/537.36 (KHTML, like Gecko) Chrome/89.0.4389.82 Safari/537.36"
::1 - - [21/Apr/2021:08:36:45 +0000] "GET /admin_assets/js/dashboard.js HTTP/1.1" 304 - "http://localhost:5000/admin/blog/add" "Mozilla/5.0 (X11; Linux x86_64) AppleWebKit/537.36 (KHTML, like Gecko) Chrome/89.0.4389.82 Safari/537.36"
::1 - - [21/Apr/2021:08:36:45 +0000] "GET /admin_assets/js/validation.js HTTP/1.1" 304 - "http://localhost:5000/admin/blog/add" "Mozilla/5.0 (X11; Linux x86_64) AppleWebKit/537.36 (KHTML, like Gecko) Chrome/89.0.4389.82 Safari/537.36"
::1 - - [21/Apr/2021:08:36:45 +0000] "GET /admin_assets/img/AdminLTELogo.png HTTP/1.1" 304 - "http://localhost:5000/admin/blog/add" "Mozilla/5.0 (X11; Linux x86_64) AppleWebKit/537.36 (KHTML, like Gecko) Chrome/89.0.4389.82 Safari/537.36"
::1 - - [21/Apr/2021:08:36:45 +0000] "GET /admin_assets/img/user2-160x160.jpg HTTP/1.1" 304 - "http://localhost:5000/admin/blog/add" "Mozilla/5.0 (X11; Linux x86_64) AppleWebKit/537.36 (KHTML, like Gecko) Chrome/89.0.4389.82 Safari/537.36"
::1 - - [21/Apr/2021:08:40:22 +0000] "GET /admin_assets/plugins/fontawesome-free/css/all.min.css HTTP/1.1" 304 - "http://localhost:5000/admin/blog/add" "Mozilla/5.0 (X11; Linux x86_64) AppleWebKit/537.36 (KHTML, like Gecko) Chrome/89.0.4389.82 Safari/537.36"
::1 - - [21/Apr/2021:08:40:22 +0000] "GET /admin_assets/plugins/overlayScrollbars/css/OverlayScrollbars.min.css HTTP/1.1" 304 - "http://localhost:5000/admin/blog/add" "Mozilla/5.0 (X11; Linux x86_64) AppleWebKit/537.36 (KHTML, like Gecko) Chrome/89.0.4389.82 Safari/537.36"
::1 - - [21/Apr/2021:08:40:22 +0000] "GET /admin_assets/plugins/datatables-bs4/css/dataTables.bootstrap4.css HTTP/1.1" 304 - "http://localhost:5000/admin/blog/add" "Mozilla/5.0 (X11; Linux x86_64) AppleWebKit/537.36 (KHTML, like Gecko) Chrome/89.0.4389.82 Safari/537.36"
::1 - - [21/Apr/2021:08:40:23 +0000] "GET /admin_assets/css/adminlte.min.css HTTP/1.1" 304 - "http://localhost:5000/admin/blog/add" "Mozilla/5.0 (X11; Linux x86_64) AppleWebKit/537.36 (KHTML, like Gecko) Chrome/89.0.4389.82 Safari/537.36"
::1 - - [21/Apr/2021:08:40:23 +0000] "GET /admin_assets/js/adminlte.js.map HTTP/1.1" 404 170 "-" "Mozilla/5.0 (X11; Linux x86_64) AppleWebKit/537.36 (KHTML, like Gecko) Chrome/89.0.4389.82 Safari/537.36"
::1 - - [21/Apr/2021:08:40:23 +0000] "GET /admin_assets/plugins/bootstrap/js/bootstrap.bundle.min.js.map HTTP/1.1" 200 311949 "-" "Mozilla/5.0 (X11; Linux x86_64) AppleWebKit/537.36 (KHTML, like Gecko) Chrome/89.0.4389.82 Safari/537.36"
::1 - - [21/Apr/2021:08:40:24 +0000] "GET /admin_assets/css/adminlte.min.css.map HTTP/1.1" 200 2061805 "-" "Mozilla/5.0 (X11; Linux x86_64) AppleWebKit/537.36 (KHTML, like Gecko) Chrome/89.0.4389.82 Safari/537.36"
::1 - - [21/Apr/2021:08:40:46 +0000] "POST /admin/blog/add HTTP/1.1" 302 74 "http://localhost:5000/admin/blog/add" "Mozilla/5.0 (X11; Linux x86_64) AppleWebKit/537.36 (KHTML, like Gecko) Chrome/89.0.4389.82 Safari/537.36"
::1 - - [21/Apr/2021:08:40:46 +0000] "GET /admin/blog/add HTTP/1.1" 200 23622 "http://localhost:5000/admin/blog/add" "Mozilla/5.0 (X11; Linux x86_64) AppleWebKit/537.36 (KHTML, like Gecko) Chrome/89.0.4389.82 Safari/537.36"
::1 - - [21/Apr/2021:08:40:46 +0000] "GET /admin_assets/plugins/fontawesome-free/css/all.min.css HTTP/1.1" 304 - "http://localhost:5000/admin/blog/add" "Mozilla/5.0 (X11; Linux x86_64) AppleWebKit/537.36 (KHTML, like Gecko) Chrome/89.0.4389.82 Safari/537.36"
::1 - - [21/Apr/2021:08:40:46 +0000] "GET /admin_assets/plugins/overlayScrollbars/css/OverlayScrollbars.min.css HTTP/1.1" 304 - "http://localhost:5000/admin/blog/add" "Mozilla/5.0 (X11; Linux x86_64) AppleWebKit/537.36 (KHTML, like Gecko) Chrome/89.0.4389.82 Safari/537.36"
::1 - - [21/Apr/2021:08:40:46 +0000] "GET /admin_assets/plugins/datatables-bs4/css/dataTables.bootstrap4.css HTTP/1.1" 304 - "http://localhost:5000/admin/blog/add" "Mozilla/5.0 (X11; Linux x86_64) AppleWebKit/537.36 (KHTML, like Gecko) Chrome/89.0.4389.82 Safari/537.36"
::1 - - [21/Apr/2021:08:40:46 +0000] "GET /admin_assets/css/adminlte.min.css HTTP/1.1" 304 - "http://localhost:5000/admin/blog/add" "Mozilla/5.0 (X11; Linux x86_64) AppleWebKit/537.36 (KHTML, like Gecko) Chrome/89.0.4389.82 Safari/537.36"
::1 - - [21/Apr/2021:08:40:46 +0000] "GET /admin_assets/plugins/jquery/jquery.min.js HTTP/1.1" 304 - "http://localhost:5000/admin/blog/add" "Mozilla/5.0 (X11; Linux x86_64) AppleWebKit/537.36 (KHTML, like Gecko) Chrome/89.0.4389.82 Safari/537.36"
::1 - - [21/Apr/2021:08:40:46 +0000] "GET /admin_assets/plugins/bootstrap/js/bootstrap.bundle.min.js HTTP/1.1" 304 - "http://localhost:5000/admin/blog/add" "Mozilla/5.0 (X11; Linux x86_64) AppleWebKit/537.36 (KHTML, like Gecko) Chrome/89.0.4389.82 Safari/537.36"
::1 - - [21/Apr/2021:08:40:46 +0000] "GET /admin_assets/js/adminlte.js HTTP/1.1" 304 - "http://localhost:5000/admin/blog/add" "Mozilla/5.0 (X11; Linux x86_64) AppleWebKit/537.36 (KHTML, like Gecko) Chrome/89.0.4389.82 Safari/537.36"
::1 - - [21/Apr/2021:08:40:46 +0000] "GET /admin_assets/plugins/overlayScrollbars/js/jquery.overlayScrollbars.min.js HTTP/1.1" 304 - "http://localhost:5000/admin/blog/add" "Mozilla/5.0 (X11; Linux x86_64) AppleWebKit/537.36 (KHTML, like Gecko) Chrome/89.0.4389.82 Safari/537.36"
::1 - - [21/Apr/2021:08:40:46 +0000] "GET /admin_assets/plugins/moment/moment.min.js HTTP/1.1" 304 - "http://localhost:5000/admin/blog/add" "Mozilla/5.0 (X11; Linux x86_64) AppleWebKit/537.36 (KHTML, like Gecko) Chrome/89.0.4389.82 Safari/537.36"
::1 - - [21/Apr/2021:08:40:46 +0000] "GET /admin_assets/js/dashboard.js HTTP/1.1" 304 - "http://localhost:5000/admin/blog/add" "Mozilla/5.0 (X11; Linux x86_64) AppleWebKit/537.36 (KHTML, like Gecko) Chrome/89.0.4389.82 Safari/537.36"
::1 - - [21/Apr/2021:08:40:46 +0000] "GET /admin_assets/js/validation.js HTTP/1.1" 304 - "http://localhost:5000/admin/blog/add" "Mozilla/5.0 (X11; Linux x86_64) AppleWebKit/537.36 (KHTML, like Gecko) Chrome/89.0.4389.82 Safari/537.36"
::1 - - [21/Apr/2021:08:40:46 +0000] "GET /admin_assets/img/AdminLTELogo.png HTTP/1.1" 304 - "http://localhost:5000/admin/blog/add" "Mozilla/5.0 (X11; Linux x86_64) AppleWebKit/537.36 (KHTML, like Gecko) Chrome/89.0.4389.82 Safari/537.36"
::1 - - [21/Apr/2021:08:40:46 +0000] "GET /admin_assets/img/user2-160x160.jpg HTTP/1.1" 304 - "http://localhost:5000/admin/blog/add" "Mozilla/5.0 (X11; Linux x86_64) AppleWebKit/537.36 (KHTML, like Gecko) Chrome/89.0.4389.82 Safari/537.36"
::1 - - [21/Apr/2021:08:40:46 +0000] "GET /admin_assets/plugins/datatables-bs4/js/dataTables.bootstrap4.js HTTP/1.1" 304 - "http://localhost:5000/admin/blog/add" "Mozilla/5.0 (X11; Linux x86_64) AppleWebKit/537.36 (KHTML, like Gecko) Chrome/89.0.4389.82 Safari/537.36"
::1 - - [21/Apr/2021:08:40:46 +0000] "GET /admin_assets/plugins/datatables/jquery.dataTables.js HTTP/1.1" 304 - "http://localhost:5000/admin/blog/add" "Mozilla/5.0 (X11; Linux x86_64) AppleWebKit/537.36 (KHTML, like Gecko) Chrome/89.0.4389.82 Safari/537.36"
::1 - - [21/Apr/2021:08:40:47 +0000] "GET /admin_assets/plugins/fontawesome-free/webfonts/fa-regular-400.woff2 HTTP/1.1" 304 - "http://localhost:5000/admin_assets/plugins/fontawesome-free/css/all.min.css" "Mozilla/5.0 (X11; Linux x86_64) AppleWebKit/537.36 (KHTML, like Gecko) Chrome/89.0.4389.82 Safari/537.36"
::1 - - [21/Apr/2021:08:40:47 +0000] "GET /admin_assets/plugins/fontawesome-free/webfonts/fa-solid-900.woff2 HTTP/1.1" 304 - "http://localhost:5000/admin_assets/plugins/fontawesome-free/css/all.min.css" "Mozilla/5.0 (X11; Linux x86_64) AppleWebKit/537.36 (KHTML, like Gecko) Chrome/89.0.4389.82 Safari/537.36"
::1 - - [21/Apr/2021:08:45:23 +0000] "GET /admin/blog/add HTTP/1.1" 302 70 "-" "Mozilla/5.0 (X11; Linux x86_64) AppleWebKit/537.36 (KHTML, like Gecko) Chrome/89.0.4389.82 Safari/537.36"
::1 - - [21/Apr/2021:08:45:23 +0000] "GET /admin/logout HTTP/1.1" 302 68 "-" "Mozilla/5.0 (X11; Linux x86_64) AppleWebKit/537.36 (KHTML, like Gecko) Chrome/89.0.4389.82 Safari/537.36"
::1 - - [21/Apr/2021:08:45:23 +0000] "GET /admin/login HTTP/1.1" 200 3424 "-" "Mozilla/5.0 (X11; Linux x86_64) AppleWebKit/537.36 (KHTML, like Gecko) Chrome/89.0.4389.82 Safari/537.36"
::1 - - [21/Apr/2021:08:45:25 +0000] "GET /admin_assets/js/adminlte.min.js HTTP/1.1" 404 170 "http://localhost:5000/admin/login" "Mozilla/5.0 (X11; Linux x86_64) AppleWebKit/537.36 (KHTML, like Gecko) Chrome/89.0.4389.82 Safari/537.36"
::1 - - [21/Apr/2021:08:45:25 +0000] "GET /admin_assets/plugins/icheck-bootstrap/icheck-bootstrap.min.css HTTP/1.1" 404 201 "http://localhost:5000/admin/login" "Mozilla/5.0 (X11; Linux x86_64) AppleWebKit/537.36 (KHTML, like Gecko) Chrome/89.0.4389.82 Safari/537.36"
::1 - - [21/Apr/2021:08:45:26 +0000] "GET /admin_assets/css/adminlte.min.css HTTP/1.1" 304 - "http://localhost:5000/admin/login" "Mozilla/5.0 (X11; Linux x86_64) AppleWebKit/537.36 (KHTML, like Gecko) Chrome/89.0.4389.82 Safari/537.36"
::1 - - [21/Apr/2021:08:45:26 +0000] "GET /admin_assets/plugins/fontawesome-free/css/all.min.css HTTP/1.1" 304 - "http://localhost:5000/admin/login" "Mozilla/5.0 (X11; Linux x86_64) AppleWebKit/537.36 (KHTML, like Gecko) Chrome/89.0.4389.82 Safari/537.36"
::1 - - [21/Apr/2021:08:45:26 +0000] "GET /admin_assets/plugins/jquery/jquery.min.js HTTP/1.1" 304 - "http://localhost:5000/admin/login" "Mozilla/5.0 (X11; Linux x86_64) AppleWebKit/537.36 (KHTML, like Gecko) Chrome/89.0.4389.82 Safari/537.36"
::1 - - [21/Apr/2021:08:45:26 +0000] "GET /admin_assets/plugins/bootstrap/js/bootstrap.bundle.min.js HTTP/1.1" 304 - "http://localhost:5000/admin/login" "Mozilla/5.0 (X11; Linux x86_64) AppleWebKit/537.36 (KHTML, like Gecko) Chrome/89.0.4389.82 Safari/537.36"
::1 - - [21/Apr/2021:08:45:27 +0000] "GET /admin_assets/plugins/fontawesome-free/webfonts/fa-solid-900.woff2 HTTP/1.1" 304 - "http://localhost:5000/admin_assets/plugins/fontawesome-free/css/all.min.css" "Mozilla/5.0 (X11; Linux x86_64) AppleWebKit/537.36 (KHTML, like Gecko) Chrome/89.0.4389.82 Safari/537.36"
::1 - - [21/Apr/2021:08:45:27 +0000] "GET /admin_assets/js/adminlte.min.js HTTP/1.1" 404 170 "http://localhost:5000/admin/login" "Mozilla/5.0 (X11; Linux x86_64) AppleWebKit/537.36 (KHTML, like Gecko) Chrome/89.0.4389.82 Safari/537.36"
::1 - - [21/Apr/2021:08:45:36 +0000] "POST /admin/login HTTP/1.1" 302 76 "http://localhost:5000/admin/login" "Mozilla/5.0 (X11; Linux x86_64) AppleWebKit/537.36 (KHTML, like Gecko) Chrome/89.0.4389.82 Safari/537.36"
::1 - - [21/Apr/2021:08:45:37 +0000] "GET /admin/dashboard HTTP/1.1" 304 - "http://localhost:5000/admin/login" "Mozilla/5.0 (X11; Linux x86_64) AppleWebKit/537.36 (KHTML, like Gecko) Chrome/89.0.4389.82 Safari/537.36"
::1 - - [21/Apr/2021:08:45:38 +0000] "GET /admin_assets/plugins/fontawesome-free/css/all.min.css HTTP/1.1" 304 - "http://localhost:5000/admin/dashboard" "Mozilla/5.0 (X11; Linux x86_64) AppleWebKit/537.36 (KHTML, like Gecko) Chrome/89.0.4389.82 Safari/537.36"
::1 - - [21/Apr/2021:08:45:38 +0000] "GET /admin_assets/css/adminlte.min.css HTTP/1.1" 304 - "http://localhost:5000/admin/dashboard" "Mozilla/5.0 (X11; Linux x86_64) AppleWebKit/537.36 (KHTML, like Gecko) Chrome/89.0.4389.82 Safari/537.36"
::1 - - [21/Apr/2021:08:45:38 +0000] "GET /admin_assets/plugins/jquery/jquery.min.js HTTP/1.1" 304 - "http://localhost:5000/admin/dashboard" "Mozilla/5.0 (X11; Linux x86_64) AppleWebKit/537.36 (KHTML, like Gecko) Chrome/89.0.4389.82 Safari/537.36"
::1 - - [21/Apr/2021:08:45:38 +0000] "GET /admin_assets/plugins/bootstrap/js/bootstrap.bundle.min.js HTTP/1.1" 304 - "http://localhost:5000/admin/dashboard" "Mozilla/5.0 (X11; Linux x86_64) AppleWebKit/537.36 (KHTML, like Gecko) Chrome/89.0.4389.82 Safari/537.36"
::1 - - [21/Apr/2021:08:45:38 +0000] "GET /admin_assets/js/adminlte.js HTTP/1.1" 304 - "http://localhost:5000/admin/dashboard" "Mozilla/5.0 (X11; Linux x86_64) AppleWebKit/537.36 (KHTML, like Gecko) Chrome/89.0.4389.82 Safari/537.36"
::1 - - [21/Apr/2021:08:45:38 +0000] "GET /admin_assets/plugins/overlayScrollbars/css/OverlayScrollbars.min.css HTTP/1.1" 304 - "http://localhost:5000/admin/dashboard" "Mozilla/5.0 (X11; Linux x86_64) AppleWebKit/537.36 (KHTML, like Gecko) Chrome/89.0.4389.82 Safari/537.36"
::1 - - [21/Apr/2021:08:45:38 +0000] "GET /admin_assets/plugins/overlayScrollbars/js/jquery.overlayScrollbars.min.js HTTP/1.1" 304 - "http://localhost:5000/admin/dashboard" "Mozilla/5.0 (X11; Linux x86_64) AppleWebKit/537.36 (KHTML, like Gecko) Chrome/89.0.4389.82 Safari/537.36"
::1 - - [21/Apr/2021:08:45:38 +0000] "GET /admin_assets/plugins/datatables-bs4/css/dataTables.bootstrap4.css HTTP/1.1" 304 - "http://localhost:5000/admin/dashboard" "Mozilla/5.0 (X11; Linux x86_64) AppleWebKit/537.36 (KHTML, like Gecko) Chrome/89.0.4389.82 Safari/537.36"
::1 - - [21/Apr/2021:08:45:38 +0000] "GET /admin_assets/img/AdminLTELogo.png HTTP/1.1" 304 - "http://localhost:5000/admin/dashboard" "Mozilla/5.0 (X11; Linux x86_64) AppleWebKit/537.36 (KHTML, like Gecko) Chrome/89.0.4389.82 Safari/537.36"
::1 - - [21/Apr/2021:08:45:38 +0000] "GET /admin_assets/js/validation.js HTTP/1.1" 304 - "http://localhost:5000/admin/dashboard" "Mozilla/5.0 (X11; Linux x86_64) AppleWebKit/537.36 (KHTML, like Gecko) Chrome/89.0.4389.82 Safari/537.36"
::1 - - [21/Apr/2021:08:45:38 +0000] "GET /admin_assets/js/dashboard.js HTTP/1.1" 304 - "http://localhost:5000/admin/dashboard" "Mozilla/5.0 (X11; Linux x86_64) AppleWebKit/537.36 (KHTML, like Gecko) Chrome/89.0.4389.82 Safari/537.36"
::1 - - [21/Apr/2021:08:45:38 +0000] "GET /admin_assets/img/user2-160x160.jpg HTTP/1.1" 304 - "http://localhost:5000/admin/dashboard" "Mozilla/5.0 (X11; Linux x86_64) AppleWebKit/537.36 (KHTML, like Gecko) Chrome/89.0.4389.82 Safari/537.36"
::1 - - [21/Apr/2021:08:45:38 +0000] "GET /admin_assets/plugins/datatables-bs4/js/dataTables.bootstrap4.js HTTP/1.1" 304 - "http://localhost:5000/admin/dashboard" "Mozilla/5.0 (X11; Linux x86_64) AppleWebKit/537.36 (KHTML, like Gecko) Chrome/89.0.4389.82 Safari/537.36"
::1 - - [21/Apr/2021:08:45:38 +0000] "GET /admin_assets/plugins/moment/moment.min.js HTTP/1.1" 304 - "http://localhost:5000/admin/dashboard" "Mozilla/5.0 (X11; Linux x86_64) AppleWebKit/537.36 (KHTML, like Gecko) Chrome/89.0.4389.82 Safari/537.36"
::1 - - [21/Apr/2021:08:45:38 +0000] "GET /admin_assets/plugins/datatables/jquery.dataTables.js HTTP/1.1" 304 - "http://localhost:5000/admin/dashboard" "Mozilla/5.0 (X11; Linux x86_64) AppleWebKit/537.36 (KHTML, like Gecko) Chrome/89.0.4389.82 Safari/537.36"
::1 - - [21/Apr/2021:08:45:39 +0000] "GET /admin_assets/plugins/fontawesome-free/webfonts/fa-regular-400.woff2 HTTP/1.1" 304 - "http://localhost:5000/admin_assets/plugins/fontawesome-free/css/all.min.css" "Mozilla/5.0 (X11; Linux x86_64) AppleWebKit/537.36 (KHTML, like Gecko) Chrome/89.0.4389.82 Safari/537.36"
::1 - - [21/Apr/2021:08:45:39 +0000] "GET /web_assets/assets/img/favicon.png HTTP/1.1" 304 - "http://localhost:5000/admin/dashboard" "Mozilla/5.0 (X11; Linux x86_64) AppleWebKit/537.36 (KHTML, like Gecko) Chrome/89.0.4389.82 Safari/537.36"
::1 - - [21/Apr/2021:08:45:44 +0000] "GET /admin/blog/list HTTP/1.1" 304 - "http://localhost:5000/admin/dashboard" "Mozilla/5.0 (X11; Linux x86_64) AppleWebKit/537.36 (KHTML, like Gecko) Chrome/89.0.4389.82 Safari/537.36"
::1 - - [21/Apr/2021:08:45:44 +0000] "GET /admin_assets/plugins/fontawesome-free/css/all.min.css HTTP/1.1" 304 - "http://localhost:5000/admin/blog/list" "Mozilla/5.0 (X11; Linux x86_64) AppleWebKit/537.36 (KHTML, like Gecko) Chrome/89.0.4389.82 Safari/537.36"
::1 - - [21/Apr/2021:08:45:44 +0000] "GET /admin_assets/plugins/overlayScrollbars/css/OverlayScrollbars.min.css HTTP/1.1" 304 - "http://localhost:5000/admin/blog/list" "Mozilla/5.0 (X11; Linux x86_64) AppleWebKit/537.36 (KHTML, like Gecko) Chrome/89.0.4389.82 Safari/537.36"
::1 - - [21/Apr/2021:08:45:44 +0000] "GET /admin_assets/plugins/datatables-bs4/css/dataTables.bootstrap4.css HTTP/1.1" 304 - "http://localhost:5000/admin/blog/list" "Mozilla/5.0 (X11; Linux x86_64) AppleWebKit/537.36 (KHTML, like Gecko) Chrome/89.0.4389.82 Safari/537.36"
::1 - - [21/Apr/2021:08:45:44 +0000] "GET /admin_assets/css/adminlte.min.css HTTP/1.1" 304 - "http://localhost:5000/admin/blog/list" "Mozilla/5.0 (X11; Linux x86_64) AppleWebKit/537.36 (KHTML, like Gecko) Chrome/89.0.4389.82 Safari/537.36"
::1 - - [21/Apr/2021:08:45:44 +0000] "GET /admin_assets/img/AdminLTELogo.png HTTP/1.1" 304 - "http://localhost:5000/admin/blog/list" "Mozilla/5.0 (X11; Linux x86_64) AppleWebKit/537.36 (KHTML, like Gecko) Chrome/89.0.4389.82 Safari/537.36"
::1 - - [21/Apr/2021:08:45:44 +0000] "GET /admin_assets/img/user2-160x160.jpg HTTP/1.1" 304 - "http://localhost:5000/admin/blog/list" "Mozilla/5.0 (X11; Linux x86_64) AppleWebKit/537.36 (KHTML, like Gecko) Chrome/89.0.4389.82 Safari/537.36"
::1 - - [21/Apr/2021:08:45:44 +0000] "GET /admin_assets/plugins/jquery/jquery.min.js HTTP/1.1" 304 - "http://localhost:5000/admin/blog/list" "Mozilla/5.0 (X11; Linux x86_64) AppleWebKit/537.36 (KHTML, like Gecko) Chrome/89.0.4389.82 Safari/537.36"
::1 - - [21/Apr/2021:08:45:44 +0000] "GET /admin_assets/plugins/bootstrap/js/bootstrap.bundle.min.js HTTP/1.1" 304 - "http://localhost:5000/admin/blog/list" "Mozilla/5.0 (X11; Linux x86_64) AppleWebKit/537.36 (KHTML, like Gecko) Chrome/89.0.4389.82 Safari/537.36"
::1 - - [21/Apr/2021:08:45:44 +0000] "GET /admin_assets/plugins/overlayScrollbars/js/jquery.overlayScrollbars.min.js HTTP/1.1" 304 - "http://localhost:5000/admin/blog/list" "Mozilla/5.0 (X11; Linux x86_64) AppleWebKit/537.36 (KHTML, like Gecko) Chrome/89.0.4389.82 Safari/537.36"
::1 - - [21/Apr/2021:08:45:44 +0000] "GET /admin_assets/js/adminlte.js HTTP/1.1" 304 - "http://localhost:5000/admin/blog/list" "Mozilla/5.0 (X11; Linux x86_64) AppleWebKit/537.36 (KHTML, like Gecko) Chrome/89.0.4389.82 Safari/537.36"
::1 - - [21/Apr/2021:08:45:44 +0000] "GET /admin_assets/plugins/datatables/jquery.dataTables.js HTTP/1.1" 304 - "http://localhost:5000/admin/blog/list" "Mozilla/5.0 (X11; Linux x86_64) AppleWebKit/537.36 (KHTML, like Gecko) Chrome/89.0.4389.82 Safari/537.36"
::1 - - [21/Apr/2021:08:45:44 +0000] "GET /admin_assets/plugins/datatables-bs4/js/dataTables.bootstrap4.js HTTP/1.1" 304 - "http://localhost:5000/admin/blog/list" "Mozilla/5.0 (X11; Linux x86_64) AppleWebKit/537.36 (KHTML, like Gecko) Chrome/89.0.4389.82 Safari/537.36"
::1 - - [21/Apr/2021:08:45:44 +0000] "GET /admin_assets/plugins/moment/moment.min.js HTTP/1.1" 304 - "http://localhost:5000/admin/blog/list" "Mozilla/5.0 (X11; Linux x86_64) AppleWebKit/537.36 (KHTML, like Gecko) Chrome/89.0.4389.82 Safari/537.36"
::1 - - [21/Apr/2021:08:45:44 +0000] "GET /admin_assets/js/dashboard.js HTTP/1.1" 304 - "http://localhost:5000/admin/blog/list" "Mozilla/5.0 (X11; Linux x86_64) AppleWebKit/537.36 (KHTML, like Gecko) Chrome/89.0.4389.82 Safari/537.36"
::1 - - [21/Apr/2021:08:45:44 +0000] "GET /admin_assets/js/validation.js HTTP/1.1" 304 - "http://localhost:5000/admin/blog/list" "Mozilla/5.0 (X11; Linux x86_64) AppleWebKit/537.36 (KHTML, like Gecko) Chrome/89.0.4389.82 Safari/537.36"
::1 - - [21/Apr/2021:08:45:46 +0000] "GET /admin_assets/plugins/fontawesome-free/webfonts/fa-solid-900.woff2 HTTP/1.1" 304 - "http://localhost:5000/admin_assets/plugins/fontawesome-free/css/all.min.css" "Mozilla/5.0 (X11; Linux x86_64) AppleWebKit/537.36 (KHTML, like Gecko) Chrome/89.0.4389.82 Safari/537.36"
::1 - - [21/Apr/2021:08:45:46 +0000] "GET /admin_assets/plugins/fontawesome-free/webfonts/fa-regular-400.woff2 HTTP/1.1" 304 - "http://localhost:5000/admin_assets/plugins/fontawesome-free/css/all.min.css" "Mozilla/5.0 (X11; Linux x86_64) AppleWebKit/537.36 (KHTML, like Gecko) Chrome/89.0.4389.82 Safari/537.36"
::1 - - [21/Apr/2021:08:45:47 +0000] "GET /admin/blog/add HTTP/1.1" 200 23240 "http://localhost:5000/admin/blog/list" "Mozilla/5.0 (X11; Linux x86_64) AppleWebKit/537.36 (KHTML, like Gecko) Chrome/89.0.4389.82 Safari/537.36"
::1 - - [21/Apr/2021:08:45:47 +0000] "GET /admin_assets/plugins/fontawesome-free/css/all.min.css HTTP/1.1" 304 - "http://localhost:5000/admin/blog/add" "Mozilla/5.0 (X11; Linux x86_64) AppleWebKit/537.36 (KHTML, like Gecko) Chrome/89.0.4389.82 Safari/537.36"
::1 - - [21/Apr/2021:08:45:47 +0000] "GET /admin_assets/plugins/overlayScrollbars/css/OverlayScrollbars.min.css HTTP/1.1" 304 - "http://localhost:5000/admin/blog/add" "Mozilla/5.0 (X11; Linux x86_64) AppleWebKit/537.36 (KHTML, like Gecko) Chrome/89.0.4389.82 Safari/537.36"
::1 - - [21/Apr/2021:08:45:47 +0000] "GET /admin_assets/plugins/datatables-bs4/css/dataTables.bootstrap4.css HTTP/1.1" 304 - "http://localhost:5000/admin/blog/add" "Mozilla/5.0 (X11; Linux x86_64) AppleWebKit/537.36 (KHTML, like Gecko) Chrome/89.0.4389.82 Safari/537.36"
::1 - - [21/Apr/2021:08:45:47 +0000] "GET /admin_assets/css/adminlte.min.css HTTP/1.1" 304 - "http://localhost:5000/admin/blog/add" "Mozilla/5.0 (X11; Linux x86_64) AppleWebKit/537.36 (KHTML, like Gecko) Chrome/89.0.4389.82 Safari/537.36"
::1 - - [21/Apr/2021:08:45:47 +0000] "GET /admin_assets/plugins/jquery/jquery.min.js HTTP/1.1" 304 - "http://localhost:5000/admin/blog/add" "Mozilla/5.0 (X11; Linux x86_64) AppleWebKit/537.36 (KHTML, like Gecko) Chrome/89.0.4389.82 Safari/537.36"
::1 - - [21/Apr/2021:08:45:47 +0000] "GET /admin_assets/plugins/bootstrap/js/bootstrap.bundle.min.js HTTP/1.1" 304 - "http://localhost:5000/admin/blog/add" "Mozilla/5.0 (X11; Linux x86_64) AppleWebKit/537.36 (KHTML, like Gecko) Chrome/89.0.4389.82 Safari/537.36"
::1 - - [21/Apr/2021:08:45:47 +0000] "GET /admin_assets/plugins/overlayScrollbars/js/jquery.overlayScrollbars.min.js HTTP/1.1" 304 - "http://localhost:5000/admin/blog/add" "Mozilla/5.0 (X11; Linux x86_64) AppleWebKit/537.36 (KHTML, like Gecko) Chrome/89.0.4389.82 Safari/537.36"
::1 - - [21/Apr/2021:08:45:47 +0000] "GET /admin_assets/js/adminlte.js HTTP/1.1" 304 - "http://localhost:5000/admin/blog/add" "Mozilla/5.0 (X11; Linux x86_64) AppleWebKit/537.36 (KHTML, like Gecko) Chrome/89.0.4389.82 Safari/537.36"
::1 - - [21/Apr/2021:08:45:47 +0000] "GET /admin_assets/plugins/datatables/jquery.dataTables.js HTTP/1.1" 304 - "http://localhost:5000/admin/blog/add" "Mozilla/5.0 (X11; Linux x86_64) AppleWebKit/537.36 (KHTML, like Gecko) Chrome/89.0.4389.82 Safari/537.36"
::1 - - [21/Apr/2021:08:45:47 +0000] "GET /admin_assets/plugins/datatables-bs4/js/dataTables.bootstrap4.js HTTP/1.1" 304 - "http://localhost:5000/admin/blog/add" "Mozilla/5.0 (X11; Linux x86_64) AppleWebKit/537.36 (KHTML, like Gecko) Chrome/89.0.4389.82 Safari/537.36"
::1 - - [21/Apr/2021:08:45:47 +0000] "GET /admin_assets/plugins/moment/moment.min.js HTTP/1.1" 304 - "http://localhost:5000/admin/blog/add" "Mozilla/5.0 (X11; Linux x86_64) AppleWebKit/537.36 (KHTML, like Gecko) Chrome/89.0.4389.82 Safari/537.36"
::1 - - [21/Apr/2021:08:45:47 +0000] "GET /admin_assets/js/dashboard.js HTTP/1.1" 304 - "http://localhost:5000/admin/blog/add" "Mozilla/5.0 (X11; Linux x86_64) AppleWebKit/537.36 (KHTML, like Gecko) Chrome/89.0.4389.82 Safari/537.36"
::1 - - [21/Apr/2021:08:45:47 +0000] "GET /admin_assets/js/validation.js HTTP/1.1" 304 - "http://localhost:5000/admin/blog/add" "Mozilla/5.0 (X11; Linux x86_64) AppleWebKit/537.36 (KHTML, like Gecko) Chrome/89.0.4389.82 Safari/537.36"
::1 - - [21/Apr/2021:08:45:47 +0000] "GET /admin_assets/img/AdminLTELogo.png HTTP/1.1" 304 - "http://localhost:5000/admin/blog/add" "Mozilla/5.0 (X11; Linux x86_64) AppleWebKit/537.36 (KHTML, like Gecko) Chrome/89.0.4389.82 Safari/537.36"
::1 - - [21/Apr/2021:08:45:47 +0000] "GET /admin_assets/img/user2-160x160.jpg HTTP/1.1" 304 - "http://localhost:5000/admin/blog/add" "Mozilla/5.0 (X11; Linux x86_64) AppleWebKit/537.36 (KHTML, like Gecko) Chrome/89.0.4389.82 Safari/537.36"
::1 - - [21/Apr/2021:08:45:47 +0000] "GET /admin_assets/plugins/fontawesome-free/webfonts/fa-solid-900.woff2 HTTP/1.1" 304 - "http://localhost:5000/admin_assets/plugins/fontawesome-free/css/all.min.css" "Mozilla/5.0 (X11; Linux x86_64) AppleWebKit/537.36 (KHTML, like Gecko) Chrome/89.0.4389.82 Safari/537.36"
::1 - - [21/Apr/2021:08:45:47 +0000] "GET /admin_assets/plugins/fontawesome-free/webfonts/fa-regular-400.woff2 HTTP/1.1" 304 - "http://localhost:5000/admin_assets/plugins/fontawesome-free/css/all.min.css" "Mozilla/5.0 (X11; Linux x86_64) AppleWebKit/537.36 (KHTML, like Gecko) Chrome/89.0.4389.82 Safari/537.36"
::1 - - [21/Apr/2021:08:46:42 +0000] "POST /admin/blog/add HTTP/1.1" 302 74 "http://localhost:5000/admin/blog/add" "Mozilla/5.0 (X11; Linux x86_64) AppleWebKit/537.36 (KHTML, like Gecko) Chrome/89.0.4389.82 Safari/537.36"
::1 - - [21/Apr/2021:08:46:42 +0000] "GET /admin/blog/add HTTP/1.1" 200 23622 "http://localhost:5000/admin/blog/add" "Mozilla/5.0 (X11; Linux x86_64) AppleWebKit/537.36 (KHTML, like Gecko) Chrome/89.0.4389.82 Safari/537.36"
::1 - - [21/Apr/2021:08:46:42 +0000] "GET /admin_assets/plugins/fontawesome-free/css/all.min.css HTTP/1.1" 304 - "http://localhost:5000/admin/blog/add" "Mozilla/5.0 (X11; Linux x86_64) AppleWebKit/537.36 (KHTML, like Gecko) Chrome/89.0.4389.82 Safari/537.36"
::1 - - [21/Apr/2021:08:46:42 +0000] "GET /admin_assets/plugins/overlayScrollbars/css/OverlayScrollbars.min.css HTTP/1.1" 304 - "http://localhost:5000/admin/blog/add" "Mozilla/5.0 (X11; Linux x86_64) AppleWebKit/537.36 (KHTML, like Gecko) Chrome/89.0.4389.82 Safari/537.36"
::1 - - [21/Apr/2021:08:46:42 +0000] "GET /admin_assets/plugins/datatables-bs4/css/dataTables.bootstrap4.css HTTP/1.1" 304 - "http://localhost:5000/admin/blog/add" "Mozilla/5.0 (X11; Linux x86_64) AppleWebKit/537.36 (KHTML, like Gecko) Chrome/89.0.4389.82 Safari/537.36"
::1 - - [21/Apr/2021:08:46:42 +0000] "GET /admin_assets/css/adminlte.min.css HTTP/1.1" 304 - "http://localhost:5000/admin/blog/add" "Mozilla/5.0 (X11; Linux x86_64) AppleWebKit/537.36 (KHTML, like Gecko) Chrome/89.0.4389.82 Safari/537.36"
::1 - - [21/Apr/2021:08:46:42 +0000] "GET /admin_assets/plugins/jquery/jquery.min.js HTTP/1.1" 304 - "http://localhost:5000/admin/blog/add" "Mozilla/5.0 (X11; Linux x86_64) AppleWebKit/537.36 (KHTML, like Gecko) Chrome/89.0.4389.82 Safari/537.36"
::1 - - [21/Apr/2021:08:46:42 +0000] "GET /admin_assets/plugins/bootstrap/js/bootstrap.bundle.min.js HTTP/1.1" 304 - "http://localhost:5000/admin/blog/add" "Mozilla/5.0 (X11; Linux x86_64) AppleWebKit/537.36 (KHTML, like Gecko) Chrome/89.0.4389.82 Safari/537.36"
::1 - - [21/Apr/2021:08:46:42 +0000] "GET /admin_assets/plugins/overlayScrollbars/js/jquery.overlayScrollbars.min.js HTTP/1.1" 304 - "http://localhost:5000/admin/blog/add" "Mozilla/5.0 (X11; Linux x86_64) AppleWebKit/537.36 (KHTML, like Gecko) Chrome/89.0.4389.82 Safari/537.36"
::1 - - [21/Apr/2021:08:46:42 +0000] "GET /admin_assets/js/adminlte.js HTTP/1.1" 304 - "http://localhost:5000/admin/blog/add" "Mozilla/5.0 (X11; Linux x86_64) AppleWebKit/537.36 (KHTML, like Gecko) Chrome/89.0.4389.82 Safari/537.36"
::1 - - [21/Apr/2021:08:46:42 +0000] "GET /admin_assets/plugins/datatables/jquery.dataTables.js HTTP/1.1" 304 - "http://localhost:5000/admin/blog/add" "Mozilla/5.0 (X11; Linux x86_64) AppleWebKit/537.36 (KHTML, like Gecko) Chrome/89.0.4389.82 Safari/537.36"
::1 - - [21/Apr/2021:08:46:42 +0000] "GET /admin_assets/plugins/datatables-bs4/js/dataTables.bootstrap4.js HTTP/1.1" 304 - "http://localhost:5000/admin/blog/add" "Mozilla/5.0 (X11; Linux x86_64) AppleWebKit/537.36 (KHTML, like Gecko) Chrome/89.0.4389.82 Safari/537.36"
::1 - - [21/Apr/2021:08:46:42 +0000] "GET /admin_assets/plugins/moment/moment.min.js HTTP/1.1" 304 - "http://localhost:5000/admin/blog/add" "Mozilla/5.0 (X11; Linux x86_64) AppleWebKit/537.36 (KHTML, like Gecko) Chrome/89.0.4389.82 Safari/537.36"
::1 - - [21/Apr/2021:08:46:42 +0000] "GET /admin_assets/js/dashboard.js HTTP/1.1" 304 - "http://localhost:5000/admin/blog/add" "Mozilla/5.0 (X11; Linux x86_64) AppleWebKit/537.36 (KHTML, like Gecko) Chrome/89.0.4389.82 Safari/537.36"
::1 - - [21/Apr/2021:08:46:42 +0000] "GET /admin_assets/js/validation.js HTTP/1.1" 304 - "http://localhost:5000/admin/blog/add" "Mozilla/5.0 (X11; Linux x86_64) AppleWebKit/537.36 (KHTML, like Gecko) Chrome/89.0.4389.82 Safari/537.36"
::1 - - [21/Apr/2021:08:46:42 +0000] "GET /admin_assets/img/AdminLTELogo.png HTTP/1.1" 304 - "http://localhost:5000/admin/blog/add" "Mozilla/5.0 (X11; Linux x86_64) AppleWebKit/537.36 (KHTML, like Gecko) Chrome/89.0.4389.82 Safari/537.36"
::1 - - [21/Apr/2021:08:46:42 +0000] "GET /admin_assets/img/user2-160x160.jpg HTTP/1.1" 304 - "http://localhost:5000/admin/blog/add" "Mozilla/5.0 (X11; Linux x86_64) AppleWebKit/537.36 (KHTML, like Gecko) Chrome/89.0.4389.82 Safari/537.36"
::1 - - [21/Apr/2021:08:46:42 +0000] "GET /admin_assets/plugins/fontawesome-free/webfonts/fa-solid-900.woff2 HTTP/1.1" 304 - "http://localhost:5000/admin_assets/plugins/fontawesome-free/css/all.min.css" "Mozilla/5.0 (X11; Linux x86_64) AppleWebKit/537.36 (KHTML, like Gecko) Chrome/89.0.4389.82 Safari/537.36"
::1 - - [21/Apr/2021:08:46:42 +0000] "GET /admin_assets/plugins/fontawesome-free/webfonts/fa-regular-400.woff2 HTTP/1.1" 304 - "http://localhost:5000/admin_assets/plugins/fontawesome-free/css/all.min.css" "Mozilla/5.0 (X11; Linux x86_64) AppleWebKit/537.36 (KHTML, like Gecko) Chrome/89.0.4389.82 Safari/537.36"
::1 - - [21/Apr/2021:08:48:31 +0000] "POST /admin/blog/add HTTP/1.1" 302 76 "http://localhost:5000/admin/blog/add" "Mozilla/5.0 (X11; Linux x86_64) AppleWebKit/537.36 (KHTML, like Gecko) Chrome/89.0.4389.82 Safari/537.36"
::1 - - [21/Apr/2021:08:48:31 +0000] "GET /admin/blog/list HTTP/1.1" 200 226937 "http://localhost:5000/admin/blog/add" "Mozilla/5.0 (X11; Linux x86_64) AppleWebKit/537.36 (KHTML, like Gecko) Chrome/89.0.4389.82 Safari/537.36"
::1 - - [21/Apr/2021:08:48:31 +0000] "GET /admin_assets/plugins/fontawesome-free/css/all.min.css HTTP/1.1" 304 - "http://localhost:5000/admin/blog/list" "Mozilla/5.0 (X11; Linux x86_64) AppleWebKit/537.36 (KHTML, like Gecko) Chrome/89.0.4389.82 Safari/537.36"
::1 - - [21/Apr/2021:08:48:31 +0000] "GET /admin_assets/plugins/overlayScrollbars/css/OverlayScrollbars.min.css HTTP/1.1" 304 - "http://localhost:5000/admin/blog/list" "Mozilla/5.0 (X11; Linux x86_64) AppleWebKit/537.36 (KHTML, like Gecko) Chrome/89.0.4389.82 Safari/537.36"
::1 - - [21/Apr/2021:08:48:31 +0000] "GET /admin_assets/plugins/datatables-bs4/css/dataTables.bootstrap4.css HTTP/1.1" 304 - "http://localhost:5000/admin/blog/list" "Mozilla/5.0 (X11; Linux x86_64) AppleWebKit/537.36 (KHTML, like Gecko) Chrome/89.0.4389.82 Safari/537.36"
::1 - - [21/Apr/2021:08:48:31 +0000] "GET /admin_assets/css/adminlte.min.css HTTP/1.1" 304 - "http://localhost:5000/admin/blog/list" "Mozilla/5.0 (X11; Linux x86_64) AppleWebKit/537.36 (KHTML, like Gecko) Chrome/89.0.4389.82 Safari/537.36"
::1 - - [21/Apr/2021:08:48:31 +0000] "GET /admin_assets/img/AdminLTELogo.png HTTP/1.1" 304 - "http://localhost:5000/admin/blog/list" "Mozilla/5.0 (X11; Linux x86_64) AppleWebKit/537.36 (KHTML, like Gecko) Chrome/89.0.4389.82 Safari/537.36"
::1 - - [21/Apr/2021:08:48:31 +0000] "GET /admin_assets/img/user2-160x160.jpg HTTP/1.1" 304 - "http://localhost:5000/admin/blog/list" "Mozilla/5.0 (X11; Linux x86_64) AppleWebKit/537.36 (KHTML, like Gecko) Chrome/89.0.4389.82 Safari/537.36"
::1 - - [21/Apr/2021:08:48:31 +0000] "GET /admin_assets/plugins/jquery/jquery.min.js HTTP/1.1" 304 - "http://localhost:5000/admin/blog/list" "Mozilla/5.0 (X11; Linux x86_64) AppleWebKit/537.36 (KHTML, like Gecko) Chrome/89.0.4389.82 Safari/537.36"
::1 - - [21/Apr/2021:08:48:31 +0000] "GET /admin_assets/plugins/bootstrap/js/bootstrap.bundle.min.js HTTP/1.1" 304 - "http://localhost:5000/admin/blog/list" "Mozilla/5.0 (X11; Linux x86_64) AppleWebKit/537.36 (KHTML, like Gecko) Chrome/89.0.4389.82 Safari/537.36"
::1 - - [21/Apr/2021:08:48:31 +0000] "GET /admin_assets/plugins/overlayScrollbars/js/jquery.overlayScrollbars.min.js HTTP/1.1" 304 - "http://localhost:5000/admin/blog/list" "Mozilla/5.0 (X11; Linux x86_64) AppleWebKit/537.36 (KHTML, like Gecko) Chrome/89.0.4389.82 Safari/537.36"
::1 - - [21/Apr/2021:08:48:31 +0000] "GET /admin_assets/js/adminlte.js HTTP/1.1" 304 - "http://localhost:5000/admin/blog/list" "Mozilla/5.0 (X11; Linux x86_64) AppleWebKit/537.36 (KHTML, like Gecko) Chrome/89.0.4389.82 Safari/537.36"
::1 - - [21/Apr/2021:08:48:31 +0000] "GET /admin_assets/plugins/datatables/jquery.dataTables.js HTTP/1.1" 304 - "http://localhost:5000/admin/blog/list" "Mozilla/5.0 (X11; Linux x86_64) AppleWebKit/537.36 (KHTML, like Gecko) Chrome/89.0.4389.82 Safari/537.36"
::1 - - [21/Apr/2021:08:48:31 +0000] "GET /admin_assets/plugins/datatables-bs4/js/dataTables.bootstrap4.js HTTP/1.1" 304 - "http://localhost:5000/admin/blog/list" "Mozilla/5.0 (X11; Linux x86_64) AppleWebKit/537.36 (KHTML, like Gecko) Chrome/89.0.4389.82 Safari/537.36"
::1 - - [21/Apr/2021:08:48:31 +0000] "GET /admin_assets/plugins/moment/moment.min.js HTTP/1.1" 304 - "http://localhost:5000/admin/blog/list" "Mozilla/5.0 (X11; Linux x86_64) AppleWebKit/537.36 (KHTML, like Gecko) Chrome/89.0.4389.82 Safari/537.36"
::1 - - [21/Apr/2021:08:48:31 +0000] "GET /admin_assets/js/dashboard.js HTTP/1.1" 304 - "http://localhost:5000/admin/blog/list" "Mozilla/5.0 (X11; Linux x86_64) AppleWebKit/537.36 (KHTML, like Gecko) Chrome/89.0.4389.82 Safari/537.36"
::1 - - [21/Apr/2021:08:48:31 +0000] "GET /admin_assets/js/validation.js HTTP/1.1" 304 - "http://localhost:5000/admin/blog/list" "Mozilla/5.0 (X11; Linux x86_64) AppleWebKit/537.36 (KHTML, like Gecko) Chrome/89.0.4389.82 Safari/537.36"
::1 - - [21/Apr/2021:08:48:31 +0000] "GET /admin_assets/plugins/fontawesome-free/webfonts/fa-solid-900.woff2 HTTP/1.1" 304 - "http://localhost:5000/admin_assets/plugins/fontawesome-free/css/all.min.css" "Mozilla/5.0 (X11; Linux x86_64) AppleWebKit/537.36 (KHTML, like Gecko) Chrome/89.0.4389.82 Safari/537.36"
::1 - - [21/Apr/2021:08:48:31 +0000] "GET /admin_assets/plugins/fontawesome-free/webfonts/fa-regular-400.woff2 HTTP/1.1" 304 - "http://localhost:5000/admin_assets/plugins/fontawesome-free/css/all.min.css" "Mozilla/5.0 (X11; Linux x86_64) AppleWebKit/537.36 (KHTML, like Gecko) Chrome/89.0.4389.82 Safari/537.36"
::1 - - [21/Apr/2021:08:48:53 +0000] "GET /api/getBlogsList?type=15 HTTP/1.1" 200 74 "-" "Mozilla/5.0 (X11; Linux x86_64) AppleWebKit/537.36 (KHTML, like Gecko) Chrome/89.0.4389.82 Safari/537.36"
::1 - - [21/Apr/2021:08:49:51 +0000] "GET /api/getBlogsList?type=15 HTTP/1.1" 200 98 "-" "Mozilla/5.0 (X11; Linux x86_64) AppleWebKit/537.36 (KHTML, like Gecko) Chrome/89.0.4389.82 Safari/537.36"
::1 - - [21/Apr/2021:08:51:04 +0000] "GET /api/getBlogsList?type=15 HTTP/1.1" 200 77385 "-" "Mozilla/5.0 (X11; Linux x86_64) AppleWebKit/537.36 (KHTML, like Gecko) Chrome/89.0.4389.82 Safari/537.36"
::1 - - [21/Apr/2021:08:51:35 +0000] "GET /api/getBlogsList?type=15 HTTP/1.1" 200 869 "-" "Mozilla/5.0 (X11; Linux x86_64) AppleWebKit/537.36 (KHTML, like Gecko) Chrome/89.0.4389.82 Safari/537.36"
::1 - - [21/Apr/2021:08:59:01 +0000] "GET /api/getBlogsList?type=15 HTTP/1.1" 200 486 "-" "Mozilla/5.0 (X11; Linux x86_64) AppleWebKit/537.36 (KHTML, like Gecko) Chrome/89.0.4389.82 Safari/537.36"
::1 - - [21/Apr/2021:08:59:55 +0000] "GET /api/getBlogsList?type=15 HTTP/1.1" 304 - "-" "Mozilla/5.0 (X11; Linux x86_64) AppleWebKit/537.36 (KHTML, like Gecko) Chrome/89.0.4389.82 Safari/537.36"
::1 - - [21/Apr/2021:09:20:02 +0000] "GET /api/getBlogsList?type=15 HTTP/1.1" 200 516 "-" "Mozilla/5.0 (X11; Linux x86_64) AppleWebKit/537.36 (KHTML, like Gecko) Chrome/89.0.4389.82 Safari/537.36"
::1 - - [21/Apr/2021:09:21:46 +0000] "GET /api/getBlogsList?type=15 HTTP/1.1" 304 - "-" "Mozilla/5.0 (X11; Linux x86_64) AppleWebKit/537.36 (KHTML, like Gecko) Chrome/89.0.4389.82 Safari/537.36"
::1 - - [21/Apr/2021:09:23:10 +0000] "GET /api/getBlogsList?type=15 HTTP/1.1" 400 28 "-" "Mozilla/5.0 (X11; Linux x86_64) AppleWebKit/537.36 (KHTML, like Gecko) Chrome/89.0.4389.82 Safari/537.36"
::1 - - [21/Apr/2021:09:23:54 +0000] "GET /api/getBlogsList?type=15 HTTP/1.1" 400 28 "-" "Mozilla/5.0 (X11; Linux x86_64) AppleWebKit/537.36 (KHTML, like Gecko) Chrome/89.0.4389.82 Safari/537.36"
::1 - - [21/Apr/2021:09:24:34 +0000] "GET /api/getBlogsList?type=15 HTTP/1.1" 200 523 "-" "Mozilla/5.0 (X11; Linux x86_64) AppleWebKit/537.36 (KHTML, like Gecko) Chrome/89.0.4389.82 Safari/537.36"
::1 - - [21/Apr/2021:09:25:03 +0000] "GET /api/getBlogsList?type=15 HTTP/1.1" 200 519 "-" "Mozilla/5.0 (X11; Linux x86_64) AppleWebKit/537.36 (KHTML, like Gecko) Chrome/89.0.4389.82 Safari/537.36"
::1 - - [21/Apr/2021:09:26:56 +0000] "GET /api/getBlogsList?type=15 HTTP/1.1" 304 - "-" "Mozilla/5.0 (X11; Linux x86_64) AppleWebKit/537.36 (KHTML, like Gecko) Chrome/89.0.4389.82 Safari/537.36"
::1 - - [21/Apr/2021:09:27:21 +0000] "GET /api/getBlogsList?type=15 HTTP/1.1" 200 521 "-" "Mozilla/5.0 (X11; Linux x86_64) AppleWebKit/537.36 (KHTML, like Gecko) Chrome/89.0.4389.82 Safari/537.36"
::1 - - [21/Apr/2021:09:38:20 +0000] "GET /api/getBlogsList?type=15&user_id=1 HTTP/1.1" 200 521 "-" "Mozilla/5.0 (X11; Linux x86_64) AppleWebKit/537.36 (KHTML, like Gecko) Chrome/89.0.4389.82 Safari/537.36"
::1 - - [21/Apr/2021:09:39:16 +0000] "GET /api/getBlogsList?type=15&user_id=1 HTTP/1.1" 304 - "-" "Mozilla/5.0 (X11; Linux x86_64) AppleWebKit/537.36 (KHTML, like Gecko) Chrome/89.0.4389.82 Safari/537.36"
::1 - - [21/Apr/2021:09:39:48 +0000] "GET /api/getBlogsList?type=15&user_id=1 HTTP/1.1" 304 - "-" "Mozilla/5.0 (X11; Linux x86_64) AppleWebKit/537.36 (KHTML, like Gecko) Chrome/89.0.4389.82 Safari/537.36"
::1 - - [21/Apr/2021:09:41:25 +0000] "GET /api/getBlogsList?type=15&user_id=1 HTTP/1.1" 304 - "-" "Mozilla/5.0 (X11; Linux x86_64) AppleWebKit/537.36 (KHTML, like Gecko) Chrome/89.0.4389.82 Safari/537.36"
::1 - - [21/Apr/2021:09:42:14 +0000] "GET /api/getBlogsList?type=15&user_id=1 HTTP/1.1" 200 518 "-" "Mozilla/5.0 (X11; Linux x86_64) AppleWebKit/537.36 (KHTML, like Gecko) Chrome/89.0.4389.82 Safari/537.36"
::1 - - [21/Apr/2021:09:42:32 +0000] "GET /api/getBlogsList?type=15&user_id=2 HTTP/1.1" 200 518 "-" "Mozilla/5.0 (X11; Linux x86_64) AppleWebKit/537.36 (KHTML, like Gecko) Chrome/89.0.4389.82 Safari/537.36"
::1 - - [21/Apr/2021:09:42:37 +0000] "GET /api/getBlogsList?type=15&user_id=2 HTTP/1.1" 304 - "-" "Mozilla/5.0 (X11; Linux x86_64) AppleWebKit/537.36 (KHTML, like Gecko) Chrome/89.0.4389.82 Safari/537.36"
::1 - - [21/Apr/2021:09:42:42 +0000] "GET /api/getBlogsList?type=15&user_id=3 HTTP/1.1" 200 521 "-" "Mozilla/5.0 (X11; Linux x86_64) AppleWebKit/537.36 (KHTML, like Gecko) Chrome/89.0.4389.82 Safari/537.36"
::1 - - [21/Apr/2021:09:43:50 +0000] "GET /api/getBlogsList?type=15&user_id=3 HTTP/1.1" 304 - "-" "Mozilla/5.0 (X11; Linux x86_64) AppleWebKit/537.36 (KHTML, like Gecko) Chrome/89.0.4389.82 Safari/537.36"
::1 - - [21/Apr/2021:09:43:54 +0000] "GET /api/getBlogsList?type=15&user_id=3 HTTP/1.1" 304 - "-" "Mozilla/5.0 (X11; Linux x86_64) AppleWebKit/537.36 (KHTML, like Gecko) Chrome/89.0.4389.82 Safari/537.36"
::1 - - [21/Apr/2021:09:44:09 +0000] "GET /api/getBlogsList?type=15&user_id=3 HTTP/1.1" 304 - "-" "Mozilla/5.0 (X11; Linux x86_64) AppleWebKit/537.36 (KHTML, like Gecko) Chrome/89.0.4389.82 Safari/537.36"
::1 - - [21/Apr/2021:09:48:23 +0000] "GET /api/getBlogsList?type=15&user_id=3 HTTP/1.1" 200 519 "-" "Mozilla/5.0 (X11; Linux x86_64) AppleWebKit/537.36 (KHTML, like Gecko) Chrome/89.0.4389.82 Safari/537.36"
::1 - - [21/Apr/2021:09:49:28 +0000] "GET /api/getBlogsList?type=15&user_id=3 HTTP/1.1" 304 - "-" "Mozilla/5.0 (X11; Linux x86_64) AppleWebKit/537.36 (KHTML, like Gecko) Chrome/89.0.4389.82 Safari/537.36"
::1 - - [21/Apr/2021:09:51:15 +0000] "GET /api/getBlogsList?type=15&user_id=3 HTTP/1.1" 200 524 "-" "Mozilla/5.0 (X11; Linux x86_64) AppleWebKit/537.36 (KHTML, like Gecko) Chrome/89.0.4389.82 Safari/537.36"
::1 - - [21/Apr/2021:09:51:57 +0000] "GET /api/getBlogsList?type=15&user_id=2 HTTP/1.1" 200 521 "-" "Mozilla/5.0 (X11; Linux x86_64) AppleWebKit/537.36 (KHTML, like Gecko) Chrome/89.0.4389.82 Safari/537.36"
::1 - - [21/Apr/2021:09:53:23 +0000] "GET /api/getBlogsList?type=15&user_id=3 HTTP/1.1" 200 522 "-" "Mozilla/5.0 (X11; Linux x86_64) AppleWebKit/537.36 (KHTML, like Gecko) Chrome/89.0.4389.82 Safari/537.36"
::1 - - [21/Apr/2021:09:53:35 +0000] "GET /api/getBlogsList?type=15&user_id=2 HTTP/1.1" 304 - "-" "Mozilla/5.0 (X11; Linux x86_64) AppleWebKit/537.36 (KHTML, like Gecko) Chrome/89.0.4389.82 Safari/537.36"
::1 - - [21/Apr/2021:09:53:44 +0000] "GET /api/getBlogsList?type=15&user_id=1 HTTP/1.1" 200 522 "-" "Mozilla/5.0 (X11; Linux x86_64) AppleWebKit/537.36 (KHTML, like Gecko) Chrome/89.0.4389.82 Safari/537.36"
::1 - - [21/Apr/2021:09:54:09 +0000] "GET /api/getBlogsList?type=15&user_id=2 HTTP/1.1" 304 - "-" "Mozilla/5.0 (X11; Linux x86_64) AppleWebKit/537.36 (KHTML, like Gecko) Chrome/89.0.4389.82 Safari/537.36"
::1 - - [21/Apr/2021:09:55:06 +0000] "GET /api/getBlogsList?type=15&user_id=1 HTTP/1.1" 400 28 "-" "Mozilla/5.0 (X11; Linux x86_64) AppleWebKit/537.36 (KHTML, like Gecko) Chrome/89.0.4389.82 Safari/537.36"
::1 - - [21/Apr/2021:10:23:41 +0000] "GET /api/getBlogsList?type=15&user_id=1 HTTP/1.1" 200 524 "-" "Mozilla/5.0 (X11; Linux x86_64) AppleWebKit/537.36 (KHTML, like Gecko) Chrome/89.0.4389.82 Safari/537.36"
::1 - - [21/Apr/2021:10:25:34 +0000] "GET /api/getBlogsList?type=15&user_id=1 HTTP/1.1" 304 - "-" "Mozilla/5.0 (X11; Linux x86_64) AppleWebKit/537.36 (KHTML, like Gecko) Chrome/89.0.4389.82 Safari/537.36"
::1 - - [21/Apr/2021:10:27:04 +0000] "GET /api/getBlogsList?type=15&user_id=1 HTTP/1.1" 200 521 "-" "Mozilla/5.0 (X11; Linux x86_64) AppleWebKit/537.36 (KHTML, like Gecko) Chrome/89.0.4389.82 Safari/537.36"
::1 - - [21/Apr/2021:10:27:13 +0000] "GET /api/getBlogsList?type=15&user_id=2 HTTP/1.1" 304 - "-" "Mozilla/5.0 (X11; Linux x86_64) AppleWebKit/537.36 (KHTML, like Gecko) Chrome/89.0.4389.82 Safari/537.36"
::1 - - [21/Apr/2021:10:27:20 +0000] "GET /api/getBlogsList?type=15&user_id=3 HTTP/1.1" 200 521 "-" "Mozilla/5.0 (X11; Linux x86_64) AppleWebKit/537.36 (KHTML, like Gecko) Chrome/89.0.4389.82 Safari/537.36"
::1 - - [21/Apr/2021:10:27:27 +0000] "GET /api/getBlogsList?type=15&user_id=4 HTTP/1.1" 200 521 "-" "Mozilla/5.0 (X11; Linux x86_64) AppleWebKit/537.36 (KHTML, like Gecko) Chrome/89.0.4389.82 Safari/537.36"
::1 - - [21/Apr/2021:10:29:13 +0000] "GET /api/getBlogsList?type=15&user_id=4 HTTP/1.1" 304 - "-" "Mozilla/5.0 (X11; Linux x86_64) AppleWebKit/537.36 (KHTML, like Gecko) Chrome/89.0.4389.82 Safari/537.36"
::1 - - [21/Apr/2021:10:29:31 +0000] "GET /api/getBlogsList?type=15&user_id=4 HTTP/1.1" 200 524 "-" "Mozilla/5.0 (X11; Linux x86_64) AppleWebKit/537.36 (KHTML, like Gecko) Chrome/89.0.4389.82 Safari/537.36"
::1 - - [21/Apr/2021:10:30:01 +0000] "GET /api/getBlogsList?type=15&user_id=4 HTTP/1.1" 200 522 "-" "Mozilla/5.0 (X11; Linux x86_64) AppleWebKit/537.36 (KHTML, like Gecko) Chrome/89.0.4389.82 Safari/537.36"
::1 - - [21/Apr/2021:10:30:07 +0000] "GET /api/getBlogsList?type=15&user_id=1 HTTP/1.1" 304 - "-" "Mozilla/5.0 (X11; Linux x86_64) AppleWebKit/537.36 (KHTML, like Gecko) Chrome/89.0.4389.82 Safari/537.36"
::1 - - [21/Apr/2021:10:30:13 +0000] "GET /api/getBlogsList?type=15&user_id=2 HTTP/1.1" 304 - "-" "Mozilla/5.0 (X11; Linux x86_64) AppleWebKit/537.36 (KHTML, like Gecko) Chrome/89.0.4389.82 Safari/537.36"
::1 - - [21/Apr/2021:11:32:34 +0000] "GET /api/likeBlog?blog_id=15&user_id=2 HTTP/1.1" - - "-" "Mozilla/5.0 (X11; Linux x86_64) AppleWebKit/537.36 (KHTML, like Gecko) Chrome/89.0.4389.82 Safari/537.36"
::1 - - [21/Apr/2021:11:33:19 +0000] "GET /api/getBlogsList?type=15&user_id=2 HTTP/1.1" 404 155 "-" "Mozilla/5.0 (X11; Linux x86_64) AppleWebKit/537.36 (KHTML, like Gecko) Chrome/89.0.4389.82 Safari/537.36"
::1 - - [21/Apr/2021:11:34:18 +0000] "GET /api/likeBlog?blog_id=15&user_id=2 HTTP/1.1" - - "-" "Mozilla/5.0 (X11; Linux x86_64) AppleWebKit/537.36 (KHTML, like Gecko) Chrome/89.0.4389.82 Safari/537.36"
::1 - - [21/Apr/2021:11:42:47 +0000] "GET /api/likeBlog?blog_id=1&user_id=2&likeStatus=0 HTTP/1.1" 200 40 "-" "Mozilla/5.0 (X11; Linux x86_64) AppleWebKit/537.36 (KHTML, like Gecko) Chrome/89.0.4389.82 Safari/537.36"
::1 - - [21/Apr/2021:11:42:57 +0000] "GET /api/likeBlog?blog_id=1&user_id=2&likeStatus=1 HTTP/1.1" 200 37 "-" "Mozilla/5.0 (X11; Linux x86_64) AppleWebKit/537.36 (KHTML, like Gecko) Chrome/89.0.4389.82 Safari/537.36"
::1 - - [21/Apr/2021:11:43:02 +0000] "GET /api/likeBlog?blog_id=1&user_id=2&likeStatus=2 HTTP/1.1" 200 37 "-" "Mozilla/5.0 (X11; Linux x86_64) AppleWebKit/537.36 (KHTML, like Gecko) Chrome/89.0.4389.82 Safari/537.36"
::1 - - [21/Apr/2021:11:47:59 +0000] "GET /api/likeBlog?blog_id=1&user_id=2&likeStatus=2 HTTP/1.1" 200 52 "-" "Mozilla/5.0 (X11; Linux x86_64) AppleWebKit/537.36 (KHTML, like Gecko) Chrome/89.0.4389.82 Safari/537.36"
::1 - - [21/Apr/2021:12:09:32 +0000] "GET /api/likeBlog?blog_id=1&user_id=2&likeStatus=1 HTTP/1.1" 200 69 "-" "Mozilla/5.0 (X11; Linux x86_64) AppleWebKit/537.36 (KHTML, like Gecko) Chrome/89.0.4389.82 Safari/537.36"
::1 - - [21/Apr/2021:12:13:02 +0000] "GET /api/likeBlog?blog_id=1&user_id=2&likeStatus=1 HTTP/1.1" 200 66 "-" "Mozilla/5.0 (X11; Linux x86_64) AppleWebKit/537.36 (KHTML, like Gecko) Chrome/89.0.4389.82 Safari/537.36"
::1 - - [21/Apr/2021:12:15:22 +0000] "GET /api/getBlogsList?blog_id=1&user_id=15&likeStatus=1 HTTP/1.1" 200 4674 "-" "Mozilla/5.0 (X11; Linux x86_64) AppleWebKit/537.36 (KHTML, like Gecko) Chrome/89.0.4389.82 Safari/537.36"
::1 - - [21/Apr/2021:12:16:21 +0000] "GET /api/getBlogsList?blog_id=1&user_id=1&likeStatus=1&type=15 HTTP/1.1" 200 521 "-" "Mozilla/5.0 (X11; Linux x86_64) AppleWebKit/537.36 (KHTML, like Gecko) Chrome/89.0.4389.82 Safari/537.36"
::1 - - [21/Apr/2021:12:16:29 +0000] "GET /api/getBlogsList?blog_id=1&user_id=2&likeStatus=1&type=15 HTTP/1.1" 200 521 "-" "Mozilla/5.0 (X11; Linux x86_64) AppleWebKit/537.36 (KHTML, like Gecko) Chrome/89.0.4389.82 Safari/537.36"
::1 - - [21/Apr/2021:12:16:35 +0000] "GET /api/getBlogsList?blog_id=1&user_id=3&likeStatus=1&type=15 HTTP/1.1" 200 522 "-" "Mozilla/5.0 (X11; Linux x86_64) AppleWebKit/537.36 (KHTML, like Gecko) Chrome/89.0.4389.82 Safari/537.36"
::1 - - [21/Apr/2021:12:17:03 +0000] "GET /api/getBlogsList?blog_id=1&user_id=3&likeStatus=1&type=2 HTTP/1.1" 200 1445 "-" "Mozilla/5.0 (X11; Linux x86_64) AppleWebKit/537.36 (KHTML, like Gecko) Chrome/89.0.4389.82 Safari/537.36"
::1 - - [21/Apr/2021:12:18:03 +0000] "GET /api/getBlogsList?blog_id=1&user_id=2&likeStatus=1&type=2 HTTP/1.1" 200 1444 "-" "Mozilla/5.0 (X11; Linux x86_64) AppleWebKit/537.36 (KHTML, like Gecko) Chrome/89.0.4389.82 Safari/537.36"
::1 - - [21/Apr/2021:12:18:50 +0000] "GET /api/likeBlog?blog_id=1&user_id=1&likeStatus=1 HTTP/1.1" 200 66 "-" "Mozilla/5.0 (X11; Linux x86_64) AppleWebKit/537.36 (KHTML, like Gecko) Chrome/89.0.4389.82 Safari/537.36"
::1 - - [21/Apr/2021:12:20:23 +0000] "GET /api/likeBlog?blog_id=1&user_id=1&likeStatus=1 HTTP/1.1" 304 - "-" "Mozilla/5.0 (X11; Linux x86_64) AppleWebKit/537.36 (KHTML, like Gecko) Chrome/89.0.4389.82 Safari/537.36"
::1 - - [21/Apr/2021:12:20:35 +0000] "GET /api/likeBlog?blog_id=1&user_id=2&likeStatus=1 HTTP/1.1" 304 - "-" "Mozilla/5.0 (X11; Linux x86_64) AppleWebKit/537.36 (KHTML, like Gecko) Chrome/89.0.4389.82 Safari/537.36"
::1 - - [21/Apr/2021:12:21:50 +0000] "GET /api/likeBlog?blog_id=1&user_id=2&likeStatus=1 HTTP/1.1" 304 - "-" "Mozilla/5.0 (X11; Linux x86_64) AppleWebKit/537.36 (KHTML, like Gecko) Chrome/89.0.4389.82 Safari/537.36"
::1 - - [21/Apr/2021:12:22:18 +0000] "GET /api/likeBlog?blog_id=1&user_id=1&likeStatus=1 HTTP/1.1" 304 - "-" "Mozilla/5.0 (X11; Linux x86_64) AppleWebKit/537.36 (KHTML, like Gecko) Chrome/89.0.4389.82 Safari/537.36"
::1 - - [23/Apr/2021:04:05:49 +0000] "GET /api/getBlogsCategoryList HTTP/1.1" 200 1057 "-" "Mozilla/5.0 (X11; Linux x86_64) AppleWebKit/537.36 (KHTML, like Gecko) Chrome/89.0.4389.82 Safari/537.36"
::1 - - [23/Apr/2021:04:05:50 +0000] "GET /favicon.ico HTTP/1.1" 404 150 "http://localhost:5000/api/getBlogsCategoryList" "Mozilla/5.0 (X11; Linux x86_64) AppleWebKit/537.36 (KHTML, like Gecko) Chrome/89.0.4389.82 Safari/537.36"
::1 - - [23/Apr/2021:17:13:31 +0000] "GET /api/getBlogsDatail/blog_id=1&user_id=1 HTTP/1.1" 404 181 "-" "Mozilla/5.0 (X11; Linux x86_64) AppleWebKit/537.36 (KHTML, like Gecko) Chrome/89.0.4389.82 Safari/537.36"
::1 - - [23/Apr/2021:17:13:44 +0000] "GET /api/getBlogsDatail?blog_id=1&user_id=1 HTTP/1.1" 400 28 "-" "Mozilla/5.0 (X11; Linux x86_64) AppleWebKit/537.36 (KHTML, like Gecko) Chrome/89.0.4389.82 Safari/537.36"
::1 - - [23/Apr/2021:17:13:44 +0000] "GET /favicon.ico HTTP/1.1" 404 150 "http://localhost:5000/api/getBlogsDatail?blog_id=1&user_id=1" "Mozilla/5.0 (X11; Linux x86_64) AppleWebKit/537.36 (KHTML, like Gecko) Chrome/89.0.4389.82 Safari/537.36"
::1 - - [23/Apr/2021:17:14:38 +0000] "GET /api/getBlogsDatail?blog_id=1&user_id=1 HTTP/1.1" 400 28 "-" "Mozilla/5.0 (X11; Linux x86_64) AppleWebKit/537.36 (KHTML, like Gecko) Chrome/89.0.4389.82 Safari/537.36"
::1 - - [23/Apr/2021:17:15:21 +0000] "GET /api/getBlogsDatail?blog_id=1&user_id=1 HTTP/1.1" 400 28 "-" "Mozilla/5.0 (X11; Linux x86_64) AppleWebKit/537.36 (KHTML, like Gecko) Chrome/89.0.4389.82 Safari/537.36"
::1 - - [23/Apr/2021:17:15:38 +0000] "GET /api/getBlogsDatail?blog_id=1&user_id=1 HTTP/1.1" 400 28 "-" "Mozilla/5.0 (X11; Linux x86_64) AppleWebKit/537.36 (KHTML, like Gecko) Chrome/89.0.4389.82 Safari/537.36"
::1 - - [23/Apr/2021:17:16:14 +0000] "GET /api/getBlogsDatail?blog_id=1&user_id=1 HTTP/1.1" 400 28 "-" "Mozilla/5.0 (X11; Linux x86_64) AppleWebKit/537.36 (KHTML, like Gecko) Chrome/89.0.4389.82 Safari/537.36"
::1 - - [23/Apr/2021:17:16:44 +0000] "GET /api/getBlogsDatail?blog_id=1&user_id=1 HTTP/1.1" 400 28 "-" "Mozilla/5.0 (X11; Linux x86_64) AppleWebKit/537.36 (KHTML, like Gecko) Chrome/89.0.4389.82 Safari/537.36"
::1 - - [23/Apr/2021:17:17:16 +0000] "GET /api/getBlogsDatail?blog_id=1&user_id=1 HTTP/1.1" 200 4214 "-" "Mozilla/5.0 (X11; Linux x86_64) AppleWebKit/537.36 (KHTML, like Gecko) Chrome/89.0.4389.82 Safari/537.36"
::1 - - [23/Apr/2021:17:30:52 +0000] "GET /api/getBlogsDatail?blog_id=1&user_id=1 HTTP/1.1" 304 - "-" "Mozilla/5.0 (X11; Linux x86_64) AppleWebKit/537.36 (KHTML, like Gecko) Chrome/89.0.4389.82 Safari/537.36"
::1 - - [23/Apr/2021:17:30:58 +0000] "GET /api/getBlogsDatail?blog_id=1&user_id=1 HTTP/1.1" 200 4214 "-" "Mozilla/5.0 (X11; Linux x86_64) AppleWebKit/537.36 (KHTML, like Gecko) Chrome/89.0.4389.82 Safari/537.36"
::1 - - [23/Apr/2021:17:31:00 +0000] "GET /api/getBlogsDatail?blog_id=1&user_id=1 HTTP/1.1" 200 4214 "-" "Mozilla/5.0 (X11; Linux x86_64) AppleWebKit/537.36 (KHTML, like Gecko) Chrome/89.0.4389.82 Safari/537.36"
::1 - - [23/Apr/2021:17:31:03 +0000] "GET /api/getBlogsDatail?blog_id=1&user_id=1 HTTP/1.1" 200 4214 "-" "Mozilla/5.0 (X11; Linux x86_64) AppleWebKit/537.36 (KHTML, like Gecko) Chrome/89.0.4389.82 Safari/537.36"
::1 - - [23/Apr/2021:17:43:41 +0000] "GET /api/getBlogList?user_id=1 HTTP/1.1" 404 154 "-" "Mozilla/5.0 (X11; Linux x86_64) AppleWebKit/537.36 (KHTML, like Gecko) Chrome/89.0.4389.82 Safari/537.36"
::1 - - [23/Apr/2021:17:43:51 +0000] "GET /api/getBlogsList?user_id=1 HTTP/1.1" 200 5052 "-" "Mozilla/5.0 (X11; Linux x86_64) AppleWebKit/537.36 (KHTML, like Gecko) Chrome/89.0.4389.82 Safari/537.36"
::1 - - [23/Apr/2021:17:52:08 +0000] "GET /api/getBlogsDatail?blog_id=1&user_id=1 HTTP/1.1" 200 4227 "-" "Mozilla/5.0 (X11; Linux x86_64) AppleWebKit/537.36 (KHTML, like Gecko) Chrome/89.0.4389.82 Safari/537.36"
::1 - - [23/Apr/2021:17:59:53 +0000] "GET /api/getBlogsDatail?blog_id=1&user_id=1 HTTP/1.1" 400 49 "-" "Mozilla/5.0 (X11; Linux x86_64) AppleWebKit/537.36 (KHTML, like Gecko) Chrome/89.0.4389.82 Safari/537.36"
::1 - - [23/Apr/2021:18:00:16 +0000] "GET /api/getBlogsDatail?blog_id=1&user_id=1 HTTP/1.1" 400 49 "-" "Mozilla/5.0 (X11; Linux x86_64) AppleWebKit/537.36 (KHTML, like Gecko) Chrome/89.0.4389.82 Safari/537.36"
::1 - - [23/Apr/2021:18:00:51 +0000] "GET /api/getBlogsDatail?blog_id=1&user_id=1 HTTP/1.1" 400 49 "-" "Mozilla/5.0 (X11; Linux x86_64) AppleWebKit/537.36 (KHTML, like Gecko) Chrome/89.0.4389.82 Safari/537.36"
::1 - - [23/Apr/2021:18:01:10 +0000] "GET /api/getBlogsDatail?blog_id=1&user_id=1 HTTP/1.1" 400 49 "-" "Mozilla/5.0 (X11; Linux x86_64) AppleWebKit/537.36 (KHTML, like Gecko) Chrome/89.0.4389.82 Safari/537.36"
::1 - - [23/Apr/2021:18:03:07 +0000] "GET /api/getBlogsDatail?blog_id=1&user_id=1 HTTP/1.1" 200 4417 "-" "Mozilla/5.0 (X11; Linux x86_64) AppleWebKit/537.36 (KHTML, like Gecko) Chrome/89.0.4389.82 Safari/537.36"
::1 - - [23/Apr/2021:18:10:48 +0000] "GET /api/getBlogsDatail?blog_id=1&user_id=1 HTTP/1.1" 200 4418 "-" "Mozilla/5.0 (X11; Linux x86_64) AppleWebKit/537.36 (KHTML, like Gecko) Chrome/89.0.4389.82 Safari/537.36"
::1 - - [23/Apr/2021:18:11:45 +0000] "GET /api/getBlogsDatail?blog_id=1&user_id=1 HTTP/1.1" 200 4418 "-" "Mozilla/5.0 (X11; Linux x86_64) AppleWebKit/537.36 (KHTML, like Gecko) Chrome/89.0.4389.82 Safari/537.36"
::1 - - [23/Apr/2021:18:11:47 +0000] "GET /api/getBlogsDatail?blog_id=1&user_id=1 HTTP/1.1" 200 4418 "-" "Mozilla/5.0 (X11; Linux x86_64) AppleWebKit/537.36 (KHTML, like Gecko) Chrome/89.0.4389.82 Safari/537.36"
::1 - - [23/Apr/2021:18:11:48 +0000] "GET /api/getBlogsDatail?blog_id=1&user_id=1 HTTP/1.1" 200 4418 "-" "Mozilla/5.0 (X11; Linux x86_64) AppleWebKit/537.36 (KHTML, like Gecko) Chrome/89.0.4389.82 Safari/537.36"
::1 - - [23/Apr/2021:18:11:48 +0000] "GET /api/getBlogsDatail?blog_id=1&user_id=1 HTTP/1.1" 200 4418 "-" "Mozilla/5.0 (X11; Linux x86_64) AppleWebKit/537.36 (KHTML, like Gecko) Chrome/89.0.4389.82 Safari/537.36"
::1 - - [23/Apr/2021:18:11:56 +0000] "GET /api/getBlogsDatail?blog_id=1&user_id=1 HTTP/1.1" 200 4418 "-" "Mozilla/5.0 (X11; Linux x86_64) AppleWebKit/537.36 (KHTML, like Gecko) Chrome/89.0.4389.82 Safari/537.36"
::1 - - [23/Apr/2021:18:13:26 +0000] "GET /api/getBlogsList?blog_id=1&user_id=1 HTTP/1.1" 200 5166 "-" "Mozilla/5.0 (X11; Linux x86_64) AppleWebKit/537.36 (KHTML, like Gecko) Chrome/89.0.4389.82 Safari/537.36"
::1 - - [23/Apr/2021:18:15:04 +0000] "GET /api/getBlogsList?blog_id=1&user_id=1 HTTP/1.1" 200 45493 "-" "Mozilla/5.0 (X11; Linux x86_64) AppleWebKit/537.36 (KHTML, like Gecko) Chrome/89.0.4389.82 Safari/537.36"
::1 - - [23/Apr/2021:18:17:41 +0000] "GET /api/getBlogsList?blog_id=1&user_id=1 HTTP/1.1" 200 43093 "-" "Mozilla/5.0 (X11; Linux x86_64) AppleWebKit/537.36 (KHTML, like Gecko) Chrome/89.0.4389.82 Safari/537.36"
::1 - - [23/Apr/2021:18:23:15 +0000] "GET /api/getBlogsList?blog_id=1&user_id=1 HTTP/1.1" 304 - "-" "Mozilla/5.0 (X11; Linux x86_64) AppleWebKit/537.36 (KHTML, like Gecko) Chrome/89.0.4389.82 Safari/537.36"
::1 - - [23/Apr/2021:18:23:17 +0000] "GET /api/getBlogsList?blog_id=1&user_id=1 HTTP/1.1" 304 - "-" "Mozilla/5.0 (X11; Linux x86_64) AppleWebKit/537.36 (KHTML, like Gecko) Chrome/89.0.4389.82 Safari/537.36"
::1 - - [23/Apr/2021:18:24:11 +0000] "GET /api/getBlogsList?blog_id=1&user_id=1 HTTP/1.1" 200 7164 "-" "Mozilla/5.0 (X11; Linux x86_64) AppleWebKit/537.36 (KHTML, like Gecko) Chrome/89.0.4389.82 Safari/537.36"
