::1 - - [23/Mar/2021:18:53:22 +0000] "GET /admin/login HTTP/1.1" 200 3424 "-" "Mozilla/5.0 (X11; Linux x86_64) AppleWebKit/537.36 (KHTML, like Gecko) Chrome/89.0.4389.82 Safari/537.36"
::1 - - [23/Mar/2021:18:53:22 +0000] "GET /admin_assets/js/adminlte.min.js HTTP/1.1" 404 170 "http://localhost:5000/admin/login" "Mozilla/5.0 (X11; Linux x86_64) AppleWebKit/537.36 (KHTML, like Gecko) Chrome/89.0.4389.82 Safari/537.36"
::1 - - [23/Mar/2021:18:53:23 +0000] "GET /admin_assets/plugins/icheck-bootstrap/icheck-bootstrap.min.css HTTP/1.1" 404 201 "http://localhost:5000/admin/login" "Mozilla/5.0 (X11; Linux x86_64) AppleWebKit/537.36 (KHTML, like Gecko) Chrome/89.0.4389.82 Safari/537.36"
::1 - - [23/Mar/2021:18:53:23 +0000] "GET /admin_assets/plugins/fontawesome-free/css/all.min.css HTTP/1.1" 304 - "http://localhost:5000/admin/login" "Mozilla/5.0 (X11; Linux x86_64) AppleWebKit/537.36 (KHTML, like Gecko) Chrome/89.0.4389.82 Safari/537.36"
::1 - - [23/Mar/2021:18:53:23 +0000] "GET /admin_assets/plugins/bootstrap/js/bootstrap.bundle.min.js HTTP/1.1" 304 - "http://localhost:5000/admin/login" "Mozilla/5.0 (X11; Linux x86_64) AppleWebKit/537.36 (KHTML, like Gecko) Chrome/89.0.4389.82 Safari/537.36"
::1 - - [23/Mar/2021:18:53:23 +0000] "GET /admin_assets/css/adminlte.min.css HTTP/1.1" 304 - "http://localhost:5000/admin/login" "Mozilla/5.0 (X11; Linux x86_64) AppleWebKit/537.36 (KHTML, like Gecko) Chrome/89.0.4389.82 Safari/537.36"
::1 - - [23/Mar/2021:18:53:23 +0000] "GET /admin_assets/plugins/jquery/jquery.min.js HTTP/1.1" 304 - "http://localhost:5000/admin/login" "Mozilla/5.0 (X11; Linux x86_64) AppleWebKit/537.36 (KHTML, like Gecko) Chrome/89.0.4389.82 Safari/537.36"
::1 - - [23/Mar/2021:18:53:47 +0000] "GET /admin_assets/js/adminlte.min.js HTTP/1.1" 404 170 "http://localhost:5000/admin/login" "Mozilla/5.0 (X11; Linux x86_64) AppleWebKit/537.36 (KHTML, like Gecko) Chrome/89.0.4389.82 Safari/537.36"
::1 - - [23/Mar/2021:18:53:47 +0000] "GET /admin_assets/plugins/fontawesome-free/webfonts/fa-solid-900.woff2 HTTP/1.1" 304 - "http://localhost:5000/admin_assets/plugins/fontawesome-free/css/all.min.css" "Mozilla/5.0 (X11; Linux x86_64) AppleWebKit/537.36 (KHTML, like Gecko) Chrome/89.0.4389.82 Safari/537.36"
::1 - - [23/Mar/2021:18:53:48 +0000] "GET /favicon.ico HTTP/1.1" 404 150 "http://localhost:5000/admin/login" "Mozilla/5.0 (X11; Linux x86_64) AppleWebKit/537.36 (KHTML, like Gecko) Chrome/89.0.4389.82 Safari/537.36"
::1 - - [23/Mar/2021:18:53:56 +0000] "POST /admin/login HTTP/1.1" 302 76 "http://localhost:5000/admin/login" "Mozilla/5.0 (X11; Linux x86_64) AppleWebKit/537.36 (KHTML, like Gecko) Chrome/89.0.4389.82 Safari/537.36"
::1 - - [23/Mar/2021:18:53:57 +0000] "GET /admin/dashboard HTTP/1.1" 200 18487 "http://localhost:5000/admin/login" "Mozilla/5.0 (X11; Linux x86_64) AppleWebKit/537.36 (KHTML, like Gecko) Chrome/89.0.4389.82 Safari/537.36"
::1 - - [23/Mar/2021:18:53:57 +0000] "GET /admin_assets/plugins/fontawesome-free/css/all.min.css HTTP/1.1" 304 - "http://localhost:5000/admin/dashboard" "Mozilla/5.0 (X11; Linux x86_64) AppleWebKit/537.36 (KHTML, like Gecko) Chrome/89.0.4389.82 Safari/537.36"
::1 - - [23/Mar/2021:18:53:57 +0000] "GET /admin_assets/css/adminlte.min.css HTTP/1.1" 304 - "http://localhost:5000/admin/dashboard" "Mozilla/5.0 (X11; Linux x86_64) AppleWebKit/537.36 (KHTML, like Gecko) Chrome/89.0.4389.82 Safari/537.36"
::1 - - [23/Mar/2021:18:53:57 +0000] "GET /admin_assets/plugins/jquery/jquery.min.js HTTP/1.1" 304 - "http://localhost:5000/admin/dashboard" "Mozilla/5.0 (X11; Linux x86_64) AppleWebKit/537.36 (KHTML, like Gecko) Chrome/89.0.4389.82 Safari/537.36"
::1 - - [23/Mar/2021:18:53:57 +0000] "GET /admin_assets/plugins/bootstrap/js/bootstrap.bundle.min.js HTTP/1.1" 304 - "http://localhost:5000/admin/dashboard" "Mozilla/5.0 (X11; Linux x86_64) AppleWebKit/537.36 (KHTML, like Gecko) Chrome/89.0.4389.82 Safari/537.36"
::1 - - [23/Mar/2021:18:53:57 +0000] "GET /admin_assets/plugins/datatables-bs4/css/dataTables.bootstrap4.css HTTP/1.1" 304 - "http://localhost:5000/admin/dashboard" "Mozilla/5.0 (X11; Linux x86_64) AppleWebKit/537.36 (KHTML, like Gecko) Chrome/89.0.4389.82 Safari/537.36"
::1 - - [23/Mar/2021:18:53:57 +0000] "GET /admin_assets/plugins/overlayScrollbars/css/OverlayScrollbars.min.css HTTP/1.1" 304 - "http://localhost:5000/admin/dashboard" "Mozilla/5.0 (X11; Linux x86_64) AppleWebKit/537.36 (KHTML, like Gecko) Chrome/89.0.4389.82 Safari/537.36"
::1 - - [23/Mar/2021:18:53:57 +0000] "GET /admin_assets/plugins/overlayScrollbars/js/jquery.overlayScrollbars.min.js HTTP/1.1" 304 - "http://localhost:5000/admin/dashboard" "Mozilla/5.0 (X11; Linux x86_64) AppleWebKit/537.36 (KHTML, like Gecko) Chrome/89.0.4389.82 Safari/537.36"
::1 - - [23/Mar/2021:18:53:57 +0000] "GET /admin_assets/js/adminlte.js HTTP/1.1" 304 - "http://localhost:5000/admin/dashboard" "Mozilla/5.0 (X11; Linux x86_64) AppleWebKit/537.36 (KHTML, like Gecko) Chrome/89.0.4389.82 Safari/537.36"
::1 - - [23/Mar/2021:18:53:57 +0000] "GET /admin_assets/js/dashboard.js HTTP/1.1" 304 - "http://localhost:5000/admin/dashboard" "Mozilla/5.0 (X11; Linux x86_64) AppleWebKit/537.36 (KHTML, like Gecko) Chrome/89.0.4389.82 Safari/537.36"
::1 - - [23/Mar/2021:18:53:57 +0000] "GET /admin_assets/js/validation.js HTTP/1.1" 304 - "http://localhost:5000/admin/dashboard" "Mozilla/5.0 (X11; Linux x86_64) AppleWebKit/537.36 (KHTML, like Gecko) Chrome/89.0.4389.82 Safari/537.36"
::1 - - [23/Mar/2021:18:53:57 +0000] "GET /admin_assets/plugins/datatables-bs4/js/dataTables.bootstrap4.js HTTP/1.1" 304 - "http://localhost:5000/admin/dashboard" "Mozilla/5.0 (X11; Linux x86_64) AppleWebKit/537.36 (KHTML, like Gecko) Chrome/89.0.4389.82 Safari/537.36"
::1 - - [23/Mar/2021:18:53:57 +0000] "GET /admin_assets/plugins/moment/moment.min.js HTTP/1.1" 304 - "http://localhost:5000/admin/dashboard" "Mozilla/5.0 (X11; Linux x86_64) AppleWebKit/537.36 (KHTML, like Gecko) Chrome/89.0.4389.82 Safari/537.36"
::1 - - [23/Mar/2021:18:53:57 +0000] "GET /admin_assets/plugins/datatables/jquery.dataTables.js HTTP/1.1" 304 - "http://localhost:5000/admin/dashboard" "Mozilla/5.0 (X11; Linux x86_64) AppleWebKit/537.36 (KHTML, like Gecko) Chrome/89.0.4389.82 Safari/537.36"
::1 - - [23/Mar/2021:18:53:57 +0000] "GET /admin_assets/img/AdminLTELogo.png HTTP/1.1" 304 - "http://localhost:5000/admin/dashboard" "Mozilla/5.0 (X11; Linux x86_64) AppleWebKit/537.36 (KHTML, like Gecko) Chrome/89.0.4389.82 Safari/537.36"
::1 - - [23/Mar/2021:18:53:57 +0000] "GET /admin_assets/img/user2-160x160.jpg HTTP/1.1" 304 - "http://localhost:5000/admin/dashboard" "Mozilla/5.0 (X11; Linux x86_64) AppleWebKit/537.36 (KHTML, like Gecko) Chrome/89.0.4389.82 Safari/537.36"
::1 - - [23/Mar/2021:18:53:57 +0000] "GET /admin_assets/plugins/fontawesome-free/webfonts/fa-regular-400.woff2 HTTP/1.1" 304 - "http://localhost:5000/admin_assets/plugins/fontawesome-free/css/all.min.css" "Mozilla/5.0 (X11; Linux x86_64) AppleWebKit/537.36 (KHTML, like Gecko) Chrome/89.0.4389.82 Safari/537.36"
::1 - - [23/Mar/2021:18:54:00 +0000] "GET /admin/referralList HTTP/1.1" 200 18381 "http://localhost:5000/admin/dashboard" "Mozilla/5.0 (X11; Linux x86_64) AppleWebKit/537.36 (KHTML, like Gecko) Chrome/89.0.4389.82 Safari/537.36"
::1 - - [23/Mar/2021:18:54:00 +0000] "GET /admin_assets/plugins/fontawesome-free/css/all.min.css HTTP/1.1" 304 - "http://localhost:5000/admin/referralList" "Mozilla/5.0 (X11; Linux x86_64) AppleWebKit/537.36 (KHTML, like Gecko) Chrome/89.0.4389.82 Safari/537.36"
::1 - - [23/Mar/2021:18:54:00 +0000] "GET /admin_assets/plugins/overlayScrollbars/css/OverlayScrollbars.min.css HTTP/1.1" 304 - "http://localhost:5000/admin/referralList" "Mozilla/5.0 (X11; Linux x86_64) AppleWebKit/537.36 (KHTML, like Gecko) Chrome/89.0.4389.82 Safari/537.36"
::1 - - [23/Mar/2021:18:54:00 +0000] "GET /admin_assets/plugins/datatables-bs4/css/dataTables.bootstrap4.css HTTP/1.1" 304 - "http://localhost:5000/admin/referralList" "Mozilla/5.0 (X11; Linux x86_64) AppleWebKit/537.36 (KHTML, like Gecko) Chrome/89.0.4389.82 Safari/537.36"
::1 - - [23/Mar/2021:18:54:00 +0000] "GET /admin_assets/css/adminlte.min.css HTTP/1.1" 304 - "http://localhost:5000/admin/referralList" "Mozilla/5.0 (X11; Linux x86_64) AppleWebKit/537.36 (KHTML, like Gecko) Chrome/89.0.4389.82 Safari/537.36"
::1 - - [23/Mar/2021:18:54:00 +0000] "GET /admin_assets/plugins/jquery/jquery.min.js HTTP/1.1" 304 - "http://localhost:5000/admin/referralList" "Mozilla/5.0 (X11; Linux x86_64) AppleWebKit/537.36 (KHTML, like Gecko) Chrome/89.0.4389.82 Safari/537.36"
::1 - - [23/Mar/2021:18:54:00 +0000] "GET /admin_assets/plugins/bootstrap/js/bootstrap.bundle.min.js HTTP/1.1" 304 - "http://localhost:5000/admin/referralList" "Mozilla/5.0 (X11; Linux x86_64) AppleWebKit/537.36 (KHTML, like Gecko) Chrome/89.0.4389.82 Safari/537.36"
::1 - - [23/Mar/2021:18:54:00 +0000] "GET /admin_assets/plugins/overlayScrollbars/js/jquery.overlayScrollbars.min.js HTTP/1.1" 304 - "http://localhost:5000/admin/referralList" "Mozilla/5.0 (X11; Linux x86_64) AppleWebKit/537.36 (KHTML, like Gecko) Chrome/89.0.4389.82 Safari/537.36"
::1 - - [23/Mar/2021:18:54:00 +0000] "GET /admin_assets/js/adminlte.js HTTP/1.1" 304 - "http://localhost:5000/admin/referralList" "Mozilla/5.0 (X11; Linux x86_64) AppleWebKit/537.36 (KHTML, like Gecko) Chrome/89.0.4389.82 Safari/537.36"
::1 - - [23/Mar/2021:18:54:00 +0000] "GET /admin_assets/plugins/datatables/jquery.dataTables.js HTTP/1.1" 304 - "http://localhost:5000/admin/referralList" "Mozilla/5.0 (X11; Linux x86_64) AppleWebKit/537.36 (KHTML, like Gecko) Chrome/89.0.4389.82 Safari/537.36"
::1 - - [23/Mar/2021:18:54:00 +0000] "GET /admin_assets/plugins/datatables-bs4/js/dataTables.bootstrap4.js HTTP/1.1" 304 - "http://localhost:5000/admin/referralList" "Mozilla/5.0 (X11; Linux x86_64) AppleWebKit/537.36 (KHTML, like Gecko) Chrome/89.0.4389.82 Safari/537.36"
::1 - - [23/Mar/2021:18:54:00 +0000] "GET /admin_assets/plugins/moment/moment.min.js HTTP/1.1" 304 - "http://localhost:5000/admin/referralList" "Mozilla/5.0 (X11; Linux x86_64) AppleWebKit/537.36 (KHTML, like Gecko) Chrome/89.0.4389.82 Safari/537.36"
::1 - - [23/Mar/2021:18:54:00 +0000] "GET /admin_assets/js/dashboard.js HTTP/1.1" 304 - "http://localhost:5000/admin/referralList" "Mozilla/5.0 (X11; Linux x86_64) AppleWebKit/537.36 (KHTML, like Gecko) Chrome/89.0.4389.82 Safari/537.36"
::1 - - [23/Mar/2021:18:54:00 +0000] "GET /admin_assets/js/validation.js HTTP/1.1" 304 - "http://localhost:5000/admin/referralList" "Mozilla/5.0 (X11; Linux x86_64) AppleWebKit/537.36 (KHTML, like Gecko) Chrome/89.0.4389.82 Safari/537.36"
::1 - - [23/Mar/2021:18:54:00 +0000] "GET /admin_assets/img/AdminLTELogo.png HTTP/1.1" 304 - "http://localhost:5000/admin/referralList" "Mozilla/5.0 (X11; Linux x86_64) AppleWebKit/537.36 (KHTML, like Gecko) Chrome/89.0.4389.82 Safari/537.36"
::1 - - [23/Mar/2021:18:54:00 +0000] "GET /admin_assets/img/user2-160x160.jpg HTTP/1.1" 304 - "http://localhost:5000/admin/referralList" "Mozilla/5.0 (X11; Linux x86_64) AppleWebKit/537.36 (KHTML, like Gecko) Chrome/89.0.4389.82 Safari/537.36"
::1 - - [23/Mar/2021:18:54:03 +0000] "GET /admin/addReferral HTTP/1.1" 200 36275 "http://localhost:5000/admin/referralList" "Mozilla/5.0 (X11; Linux x86_64) AppleWebKit/537.36 (KHTML, like Gecko) Chrome/89.0.4389.82 Safari/537.36"
::1 - - [23/Mar/2021:18:54:03 +0000] "GET /admin_assets/plugins/fontawesome-free/css/all.min.css HTTP/1.1" 304 - "http://localhost:5000/admin/addReferral" "Mozilla/5.0 (X11; Linux x86_64) AppleWebKit/537.36 (KHTML, like Gecko) Chrome/89.0.4389.82 Safari/537.36"
::1 - - [23/Mar/2021:18:54:03 +0000] "GET /admin_assets/plugins/overlayScrollbars/css/OverlayScrollbars.min.css HTTP/1.1" 304 - "http://localhost:5000/admin/addReferral" "Mozilla/5.0 (X11; Linux x86_64) AppleWebKit/537.36 (KHTML, like Gecko) Chrome/89.0.4389.82 Safari/537.36"
::1 - - [23/Mar/2021:18:54:03 +0000] "GET /admin_assets/plugins/datatables-bs4/css/dataTables.bootstrap4.css HTTP/1.1" 304 - "http://localhost:5000/admin/addReferral" "Mozilla/5.0 (X11; Linux x86_64) AppleWebKit/537.36 (KHTML, like Gecko) Chrome/89.0.4389.82 Safari/537.36"
::1 - - [23/Mar/2021:18:54:03 +0000] "GET /admin_assets/css/adminlte.min.css HTTP/1.1" 304 - "http://localhost:5000/admin/addReferral" "Mozilla/5.0 (X11; Linux x86_64) AppleWebKit/537.36 (KHTML, like Gecko) Chrome/89.0.4389.82 Safari/537.36"
::1 - - [23/Mar/2021:18:54:03 +0000] "GET /admin_assets/plugins/jquery/jquery.min.js HTTP/1.1" 304 - "http://localhost:5000/admin/addReferral" "Mozilla/5.0 (X11; Linux x86_64) AppleWebKit/537.36 (KHTML, like Gecko) Chrome/89.0.4389.82 Safari/537.36"
::1 - - [23/Mar/2021:18:54:03 +0000] "GET /admin_assets/plugins/bootstrap/js/bootstrap.bundle.min.js HTTP/1.1" 304 - "http://localhost:5000/admin/addReferral" "Mozilla/5.0 (X11; Linux x86_64) AppleWebKit/537.36 (KHTML, like Gecko) Chrome/89.0.4389.82 Safari/537.36"
::1 - - [23/Mar/2021:18:54:03 +0000] "GET /admin_assets/plugins/overlayScrollbars/js/jquery.overlayScrollbars.min.js HTTP/1.1" 304 - "http://localhost:5000/admin/addReferral" "Mozilla/5.0 (X11; Linux x86_64) AppleWebKit/537.36 (KHTML, like Gecko) Chrome/89.0.4389.82 Safari/537.36"
::1 - - [23/Mar/2021:18:54:03 +0000] "GET /admin_assets/js/adminlte.js HTTP/1.1" 304 - "http://localhost:5000/admin/addReferral" "Mozilla/5.0 (X11; Linux x86_64) AppleWebKit/537.36 (KHTML, like Gecko) Chrome/89.0.4389.82 Safari/537.36"
::1 - - [23/Mar/2021:18:54:03 +0000] "GET /admin_assets/plugins/datatables/jquery.dataTables.js HTTP/1.1" 304 - "http://localhost:5000/admin/addReferral" "Mozilla/5.0 (X11; Linux x86_64) AppleWebKit/537.36 (KHTML, like Gecko) Chrome/89.0.4389.82 Safari/537.36"
::1 - - [23/Mar/2021:18:54:03 +0000] "GET /admin_assets/plugins/datatables-bs4/js/dataTables.bootstrap4.js HTTP/1.1" 304 - "http://localhost:5000/admin/addReferral" "Mozilla/5.0 (X11; Linux x86_64) AppleWebKit/537.36 (KHTML, like Gecko) Chrome/89.0.4389.82 Safari/537.36"
::1 - - [23/Mar/2021:18:54:03 +0000] "GET /admin_assets/plugins/moment/moment.min.js HTTP/1.1" 304 - "http://localhost:5000/admin/addReferral" "Mozilla/5.0 (X11; Linux x86_64) AppleWebKit/537.36 (KHTML, like Gecko) Chrome/89.0.4389.82 Safari/537.36"
::1 - - [23/Mar/2021:18:54:03 +0000] "GET /admin_assets/js/dashboard.js HTTP/1.1" 304 - "http://localhost:5000/admin/addReferral" "Mozilla/5.0 (X11; Linux x86_64) AppleWebKit/537.36 (KHTML, like Gecko) Chrome/89.0.4389.82 Safari/537.36"
::1 - - [23/Mar/2021:18:54:03 +0000] "GET /admin_assets/js/validation.js HTTP/1.1" 304 - "http://localhost:5000/admin/addReferral" "Mozilla/5.0 (X11; Linux x86_64) AppleWebKit/537.36 (KHTML, like Gecko) Chrome/89.0.4389.82 Safari/537.36"
::1 - - [23/Mar/2021:18:54:03 +0000] "GET /admin_assets/img/AdminLTELogo.png HTTP/1.1" 304 - "http://localhost:5000/admin/addReferral" "Mozilla/5.0 (X11; Linux x86_64) AppleWebKit/537.36 (KHTML, like Gecko) Chrome/89.0.4389.82 Safari/537.36"
::1 - - [23/Mar/2021:18:54:03 +0000] "GET /admin_assets/img/user2-160x160.jpg HTTP/1.1" 304 - "http://localhost:5000/admin/addReferral" "Mozilla/5.0 (X11; Linux x86_64) AppleWebKit/537.36 (KHTML, like Gecko) Chrome/89.0.4389.82 Safari/537.36"
::1 - - [23/Mar/2021:18:57:08 +0000] "POST /admin/addReferral HTTP/1.1" 302 82 "http://localhost:5000/admin/addReferral" "Mozilla/5.0 (X11; Linux x86_64) AppleWebKit/537.36 (KHTML, like Gecko) Chrome/89.0.4389.82 Safari/537.36"
::1 - - [23/Mar/2021:18:57:08 +0000] "GET /admin/referralList HTTP/1.1" 200 18831 "http://localhost:5000/admin/addReferral" "Mozilla/5.0 (X11; Linux x86_64) AppleWebKit/537.36 (KHTML, like Gecko) Chrome/89.0.4389.82 Safari/537.36"
::1 - - [23/Mar/2021:18:57:08 +0000] "GET /admin_assets/plugins/fontawesome-free/css/all.min.css HTTP/1.1" 304 - "http://localhost:5000/admin/referralList" "Mozilla/5.0 (X11; Linux x86_64) AppleWebKit/537.36 (KHTML, like Gecko) Chrome/89.0.4389.82 Safari/537.36"
::1 - - [23/Mar/2021:18:57:08 +0000] "GET /admin_assets/plugins/overlayScrollbars/css/OverlayScrollbars.min.css HTTP/1.1" 304 - "http://localhost:5000/admin/referralList" "Mozilla/5.0 (X11; Linux x86_64) AppleWebKit/537.36 (KHTML, like Gecko) Chrome/89.0.4389.82 Safari/537.36"
::1 - - [23/Mar/2021:18:57:08 +0000] "GET /admin_assets/plugins/datatables-bs4/css/dataTables.bootstrap4.css HTTP/1.1" 304 - "http://localhost:5000/admin/referralList" "Mozilla/5.0 (X11; Linux x86_64) AppleWebKit/537.36 (KHTML, like Gecko) Chrome/89.0.4389.82 Safari/537.36"
::1 - - [23/Mar/2021:18:57:08 +0000] "GET /admin_assets/css/adminlte.min.css HTTP/1.1" 304 - "http://localhost:5000/admin/referralList" "Mozilla/5.0 (X11; Linux x86_64) AppleWebKit/537.36 (KHTML, like Gecko) Chrome/89.0.4389.82 Safari/537.36"
::1 - - [23/Mar/2021:18:57:08 +0000] "GET /admin_assets/plugins/jquery/jquery.min.js HTTP/1.1" 304 - "http://localhost:5000/admin/referralList" "Mozilla/5.0 (X11; Linux x86_64) AppleWebKit/537.36 (KHTML, like Gecko) Chrome/89.0.4389.82 Safari/537.36"
::1 - - [23/Mar/2021:18:57:08 +0000] "GET /admin_assets/plugins/bootstrap/js/bootstrap.bundle.min.js HTTP/1.1" 304 - "http://localhost:5000/admin/referralList" "Mozilla/5.0 (X11; Linux x86_64) AppleWebKit/537.36 (KHTML, like Gecko) Chrome/89.0.4389.82 Safari/537.36"
::1 - - [23/Mar/2021:18:57:08 +0000] "GET /admin_assets/plugins/overlayScrollbars/js/jquery.overlayScrollbars.min.js HTTP/1.1" 304 - "http://localhost:5000/admin/referralList" "Mozilla/5.0 (X11; Linux x86_64) AppleWebKit/537.36 (KHTML, like Gecko) Chrome/89.0.4389.82 Safari/537.36"
::1 - - [23/Mar/2021:18:57:08 +0000] "GET /admin_assets/js/adminlte.js HTTP/1.1" 304 - "http://localhost:5000/admin/referralList" "Mozilla/5.0 (X11; Linux x86_64) AppleWebKit/537.36 (KHTML, like Gecko) Chrome/89.0.4389.82 Safari/537.36"
::1 - - [23/Mar/2021:18:57:08 +0000] "GET /admin_assets/plugins/datatables/jquery.dataTables.js HTTP/1.1" 304 - "http://localhost:5000/admin/referralList" "Mozilla/5.0 (X11; Linux x86_64) AppleWebKit/537.36 (KHTML, like Gecko) Chrome/89.0.4389.82 Safari/537.36"
::1 - - [23/Mar/2021:18:57:08 +0000] "GET /admin_assets/plugins/datatables-bs4/js/dataTables.bootstrap4.js HTTP/1.1" 304 - "http://localhost:5000/admin/referralList" "Mozilla/5.0 (X11; Linux x86_64) AppleWebKit/537.36 (KHTML, like Gecko) Chrome/89.0.4389.82 Safari/537.36"
::1 - - [23/Mar/2021:18:57:08 +0000] "GET /admin_assets/plugins/moment/moment.min.js HTTP/1.1" 304 - "http://localhost:5000/admin/referralList" "Mozilla/5.0 (X11; Linux x86_64) AppleWebKit/537.36 (KHTML, like Gecko) Chrome/89.0.4389.82 Safari/537.36"
::1 - - [23/Mar/2021:18:57:08 +0000] "GET /admin_assets/js/dashboard.js HTTP/1.1" 304 - "http://localhost:5000/admin/referralList" "Mozilla/5.0 (X11; Linux x86_64) AppleWebKit/537.36 (KHTML, like Gecko) Chrome/89.0.4389.82 Safari/537.36"
::1 - - [23/Mar/2021:18:57:08 +0000] "GET /admin_assets/js/validation.js HTTP/1.1" 304 - "http://localhost:5000/admin/referralList" "Mozilla/5.0 (X11; Linux x86_64) AppleWebKit/537.36 (KHTML, like Gecko) Chrome/89.0.4389.82 Safari/537.36"
::1 - - [23/Mar/2021:18:57:08 +0000] "GET /admin_assets/img/AdminLTELogo.png HTTP/1.1" 304 - "http://localhost:5000/admin/referralList" "Mozilla/5.0 (X11; Linux x86_64) AppleWebKit/537.36 (KHTML, like Gecko) Chrome/89.0.4389.82 Safari/537.36"
::1 - - [23/Mar/2021:18:57:08 +0000] "GET /admin_assets/img/user2-160x160.jpg HTTP/1.1" 304 - "http://localhost:5000/admin/referralList" "Mozilla/5.0 (X11; Linux x86_64) AppleWebKit/537.36 (KHTML, like Gecko) Chrome/89.0.4389.82 Safari/537.36"
::1 - - [23/Mar/2021:18:57:08 +0000] "GET /admin_assets/plugins/fontawesome-free/webfonts/fa-solid-900.woff2 HTTP/1.1" 304 - "http://localhost:5000/admin_assets/plugins/fontawesome-free/css/all.min.css" "Mozilla/5.0 (X11; Linux x86_64) AppleWebKit/537.36 (KHTML, like Gecko) Chrome/89.0.4389.82 Safari/537.36"
::1 - - [23/Mar/2021:18:57:08 +0000] "GET /admin_assets/plugins/fontawesome-free/webfonts/fa-regular-400.woff2 HTTP/1.1" 304 - "http://localhost:5000/admin_assets/plugins/fontawesome-free/css/all.min.css" "Mozilla/5.0 (X11; Linux x86_64) AppleWebKit/537.36 (KHTML, like Gecko) Chrome/89.0.4389.82 Safari/537.36"
::1 - - [23/Mar/2021:18:57:19 +0000] "GET /admin/referralList HTTP/1.1" 200 18381 "-" "Mozilla/5.0 (X11; Linux x86_64) AppleWebKit/537.36 (KHTML, like Gecko) Chrome/89.0.4389.82 Safari/537.36"
::1 - - [23/Mar/2021:18:57:19 +0000] "GET /admin_assets/plugins/fontawesome-free/css/all.min.css HTTP/1.1" 304 - "http://localhost:5000/admin/referralList" "Mozilla/5.0 (X11; Linux x86_64) AppleWebKit/537.36 (KHTML, like Gecko) Chrome/89.0.4389.82 Safari/537.36"
::1 - - [23/Mar/2021:18:57:19 +0000] "GET /admin_assets/plugins/overlayScrollbars/css/OverlayScrollbars.min.css HTTP/1.1" 304 - "http://localhost:5000/admin/referralList" "Mozilla/5.0 (X11; Linux x86_64) AppleWebKit/537.36 (KHTML, like Gecko) Chrome/89.0.4389.82 Safari/537.36"
::1 - - [23/Mar/2021:18:57:19 +0000] "GET /admin_assets/plugins/datatables-bs4/css/dataTables.bootstrap4.css HTTP/1.1" 304 - "http://localhost:5000/admin/referralList" "Mozilla/5.0 (X11; Linux x86_64) AppleWebKit/537.36 (KHTML, like Gecko) Chrome/89.0.4389.82 Safari/537.36"
::1 - - [23/Mar/2021:18:57:19 +0000] "GET /admin_assets/css/adminlte.min.css HTTP/1.1" 304 - "http://localhost:5000/admin/referralList" "Mozilla/5.0 (X11; Linux x86_64) AppleWebKit/537.36 (KHTML, like Gecko) Chrome/89.0.4389.82 Safari/537.36"
::1 - - [23/Mar/2021:18:57:19 +0000] "GET /admin_assets/plugins/jquery/jquery.min.js HTTP/1.1" 304 - "http://localhost:5000/admin/referralList" "Mozilla/5.0 (X11; Linux x86_64) AppleWebKit/537.36 (KHTML, like Gecko) Chrome/89.0.4389.82 Safari/537.36"
::1 - - [23/Mar/2021:18:57:19 +0000] "GET /admin_assets/plugins/bootstrap/js/bootstrap.bundle.min.js HTTP/1.1" 304 - "http://localhost:5000/admin/referralList" "Mozilla/5.0 (X11; Linux x86_64) AppleWebKit/537.36 (KHTML, like Gecko) Chrome/89.0.4389.82 Safari/537.36"
::1 - - [23/Mar/2021:18:57:19 +0000] "GET /admin_assets/plugins/overlayScrollbars/js/jquery.overlayScrollbars.min.js HTTP/1.1" 304 - "http://localhost:5000/admin/referralList" "Mozilla/5.0 (X11; Linux x86_64) AppleWebKit/537.36 (KHTML, like Gecko) Chrome/89.0.4389.82 Safari/537.36"
::1 - - [23/Mar/2021:18:57:19 +0000] "GET /admin_assets/js/adminlte.js HTTP/1.1" 304 - "http://localhost:5000/admin/referralList" "Mozilla/5.0 (X11; Linux x86_64) AppleWebKit/537.36 (KHTML, like Gecko) Chrome/89.0.4389.82 Safari/537.36"
::1 - - [23/Mar/2021:18:57:19 +0000] "GET /admin_assets/plugins/datatables/jquery.dataTables.js HTTP/1.1" 304 - "http://localhost:5000/admin/referralList" "Mozilla/5.0 (X11; Linux x86_64) AppleWebKit/537.36 (KHTML, like Gecko) Chrome/89.0.4389.82 Safari/537.36"
::1 - - [23/Mar/2021:18:57:19 +0000] "GET /admin_assets/plugins/datatables-bs4/js/dataTables.bootstrap4.js HTTP/1.1" 304 - "http://localhost:5000/admin/referralList" "Mozilla/5.0 (X11; Linux x86_64) AppleWebKit/537.36 (KHTML, like Gecko) Chrome/89.0.4389.82 Safari/537.36"
::1 - - [23/Mar/2021:18:57:19 +0000] "GET /admin_assets/plugins/moment/moment.min.js HTTP/1.1" 304 - "http://localhost:5000/admin/referralList" "Mozilla/5.0 (X11; Linux x86_64) AppleWebKit/537.36 (KHTML, like Gecko) Chrome/89.0.4389.82 Safari/537.36"
::1 - - [23/Mar/2021:18:57:19 +0000] "GET /admin_assets/js/dashboard.js HTTP/1.1" 304 - "http://localhost:5000/admin/referralList" "Mozilla/5.0 (X11; Linux x86_64) AppleWebKit/537.36 (KHTML, like Gecko) Chrome/89.0.4389.82 Safari/537.36"
::1 - - [23/Mar/2021:18:57:19 +0000] "GET /admin_assets/js/validation.js HTTP/1.1" 304 - "http://localhost:5000/admin/referralList" "Mozilla/5.0 (X11; Linux x86_64) AppleWebKit/537.36 (KHTML, like Gecko) Chrome/89.0.4389.82 Safari/537.36"
::1 - - [23/Mar/2021:18:57:19 +0000] "GET /admin_assets/img/AdminLTELogo.png HTTP/1.1" 304 - "http://localhost:5000/admin/referralList" "Mozilla/5.0 (X11; Linux x86_64) AppleWebKit/537.36 (KHTML, like Gecko) Chrome/89.0.4389.82 Safari/537.36"
::1 - - [23/Mar/2021:18:57:19 +0000] "GET /admin_assets/img/user2-160x160.jpg HTTP/1.1" 304 - "http://localhost:5000/admin/referralList" "Mozilla/5.0 (X11; Linux x86_64) AppleWebKit/537.36 (KHTML, like Gecko) Chrome/89.0.4389.82 Safari/537.36"
::1 - - [23/Mar/2021:18:57:19 +0000] "GET /admin_assets/plugins/fontawesome-free/webfonts/fa-solid-900.woff2 HTTP/1.1" 304 - "http://localhost:5000/admin_assets/plugins/fontawesome-free/css/all.min.css" "Mozilla/5.0 (X11; Linux x86_64) AppleWebKit/537.36 (KHTML, like Gecko) Chrome/89.0.4389.82 Safari/537.36"
::1 - - [23/Mar/2021:18:57:19 +0000] "GET /admin_assets/plugins/fontawesome-free/webfonts/fa-regular-400.woff2 HTTP/1.1" 304 - "http://localhost:5000/admin_assets/plugins/fontawesome-free/css/all.min.css" "Mozilla/5.0 (X11; Linux x86_64) AppleWebKit/537.36 (KHTML, like Gecko) Chrome/89.0.4389.82 Safari/537.36"
::1 - - [23/Mar/2021:18:57:19 +0000] "GET /web_assets/assets/img/favicon.png HTTP/1.1" 200 477 "http://localhost:5000/admin/referralList" "Mozilla/5.0 (X11; Linux x86_64) AppleWebKit/537.36 (KHTML, like Gecko) Chrome/89.0.4389.82 Safari/537.36"
::1 - - [23/Mar/2021:18:58:32 +0000] "GET /admin/addReferral HTTP/1.1" 302 70 "http://localhost:5000/admin/referralList" "Mozilla/5.0 (X11; Linux x86_64) AppleWebKit/537.36 (KHTML, like Gecko) Chrome/89.0.4389.82 Safari/537.36"
::1 - - [23/Mar/2021:18:58:32 +0000] "GET /admin/logout HTTP/1.1" 302 68 "http://localhost:5000/admin/referralList" "Mozilla/5.0 (X11; Linux x86_64) AppleWebKit/537.36 (KHTML, like Gecko) Chrome/89.0.4389.82 Safari/537.36"
::1 - - [23/Mar/2021:18:58:32 +0000] "GET /admin/login HTTP/1.1" 200 3424 "http://localhost:5000/admin/referralList" "Mozilla/5.0 (X11; Linux x86_64) AppleWebKit/537.36 (KHTML, like Gecko) Chrome/89.0.4389.82 Safari/537.36"
::1 - - [23/Mar/2021:18:58:32 +0000] "GET /admin_assets/plugins/fontawesome-free/css/all.min.css HTTP/1.1" 304 - "http://localhost:5000/admin/login" "Mozilla/5.0 (X11; Linux x86_64) AppleWebKit/537.36 (KHTML, like Gecko) Chrome/89.0.4389.82 Safari/537.36"
::1 - - [23/Mar/2021:18:58:32 +0000] "GET /admin_assets/js/adminlte.min.js HTTP/1.1" 404 170 "http://localhost:5000/admin/login" "Mozilla/5.0 (X11; Linux x86_64) AppleWebKit/537.36 (KHTML, like Gecko) Chrome/89.0.4389.82 Safari/537.36"
::1 - - [23/Mar/2021:18:58:32 +0000] "GET /admin_assets/plugins/icheck-bootstrap/icheck-bootstrap.min.css HTTP/1.1" 404 201 "http://localhost:5000/admin/login" "Mozilla/5.0 (X11; Linux x86_64) AppleWebKit/537.36 (KHTML, like Gecko) Chrome/89.0.4389.82 Safari/537.36"
::1 - - [23/Mar/2021:18:58:32 +0000] "GET /admin_assets/css/adminlte.min.css HTTP/1.1" 304 - "http://localhost:5000/admin/login" "Mozilla/5.0 (X11; Linux x86_64) AppleWebKit/537.36 (KHTML, like Gecko) Chrome/89.0.4389.82 Safari/537.36"
::1 - - [23/Mar/2021:18:58:32 +0000] "GET /admin_assets/plugins/jquery/jquery.min.js HTTP/1.1" 304 - "http://localhost:5000/admin/login" "Mozilla/5.0 (X11; Linux x86_64) AppleWebKit/537.36 (KHTML, like Gecko) Chrome/89.0.4389.82 Safari/537.36"
::1 - - [23/Mar/2021:18:58:32 +0000] "GET /admin_assets/plugins/bootstrap/js/bootstrap.bundle.min.js HTTP/1.1" 304 - "http://localhost:5000/admin/login" "Mozilla/5.0 (X11; Linux x86_64) AppleWebKit/537.36 (KHTML, like Gecko) Chrome/89.0.4389.82 Safari/537.36"
::1 - - [23/Mar/2021:18:58:32 +0000] "GET /admin_assets/js/adminlte.min.js HTTP/1.1" 404 170 "http://localhost:5000/admin/login" "Mozilla/5.0 (X11; Linux x86_64) AppleWebKit/537.36 (KHTML, like Gecko) Chrome/89.0.4389.82 Safari/537.36"
::1 - - [23/Mar/2021:18:58:32 +0000] "GET /admin_assets/plugins/fontawesome-free/webfonts/fa-solid-900.woff2 HTTP/1.1" 304 - "http://localhost:5000/admin_assets/plugins/fontawesome-free/css/all.min.css" "Mozilla/5.0 (X11; Linux x86_64) AppleWebKit/537.36 (KHTML, like Gecko) Chrome/89.0.4389.82 Safari/537.36"
::1 - - [23/Mar/2021:19:00:41 +0000] "POST /admin/login HTTP/1.1" 302 76 "http://localhost:5000/admin/login" "Mozilla/5.0 (X11; Linux x86_64) AppleWebKit/537.36 (KHTML, like Gecko) Chrome/89.0.4389.82 Safari/537.36"
::1 - - [23/Mar/2021:19:00:41 +0000] "GET /admin/dashboard HTTP/1.1" 304 - "http://localhost:5000/admin/login" "Mozilla/5.0 (X11; Linux x86_64) AppleWebKit/537.36 (KHTML, like Gecko) Chrome/89.0.4389.82 Safari/537.36"
::1 - - [23/Mar/2021:19:00:41 +0000] "GET /admin_assets/plugins/fontawesome-free/css/all.min.css HTTP/1.1" 304 - "http://localhost:5000/admin/dashboard" "Mozilla/5.0 (X11; Linux x86_64) AppleWebKit/537.36 (KHTML, like Gecko) Chrome/89.0.4389.82 Safari/537.36"
::1 - - [23/Mar/2021:19:00:41 +0000] "GET /admin_assets/plugins/overlayScrollbars/css/OverlayScrollbars.min.css HTTP/1.1" 304 - "http://localhost:5000/admin/dashboard" "Mozilla/5.0 (X11; Linux x86_64) AppleWebKit/537.36 (KHTML, like Gecko) Chrome/89.0.4389.82 Safari/537.36"
::1 - - [23/Mar/2021:19:00:41 +0000] "GET /admin_assets/plugins/datatables-bs4/css/dataTables.bootstrap4.css HTTP/1.1" 304 - "http://localhost:5000/admin/dashboard" "Mozilla/5.0 (X11; Linux x86_64) AppleWebKit/537.36 (KHTML, like Gecko) Chrome/89.0.4389.82 Safari/537.36"
::1 - - [23/Mar/2021:19:00:41 +0000] "GET /admin_assets/css/adminlte.min.css HTTP/1.1" 304 - "http://localhost:5000/admin/dashboard" "Mozilla/5.0 (X11; Linux x86_64) AppleWebKit/537.36 (KHTML, like Gecko) Chrome/89.0.4389.82 Safari/537.36"
::1 - - [23/Mar/2021:19:00:41 +0000] "GET /admin_assets/plugins/jquery/jquery.min.js HTTP/1.1" 304 - "http://localhost:5000/admin/dashboard" "Mozilla/5.0 (X11; Linux x86_64) AppleWebKit/537.36 (KHTML, like Gecko) Chrome/89.0.4389.82 Safari/537.36"
::1 - - [23/Mar/2021:19:00:41 +0000] "GET /admin_assets/plugins/bootstrap/js/bootstrap.bundle.min.js HTTP/1.1" 304 - "http://localhost:5000/admin/dashboard" "Mozilla/5.0 (X11; Linux x86_64) AppleWebKit/537.36 (KHTML, like Gecko) Chrome/89.0.4389.82 Safari/537.36"
::1 - - [23/Mar/2021:19:00:41 +0000] "GET /admin_assets/plugins/overlayScrollbars/js/jquery.overlayScrollbars.min.js HTTP/1.1" 304 - "http://localhost:5000/admin/dashboard" "Mozilla/5.0 (X11; Linux x86_64) AppleWebKit/537.36 (KHTML, like Gecko) Chrome/89.0.4389.82 Safari/537.36"
::1 - - [23/Mar/2021:19:00:41 +0000] "GET /admin_assets/js/adminlte.js HTTP/1.1" 304 - "http://localhost:5000/admin/dashboard" "Mozilla/5.0 (X11; Linux x86_64) AppleWebKit/537.36 (KHTML, like Gecko) Chrome/89.0.4389.82 Safari/537.36"
::1 - - [23/Mar/2021:19:00:41 +0000] "GET /admin_assets/plugins/datatables/jquery.dataTables.js HTTP/1.1" 304 - "http://localhost:5000/admin/dashboard" "Mozilla/5.0 (X11; Linux x86_64) AppleWebKit/537.36 (KHTML, like Gecko) Chrome/89.0.4389.82 Safari/537.36"
::1 - - [23/Mar/2021:19:00:41 +0000] "GET /admin_assets/plugins/datatables-bs4/js/dataTables.bootstrap4.js HTTP/1.1" 304 - "http://localhost:5000/admin/dashboard" "Mozilla/5.0 (X11; Linux x86_64) AppleWebKit/537.36 (KHTML, like Gecko) Chrome/89.0.4389.82 Safari/537.36"
::1 - - [23/Mar/2021:19:00:41 +0000] "GET /admin_assets/plugins/moment/moment.min.js HTTP/1.1" 304 - "http://localhost:5000/admin/dashboard" "Mozilla/5.0 (X11; Linux x86_64) AppleWebKit/537.36 (KHTML, like Gecko) Chrome/89.0.4389.82 Safari/537.36"
::1 - - [23/Mar/2021:19:00:41 +0000] "GET /admin_assets/js/dashboard.js HTTP/1.1" 304 - "http://localhost:5000/admin/dashboard" "Mozilla/5.0 (X11; Linux x86_64) AppleWebKit/537.36 (KHTML, like Gecko) Chrome/89.0.4389.82 Safari/537.36"
::1 - - [23/Mar/2021:19:00:41 +0000] "GET /admin_assets/js/validation.js HTTP/1.1" 304 - "http://localhost:5000/admin/dashboard" "Mozilla/5.0 (X11; Linux x86_64) AppleWebKit/537.36 (KHTML, like Gecko) Chrome/89.0.4389.82 Safari/537.36"
::1 - - [23/Mar/2021:19:00:41 +0000] "GET /admin_assets/img/AdminLTELogo.png HTTP/1.1" 304 - "http://localhost:5000/admin/dashboard" "Mozilla/5.0 (X11; Linux x86_64) AppleWebKit/537.36 (KHTML, like Gecko) Chrome/89.0.4389.82 Safari/537.36"
::1 - - [23/Mar/2021:19:00:41 +0000] "GET /admin_assets/img/user2-160x160.jpg HTTP/1.1" 304 - "http://localhost:5000/admin/dashboard" "Mozilla/5.0 (X11; Linux x86_64) AppleWebKit/537.36 (KHTML, like Gecko) Chrome/89.0.4389.82 Safari/537.36"
::1 - - [23/Mar/2021:19:00:41 +0000] "GET /admin_assets/plugins/fontawesome-free/webfonts/fa-solid-900.woff2 HTTP/1.1" 304 - "http://localhost:5000/admin_assets/plugins/fontawesome-free/css/all.min.css" "Mozilla/5.0 (X11; Linux x86_64) AppleWebKit/537.36 (KHTML, like Gecko) Chrome/89.0.4389.82 Safari/537.36"
::1 - - [23/Mar/2021:19:00:41 +0000] "GET /admin_assets/plugins/fontawesome-free/webfonts/fa-regular-400.woff2 HTTP/1.1" 304 - "http://localhost:5000/admin_assets/plugins/fontawesome-free/css/all.min.css" "Mozilla/5.0 (X11; Linux x86_64) AppleWebKit/537.36 (KHTML, like Gecko) Chrome/89.0.4389.82 Safari/537.36"
::1 - - [23/Mar/2021:19:00:45 +0000] "GET /admin/referralList HTTP/1.1" 304 - "http://localhost:5000/admin/dashboard" "Mozilla/5.0 (X11; Linux x86_64) AppleWebKit/537.36 (KHTML, like Gecko) Chrome/89.0.4389.82 Safari/537.36"
::1 - - [23/Mar/2021:19:00:45 +0000] "GET /admin_assets/plugins/fontawesome-free/css/all.min.css HTTP/1.1" 304 - "http://localhost:5000/admin/referralList" "Mozilla/5.0 (X11; Linux x86_64) AppleWebKit/537.36 (KHTML, like Gecko) Chrome/89.0.4389.82 Safari/537.36"
::1 - - [23/Mar/2021:19:00:45 +0000] "GET /admin_assets/plugins/overlayScrollbars/css/OverlayScrollbars.min.css HTTP/1.1" 304 - "http://localhost:5000/admin/referralList" "Mozilla/5.0 (X11; Linux x86_64) AppleWebKit/537.36 (KHTML, like Gecko) Chrome/89.0.4389.82 Safari/537.36"
::1 - - [23/Mar/2021:19:00:45 +0000] "GET /admin_assets/plugins/datatables-bs4/css/dataTables.bootstrap4.css HTTP/1.1" 304 - "http://localhost:5000/admin/referralList" "Mozilla/5.0 (X11; Linux x86_64) AppleWebKit/537.36 (KHTML, like Gecko) Chrome/89.0.4389.82 Safari/537.36"
::1 - - [23/Mar/2021:19:00:45 +0000] "GET /admin_assets/css/adminlte.min.css HTTP/1.1" 304 - "http://localhost:5000/admin/referralList" "Mozilla/5.0 (X11; Linux x86_64) AppleWebKit/537.36 (KHTML, like Gecko) Chrome/89.0.4389.82 Safari/537.36"
::1 - - [23/Mar/2021:19:00:45 +0000] "GET /admin_assets/plugins/jquery/jquery.min.js HTTP/1.1" 304 - "http://localhost:5000/admin/referralList" "Mozilla/5.0 (X11; Linux x86_64) AppleWebKit/537.36 (KHTML, like Gecko) Chrome/89.0.4389.82 Safari/537.36"
::1 - - [23/Mar/2021:19:00:45 +0000] "GET /admin_assets/plugins/bootstrap/js/bootstrap.bundle.min.js HTTP/1.1" 304 - "http://localhost:5000/admin/referralList" "Mozilla/5.0 (X11; Linux x86_64) AppleWebKit/537.36 (KHTML, like Gecko) Chrome/89.0.4389.82 Safari/537.36"
::1 - - [23/Mar/2021:19:00:45 +0000] "GET /admin_assets/plugins/overlayScrollbars/js/jquery.overlayScrollbars.min.js HTTP/1.1" 304 - "http://localhost:5000/admin/referralList" "Mozilla/5.0 (X11; Linux x86_64) AppleWebKit/537.36 (KHTML, like Gecko) Chrome/89.0.4389.82 Safari/537.36"
::1 - - [23/Mar/2021:19:00:45 +0000] "GET /admin_assets/js/adminlte.js HTTP/1.1" 304 - "http://localhost:5000/admin/referralList" "Mozilla/5.0 (X11; Linux x86_64) AppleWebKit/537.36 (KHTML, like Gecko) Chrome/89.0.4389.82 Safari/537.36"
::1 - - [23/Mar/2021:19:00:45 +0000] "GET /admin_assets/plugins/datatables/jquery.dataTables.js HTTP/1.1" 304 - "http://localhost:5000/admin/referralList" "Mozilla/5.0 (X11; Linux x86_64) AppleWebKit/537.36 (KHTML, like Gecko) Chrome/89.0.4389.82 Safari/537.36"
::1 - - [23/Mar/2021:19:00:45 +0000] "GET /admin_assets/plugins/datatables-bs4/js/dataTables.bootstrap4.js HTTP/1.1" 304 - "http://localhost:5000/admin/referralList" "Mozilla/5.0 (X11; Linux x86_64) AppleWebKit/537.36 (KHTML, like Gecko) Chrome/89.0.4389.82 Safari/537.36"
::1 - - [23/Mar/2021:19:00:45 +0000] "GET /admin_assets/plugins/moment/moment.min.js HTTP/1.1" 304 - "http://localhost:5000/admin/referralList" "Mozilla/5.0 (X11; Linux x86_64) AppleWebKit/537.36 (KHTML, like Gecko) Chrome/89.0.4389.82 Safari/537.36"
::1 - - [23/Mar/2021:19:00:45 +0000] "GET /admin_assets/js/dashboard.js HTTP/1.1" 304 - "http://localhost:5000/admin/referralList" "Mozilla/5.0 (X11; Linux x86_64) AppleWebKit/537.36 (KHTML, like Gecko) Chrome/89.0.4389.82 Safari/537.36"
::1 - - [23/Mar/2021:19:00:45 +0000] "GET /admin_assets/js/validation.js HTTP/1.1" 304 - "http://localhost:5000/admin/referralList" "Mozilla/5.0 (X11; Linux x86_64) AppleWebKit/537.36 (KHTML, like Gecko) Chrome/89.0.4389.82 Safari/537.36"
::1 - - [23/Mar/2021:19:00:45 +0000] "GET /admin_assets/img/AdminLTELogo.png HTTP/1.1" 304 - "http://localhost:5000/admin/referralList" "Mozilla/5.0 (X11; Linux x86_64) AppleWebKit/537.36 (KHTML, like Gecko) Chrome/89.0.4389.82 Safari/537.36"
::1 - - [23/Mar/2021:19:00:45 +0000] "GET /admin_assets/img/user2-160x160.jpg HTTP/1.1" 304 - "http://localhost:5000/admin/referralList" "Mozilla/5.0 (X11; Linux x86_64) AppleWebKit/537.36 (KHTML, like Gecko) Chrome/89.0.4389.82 Safari/537.36"
::1 - - [23/Mar/2021:19:00:47 +0000] "GET /admin/addReferral HTTP/1.1" 200 36275 "http://localhost:5000/admin/referralList" "Mozilla/5.0 (X11; Linux x86_64) AppleWebKit/537.36 (KHTML, like Gecko) Chrome/89.0.4389.82 Safari/537.36"
::1 - - [23/Mar/2021:19:00:47 +0000] "GET /admin_assets/plugins/fontawesome-free/css/all.min.css HTTP/1.1" 304 - "http://localhost:5000/admin/addReferral" "Mozilla/5.0 (X11; Linux x86_64) AppleWebKit/537.36 (KHTML, like Gecko) Chrome/89.0.4389.82 Safari/537.36"
::1 - - [23/Mar/2021:19:00:47 +0000] "GET /admin_assets/plugins/overlayScrollbars/css/OverlayScrollbars.min.css HTTP/1.1" 304 - "http://localhost:5000/admin/addReferral" "Mozilla/5.0 (X11; Linux x86_64) AppleWebKit/537.36 (KHTML, like Gecko) Chrome/89.0.4389.82 Safari/537.36"
::1 - - [23/Mar/2021:19:00:47 +0000] "GET /admin_assets/plugins/datatables-bs4/css/dataTables.bootstrap4.css HTTP/1.1" 304 - "http://localhost:5000/admin/addReferral" "Mozilla/5.0 (X11; Linux x86_64) AppleWebKit/537.36 (KHTML, like Gecko) Chrome/89.0.4389.82 Safari/537.36"
::1 - - [23/Mar/2021:19:00:47 +0000] "GET /admin_assets/css/adminlte.min.css HTTP/1.1" 304 - "http://localhost:5000/admin/addReferral" "Mozilla/5.0 (X11; Linux x86_64) AppleWebKit/537.36 (KHTML, like Gecko) Chrome/89.0.4389.82 Safari/537.36"
::1 - - [23/Mar/2021:19:00:47 +0000] "GET /admin_assets/plugins/jquery/jquery.min.js HTTP/1.1" 304 - "http://localhost:5000/admin/addReferral" "Mozilla/5.0 (X11; Linux x86_64) AppleWebKit/537.36 (KHTML, like Gecko) Chrome/89.0.4389.82 Safari/537.36"
::1 - - [23/Mar/2021:19:00:47 +0000] "GET /admin_assets/plugins/bootstrap/js/bootstrap.bundle.min.js HTTP/1.1" 304 - "http://localhost:5000/admin/addReferral" "Mozilla/5.0 (X11; Linux x86_64) AppleWebKit/537.36 (KHTML, like Gecko) Chrome/89.0.4389.82 Safari/537.36"
::1 - - [23/Mar/2021:19:00:47 +0000] "GET /admin_assets/plugins/overlayScrollbars/js/jquery.overlayScrollbars.min.js HTTP/1.1" 304 - "http://localhost:5000/admin/addReferral" "Mozilla/5.0 (X11; Linux x86_64) AppleWebKit/537.36 (KHTML, like Gecko) Chrome/89.0.4389.82 Safari/537.36"
::1 - - [23/Mar/2021:19:00:47 +0000] "GET /admin_assets/js/adminlte.js HTTP/1.1" 304 - "http://localhost:5000/admin/addReferral" "Mozilla/5.0 (X11; Linux x86_64) AppleWebKit/537.36 (KHTML, like Gecko) Chrome/89.0.4389.82 Safari/537.36"
::1 - - [23/Mar/2021:19:00:47 +0000] "GET /admin_assets/plugins/datatables/jquery.dataTables.js HTTP/1.1" 304 - "http://localhost:5000/admin/addReferral" "Mozilla/5.0 (X11; Linux x86_64) AppleWebKit/537.36 (KHTML, like Gecko) Chrome/89.0.4389.82 Safari/537.36"
::1 - - [23/Mar/2021:19:00:47 +0000] "GET /admin_assets/plugins/datatables-bs4/js/dataTables.bootstrap4.js HTTP/1.1" 304 - "http://localhost:5000/admin/addReferral" "Mozilla/5.0 (X11; Linux x86_64) AppleWebKit/537.36 (KHTML, like Gecko) Chrome/89.0.4389.82 Safari/537.36"
::1 - - [23/Mar/2021:19:00:47 +0000] "GET /admin_assets/plugins/moment/moment.min.js HTTP/1.1" 304 - "http://localhost:5000/admin/addReferral" "Mozilla/5.0 (X11; Linux x86_64) AppleWebKit/537.36 (KHTML, like Gecko) Chrome/89.0.4389.82 Safari/537.36"
::1 - - [23/Mar/2021:19:00:47 +0000] "GET /admin_assets/js/dashboard.js HTTP/1.1" 304 - "http://localhost:5000/admin/addReferral" "Mozilla/5.0 (X11; Linux x86_64) AppleWebKit/537.36 (KHTML, like Gecko) Chrome/89.0.4389.82 Safari/537.36"
::1 - - [23/Mar/2021:19:00:47 +0000] "GET /admin_assets/js/validation.js HTTP/1.1" 304 - "http://localhost:5000/admin/addReferral" "Mozilla/5.0 (X11; Linux x86_64) AppleWebKit/537.36 (KHTML, like Gecko) Chrome/89.0.4389.82 Safari/537.36"
::1 - - [23/Mar/2021:19:00:47 +0000] "GET /admin_assets/img/AdminLTELogo.png HTTP/1.1" 304 - "http://localhost:5000/admin/addReferral" "Mozilla/5.0 (X11; Linux x86_64) AppleWebKit/537.36 (KHTML, like Gecko) Chrome/89.0.4389.82 Safari/537.36"
::1 - - [23/Mar/2021:19:00:47 +0000] "GET /admin_assets/img/user2-160x160.jpg HTTP/1.1" 304 - "http://localhost:5000/admin/addReferral" "Mozilla/5.0 (X11; Linux x86_64) AppleWebKit/537.36 (KHTML, like Gecko) Chrome/89.0.4389.82 Safari/537.36"
::1 - - [23/Mar/2021:19:01:19 +0000] "POST /admin/addReferral HTTP/1.1" 302 82 "http://localhost:5000/admin/addReferral" "Mozilla/5.0 (X11; Linux x86_64) AppleWebKit/537.36 (KHTML, like Gecko) Chrome/89.0.4389.82 Safari/537.36"
::1 - - [23/Mar/2021:19:01:19 +0000] "GET /admin/referralList HTTP/1.1" 200 23763 "http://localhost:5000/admin/addReferral" "Mozilla/5.0 (X11; Linux x86_64) AppleWebKit/537.36 (KHTML, like Gecko) Chrome/89.0.4389.82 Safari/537.36"
::1 - - [23/Mar/2021:19:01:19 +0000] "GET /admin_assets/plugins/fontawesome-free/css/all.min.css HTTP/1.1" 304 - "http://localhost:5000/admin/referralList" "Mozilla/5.0 (X11; Linux x86_64) AppleWebKit/537.36 (KHTML, like Gecko) Chrome/89.0.4389.82 Safari/537.36"
::1 - - [23/Mar/2021:19:01:19 +0000] "GET /admin_assets/plugins/overlayScrollbars/css/OverlayScrollbars.min.css HTTP/1.1" 304 - "http://localhost:5000/admin/referralList" "Mozilla/5.0 (X11; Linux x86_64) AppleWebKit/537.36 (KHTML, like Gecko) Chrome/89.0.4389.82 Safari/537.36"
::1 - - [23/Mar/2021:19:01:19 +0000] "GET /admin_assets/plugins/datatables-bs4/css/dataTables.bootstrap4.css HTTP/1.1" 304 - "http://localhost:5000/admin/referralList" "Mozilla/5.0 (X11; Linux x86_64) AppleWebKit/537.36 (KHTML, like Gecko) Chrome/89.0.4389.82 Safari/537.36"
::1 - - [23/Mar/2021:19:01:19 +0000] "GET /admin_assets/css/adminlte.min.css HTTP/1.1" 304 - "http://localhost:5000/admin/referralList" "Mozilla/5.0 (X11; Linux x86_64) AppleWebKit/537.36 (KHTML, like Gecko) Chrome/89.0.4389.82 Safari/537.36"
::1 - - [23/Mar/2021:19:01:19 +0000] "GET /admin_assets/plugins/jquery/jquery.min.js HTTP/1.1" 304 - "http://localhost:5000/admin/referralList" "Mozilla/5.0 (X11; Linux x86_64) AppleWebKit/537.36 (KHTML, like Gecko) Chrome/89.0.4389.82 Safari/537.36"
::1 - - [23/Mar/2021:19:01:19 +0000] "GET /admin_assets/plugins/bootstrap/js/bootstrap.bundle.min.js HTTP/1.1" 304 - "http://localhost:5000/admin/referralList" "Mozilla/5.0 (X11; Linux x86_64) AppleWebKit/537.36 (KHTML, like Gecko) Chrome/89.0.4389.82 Safari/537.36"
::1 - - [23/Mar/2021:19:01:19 +0000] "GET /admin_assets/plugins/overlayScrollbars/js/jquery.overlayScrollbars.min.js HTTP/1.1" 304 - "http://localhost:5000/admin/referralList" "Mozilla/5.0 (X11; Linux x86_64) AppleWebKit/537.36 (KHTML, like Gecko) Chrome/89.0.4389.82 Safari/537.36"
::1 - - [23/Mar/2021:19:01:19 +0000] "GET /admin_assets/js/adminlte.js HTTP/1.1" 304 - "http://localhost:5000/admin/referralList" "Mozilla/5.0 (X11; Linux x86_64) AppleWebKit/537.36 (KHTML, like Gecko) Chrome/89.0.4389.82 Safari/537.36"
::1 - - [23/Mar/2021:19:01:19 +0000] "GET /admin_assets/plugins/datatables/jquery.dataTables.js HTTP/1.1" 304 - "http://localhost:5000/admin/referralList" "Mozilla/5.0 (X11; Linux x86_64) AppleWebKit/537.36 (KHTML, like Gecko) Chrome/89.0.4389.82 Safari/537.36"
::1 - - [23/Mar/2021:19:01:19 +0000] "GET /admin_assets/plugins/datatables-bs4/js/dataTables.bootstrap4.js HTTP/1.1" 304 - "http://localhost:5000/admin/referralList" "Mozilla/5.0 (X11; Linux x86_64) AppleWebKit/537.36 (KHTML, like Gecko) Chrome/89.0.4389.82 Safari/537.36"
::1 - - [23/Mar/2021:19:01:19 +0000] "GET /admin_assets/plugins/moment/moment.min.js HTTP/1.1" 304 - "http://localhost:5000/admin/referralList" "Mozilla/5.0 (X11; Linux x86_64) AppleWebKit/537.36 (KHTML, like Gecko) Chrome/89.0.4389.82 Safari/537.36"
::1 - - [23/Mar/2021:19:01:19 +0000] "GET /admin_assets/js/dashboard.js HTTP/1.1" 304 - "http://localhost:5000/admin/referralList" "Mozilla/5.0 (X11; Linux x86_64) AppleWebKit/537.36 (KHTML, like Gecko) Chrome/89.0.4389.82 Safari/537.36"
::1 - - [23/Mar/2021:19:01:19 +0000] "GET /admin_assets/js/validation.js HTTP/1.1" 304 - "http://localhost:5000/admin/referralList" "Mozilla/5.0 (X11; Linux x86_64) AppleWebKit/537.36 (KHTML, like Gecko) Chrome/89.0.4389.82 Safari/537.36"
::1 - - [23/Mar/2021:19:01:19 +0000] "GET /admin_assets/img/AdminLTELogo.png HTTP/1.1" 304 - "http://localhost:5000/admin/referralList" "Mozilla/5.0 (X11; Linux x86_64) AppleWebKit/537.36 (KHTML, like Gecko) Chrome/89.0.4389.82 Safari/537.36"
::1 - - [23/Mar/2021:19:01:19 +0000] "GET /admin_assets/img/user2-160x160.jpg HTTP/1.1" 304 - "http://localhost:5000/admin/referralList" "Mozilla/5.0 (X11; Linux x86_64) AppleWebKit/537.36 (KHTML, like Gecko) Chrome/89.0.4389.82 Safari/537.36"
::1 - - [23/Mar/2021:19:01:39 +0000] "GET /admin/agent/edit/1 HTTP/1.1" 302 78 "http://localhost:5000/admin/referralList" "Mozilla/5.0 (X11; Linux x86_64) AppleWebKit/537.36 (KHTML, like Gecko) Chrome/89.0.4389.82 Safari/537.36"
::1 - - [23/Mar/2021:19:01:40 +0000] "GET /admin/agent/list HTTP/1.1" 200 79103 "http://localhost:5000/admin/referralList" "Mozilla/5.0 (X11; Linux x86_64) AppleWebKit/537.36 (KHTML, like Gecko) Chrome/89.0.4389.82 Safari/537.36"
::1 - - [23/Mar/2021:19:01:40 +0000] "GET /admin_assets/plugins/fontawesome-free/css/all.min.css HTTP/1.1" 304 - "http://localhost:5000/admin/agent/list" "Mozilla/5.0 (X11; Linux x86_64) AppleWebKit/537.36 (KHTML, like Gecko) Chrome/89.0.4389.82 Safari/537.36"
::1 - - [23/Mar/2021:19:01:40 +0000] "GET /admin_assets/plugins/overlayScrollbars/css/OverlayScrollbars.min.css HTTP/1.1" 304 - "http://localhost:5000/admin/agent/list" "Mozilla/5.0 (X11; Linux x86_64) AppleWebKit/537.36 (KHTML, like Gecko) Chrome/89.0.4389.82 Safari/537.36"
::1 - - [23/Mar/2021:19:01:40 +0000] "GET /admin_assets/plugins/datatables-bs4/css/dataTables.bootstrap4.css HTTP/1.1" 304 - "http://localhost:5000/admin/agent/list" "Mozilla/5.0 (X11; Linux x86_64) AppleWebKit/537.36 (KHTML, like Gecko) Chrome/89.0.4389.82 Safari/537.36"
::1 - - [23/Mar/2021:19:01:40 +0000] "GET /admin_assets/css/adminlte.min.css HTTP/1.1" 304 - "http://localhost:5000/admin/agent/list" "Mozilla/5.0 (X11; Linux x86_64) AppleWebKit/537.36 (KHTML, like Gecko) Chrome/89.0.4389.82 Safari/537.36"
::1 - - [23/Mar/2021:19:01:40 +0000] "GET /admin_assets/img/AdminLTELogo.png HTTP/1.1" 304 - "http://localhost:5000/admin/agent/list" "Mozilla/5.0 (X11; Linux x86_64) AppleWebKit/537.36 (KHTML, like Gecko) Chrome/89.0.4389.82 Safari/537.36"
::1 - - [23/Mar/2021:19:01:40 +0000] "GET /admin_assets/img/user2-160x160.jpg HTTP/1.1" 304 - "http://localhost:5000/admin/agent/list" "Mozilla/5.0 (X11; Linux x86_64) AppleWebKit/537.36 (KHTML, like Gecko) Chrome/89.0.4389.82 Safari/537.36"
::1 - - [23/Mar/2021:19:01:40 +0000] "GET /admin_assets/plugins/jquery/jquery.min.js HTTP/1.1" 304 - "http://localhost:5000/admin/agent/list" "Mozilla/5.0 (X11; Linux x86_64) AppleWebKit/537.36 (KHTML, like Gecko) Chrome/89.0.4389.82 Safari/537.36"
::1 - - [23/Mar/2021:19:01:40 +0000] "GET /admin_assets/plugins/bootstrap/js/bootstrap.bundle.min.js HTTP/1.1" 304 - "http://localhost:5000/admin/agent/list" "Mozilla/5.0 (X11; Linux x86_64) AppleWebKit/537.36 (KHTML, like Gecko) Chrome/89.0.4389.82 Safari/537.36"
::1 - - [23/Mar/2021:19:01:40 +0000] "GET /admin_assets/plugins/overlayScrollbars/js/jquery.overlayScrollbars.min.js HTTP/1.1" 304 - "http://localhost:5000/admin/agent/list" "Mozilla/5.0 (X11; Linux x86_64) AppleWebKit/537.36 (KHTML, like Gecko) Chrome/89.0.4389.82 Safari/537.36"
::1 - - [23/Mar/2021:19:01:40 +0000] "GET /admin_assets/js/adminlte.js HTTP/1.1" 304 - "http://localhost:5000/admin/agent/list" "Mozilla/5.0 (X11; Linux x86_64) AppleWebKit/537.36 (KHTML, like Gecko) Chrome/89.0.4389.82 Safari/537.36"
::1 - - [23/Mar/2021:19:01:40 +0000] "GET /admin_assets/plugins/datatables/jquery.dataTables.js HTTP/1.1" 304 - "http://localhost:5000/admin/agent/list" "Mozilla/5.0 (X11; Linux x86_64) AppleWebKit/537.36 (KHTML, like Gecko) Chrome/89.0.4389.82 Safari/537.36"
::1 - - [23/Mar/2021:19:01:40 +0000] "GET /admin_assets/plugins/datatables-bs4/js/dataTables.bootstrap4.js HTTP/1.1" 304 - "http://localhost:5000/admin/agent/list" "Mozilla/5.0 (X11; Linux x86_64) AppleWebKit/537.36 (KHTML, like Gecko) Chrome/89.0.4389.82 Safari/537.36"
::1 - - [23/Mar/2021:19:01:40 +0000] "GET /admin_assets/plugins/moment/moment.min.js HTTP/1.1" 304 - "http://localhost:5000/admin/agent/list" "Mozilla/5.0 (X11; Linux x86_64) AppleWebKit/537.36 (KHTML, like Gecko) Chrome/89.0.4389.82 Safari/537.36"
::1 - - [23/Mar/2021:19:01:40 +0000] "GET /admin_assets/js/dashboard.js HTTP/1.1" 304 - "http://localhost:5000/admin/agent/list" "Mozilla/5.0 (X11; Linux x86_64) AppleWebKit/537.36 (KHTML, like Gecko) Chrome/89.0.4389.82 Safari/537.36"
::1 - - [23/Mar/2021:19:01:40 +0000] "GET /admin_assets/js/validation.js HTTP/1.1" 304 - "http://localhost:5000/admin/agent/list" "Mozilla/5.0 (X11; Linux x86_64) AppleWebKit/537.36 (KHTML, like Gecko) Chrome/89.0.4389.82 Safari/537.36"
::1 - - [23/Mar/2021:19:02:19 +0000] "GET /admin/referralList HTTP/1.1" 200 23317 "-" "Mozilla/5.0 (X11; Linux x86_64) AppleWebKit/537.36 (KHTML, like Gecko) Chrome/89.0.4389.82 Safari/537.36"
::1 - - [23/Mar/2021:19:02:19 +0000] "GET /admin_assets/plugins/fontawesome-free/css/all.min.css HTTP/1.1" 304 - "http://localhost:5000/admin/referralList" "Mozilla/5.0 (X11; Linux x86_64) AppleWebKit/537.36 (KHTML, like Gecko) Chrome/89.0.4389.82 Safari/537.36"
::1 - - [23/Mar/2021:19:02:19 +0000] "GET /admin_assets/plugins/overlayScrollbars/css/OverlayScrollbars.min.css HTTP/1.1" 304 - "http://localhost:5000/admin/referralList" "Mozilla/5.0 (X11; Linux x86_64) AppleWebKit/537.36 (KHTML, like Gecko) Chrome/89.0.4389.82 Safari/537.36"
::1 - - [23/Mar/2021:19:02:19 +0000] "GET /admin_assets/plugins/datatables-bs4/css/dataTables.bootstrap4.css HTTP/1.1" 304 - "http://localhost:5000/admin/referralList" "Mozilla/5.0 (X11; Linux x86_64) AppleWebKit/537.36 (KHTML, like Gecko) Chrome/89.0.4389.82 Safari/537.36"
::1 - - [23/Mar/2021:19:02:19 +0000] "GET /admin_assets/css/adminlte.min.css HTTP/1.1" 304 - "http://localhost:5000/admin/referralList" "Mozilla/5.0 (X11; Linux x86_64) AppleWebKit/537.36 (KHTML, like Gecko) Chrome/89.0.4389.82 Safari/537.36"
::1 - - [23/Mar/2021:19:02:19 +0000] "GET /admin_assets/plugins/jquery/jquery.min.js HTTP/1.1" 304 - "http://localhost:5000/admin/referralList" "Mozilla/5.0 (X11; Linux x86_64) AppleWebKit/537.36 (KHTML, like Gecko) Chrome/89.0.4389.82 Safari/537.36"
::1 - - [23/Mar/2021:19:02:19 +0000] "GET /admin_assets/plugins/datatables-bs4/js/dataTables.bootstrap4.js HTTP/1.1" 304 - "http://localhost:5000/admin/referralList" "Mozilla/5.0 (X11; Linux x86_64) AppleWebKit/537.36 (KHTML, like Gecko) Chrome/89.0.4389.82 Safari/537.36"
::1 - - [23/Mar/2021:19:02:19 +0000] "GET /admin_assets/plugins/bootstrap/js/bootstrap.bundle.min.js HTTP/1.1" 304 - "http://localhost:5000/admin/referralList" "Mozilla/5.0 (X11; Linux x86_64) AppleWebKit/537.36 (KHTML, like Gecko) Chrome/89.0.4389.82 Safari/537.36"
::1 - - [23/Mar/2021:19:02:19 +0000] "GET /admin_assets/plugins/overlayScrollbars/js/jquery.overlayScrollbars.min.js HTTP/1.1" 304 - "http://localhost:5000/admin/referralList" "Mozilla/5.0 (X11; Linux x86_64) AppleWebKit/537.36 (KHTML, like Gecko) Chrome/89.0.4389.82 Safari/537.36"
::1 - - [23/Mar/2021:19:02:19 +0000] "GET /admin_assets/js/adminlte.js HTTP/1.1" 304 - "http://localhost:5000/admin/referralList" "Mozilla/5.0 (X11; Linux x86_64) AppleWebKit/537.36 (KHTML, like Gecko) Chrome/89.0.4389.82 Safari/537.36"
::1 - - [23/Mar/2021:19:02:19 +0000] "GET /admin_assets/plugins/datatables/jquery.dataTables.js HTTP/1.1" 304 - "http://localhost:5000/admin/referralList" "Mozilla/5.0 (X11; Linux x86_64) AppleWebKit/537.36 (KHTML, like Gecko) Chrome/89.0.4389.82 Safari/537.36"
::1 - - [23/Mar/2021:19:02:19 +0000] "GET /admin_assets/plugins/moment/moment.min.js HTTP/1.1" 304 - "http://localhost:5000/admin/referralList" "Mozilla/5.0 (X11; Linux x86_64) AppleWebKit/537.36 (KHTML, like Gecko) Chrome/89.0.4389.82 Safari/537.36"
::1 - - [23/Mar/2021:19:02:19 +0000] "GET /admin_assets/js/dashboard.js HTTP/1.1" 304 - "http://localhost:5000/admin/referralList" "Mozilla/5.0 (X11; Linux x86_64) AppleWebKit/537.36 (KHTML, like Gecko) Chrome/89.0.4389.82 Safari/537.36"
::1 - - [23/Mar/2021:19:02:19 +0000] "GET /admin_assets/js/validation.js HTTP/1.1" 304 - "http://localhost:5000/admin/referralList" "Mozilla/5.0 (X11; Linux x86_64) AppleWebKit/537.36 (KHTML, like Gecko) Chrome/89.0.4389.82 Safari/537.36"
::1 - - [23/Mar/2021:19:02:19 +0000] "GET /admin_assets/img/AdminLTELogo.png HTTP/1.1" 304 - "http://localhost:5000/admin/referralList" "Mozilla/5.0 (X11; Linux x86_64) AppleWebKit/537.36 (KHTML, like Gecko) Chrome/89.0.4389.82 Safari/537.36"
::1 - - [23/Mar/2021:19:02:19 +0000] "GET /admin_assets/img/user2-160x160.jpg HTTP/1.1" 304 - "http://localhost:5000/admin/referralList" "Mozilla/5.0 (X11; Linux x86_64) AppleWebKit/537.36 (KHTML, like Gecko) Chrome/89.0.4389.82 Safari/537.36"
::1 - - [23/Mar/2021:19:02:20 +0000] "GET /web_assets/assets/img/favicon.png HTTP/1.1" 200 477 "http://localhost:5000/admin/referralList" "Mozilla/5.0 (X11; Linux x86_64) AppleWebKit/537.36 (KHTML, like Gecko) Chrome/89.0.4389.82 Safari/537.36"
::1 - - [23/Mar/2021:19:02:25 +0000] "GET /admin/editReferral/1 HTTP/1.1" 500 1082 "http://localhost:5000/admin/referralList" "Mozilla/5.0 (X11; Linux x86_64) AppleWebKit/537.36 (KHTML, like Gecko) Chrome/89.0.4389.82 Safari/537.36"
::1 - - [23/Mar/2021:19:03:26 +0000] "GET /admin/editReferral/1 HTTP/1.1" 302 70 "-" "Mozilla/5.0 (X11; Linux x86_64) AppleWebKit/537.36 (KHTML, like Gecko) Chrome/89.0.4389.82 Safari/537.36"
::1 - - [23/Mar/2021:19:03:26 +0000] "GET /admin/logout HTTP/1.1" 302 68 "-" "Mozilla/5.0 (X11; Linux x86_64) AppleWebKit/537.36 (KHTML, like Gecko) Chrome/89.0.4389.82 Safari/537.36"
::1 - - [23/Mar/2021:19:03:26 +0000] "GET /admin/login HTTP/1.1" 200 3424 "-" "Mozilla/5.0 (X11; Linux x86_64) AppleWebKit/537.36 (KHTML, like Gecko) Chrome/89.0.4389.82 Safari/537.36"
::1 - - [23/Mar/2021:19:03:26 +0000] "GET /admin_assets/plugins/fontawesome-free/css/all.min.css HTTP/1.1" 304 - "http://localhost:5000/admin/login" "Mozilla/5.0 (X11; Linux x86_64) AppleWebKit/537.36 (KHTML, like Gecko) Chrome/89.0.4389.82 Safari/537.36"
::1 - - [23/Mar/2021:19:03:26 +0000] "GET /admin_assets/plugins/icheck-bootstrap/icheck-bootstrap.min.css HTTP/1.1" 404 201 "http://localhost:5000/admin/login" "Mozilla/5.0 (X11; Linux x86_64) AppleWebKit/537.36 (KHTML, like Gecko) Chrome/89.0.4389.82 Safari/537.36"
::1 - - [23/Mar/2021:19:03:26 +0000] "GET /admin_assets/js/adminlte.min.js HTTP/1.1" 404 170 "http://localhost:5000/admin/login" "Mozilla/5.0 (X11; Linux x86_64) AppleWebKit/537.36 (KHTML, like Gecko) Chrome/89.0.4389.82 Safari/537.36"
::1 - - [23/Mar/2021:19:03:26 +0000] "GET /admin_assets/css/adminlte.min.css HTTP/1.1" 304 - "http://localhost:5000/admin/login" "Mozilla/5.0 (X11; Linux x86_64) AppleWebKit/537.36 (KHTML, like Gecko) Chrome/89.0.4389.82 Safari/537.36"
::1 - - [23/Mar/2021:19:03:26 +0000] "GET /admin_assets/plugins/jquery/jquery.min.js HTTP/1.1" 304 - "http://localhost:5000/admin/login" "Mozilla/5.0 (X11; Linux x86_64) AppleWebKit/537.36 (KHTML, like Gecko) Chrome/89.0.4389.82 Safari/537.36"
::1 - - [23/Mar/2021:19:03:26 +0000] "GET /admin_assets/plugins/bootstrap/js/bootstrap.bundle.min.js HTTP/1.1" 304 - "http://localhost:5000/admin/login" "Mozilla/5.0 (X11; Linux x86_64) AppleWebKit/537.36 (KHTML, like Gecko) Chrome/89.0.4389.82 Safari/537.36"
::1 - - [23/Mar/2021:19:03:26 +0000] "GET /admin_assets/js/adminlte.min.js HTTP/1.1" 404 170 "http://localhost:5000/admin/login" "Mozilla/5.0 (X11; Linux x86_64) AppleWebKit/537.36 (KHTML, like Gecko) Chrome/89.0.4389.82 Safari/537.36"
::1 - - [23/Mar/2021:19:03:27 +0000] "GET /admin_assets/plugins/fontawesome-free/webfonts/fa-solid-900.woff2 HTTP/1.1" 304 - "http://localhost:5000/admin_assets/plugins/fontawesome-free/css/all.min.css" "Mozilla/5.0 (X11; Linux x86_64) AppleWebKit/537.36 (KHTML, like Gecko) Chrome/89.0.4389.82 Safari/537.36"
::1 - - [23/Mar/2021:19:03:39 +0000] "POST /admin/login HTTP/1.1" 302 76 "http://localhost:5000/admin/login" "Mozilla/5.0 (X11; Linux x86_64) AppleWebKit/537.36 (KHTML, like Gecko) Chrome/89.0.4389.82 Safari/537.36"
::1 - - [23/Mar/2021:19:03:39 +0000] "GET /admin/dashboard HTTP/1.1" 304 - "http://localhost:5000/admin/login" "Mozilla/5.0 (X11; Linux x86_64) AppleWebKit/537.36 (KHTML, like Gecko) Chrome/89.0.4389.82 Safari/537.36"
::1 - - [23/Mar/2021:19:03:39 +0000] "GET /admin_assets/plugins/fontawesome-free/css/all.min.css HTTP/1.1" 304 - "http://localhost:5000/admin/dashboard" "Mozilla/5.0 (X11; Linux x86_64) AppleWebKit/537.36 (KHTML, like Gecko) Chrome/89.0.4389.82 Safari/537.36"
::1 - - [23/Mar/2021:19:03:39 +0000] "GET /admin_assets/plugins/overlayScrollbars/css/OverlayScrollbars.min.css HTTP/1.1" 304 - "http://localhost:5000/admin/dashboard" "Mozilla/5.0 (X11; Linux x86_64) AppleWebKit/537.36 (KHTML, like Gecko) Chrome/89.0.4389.82 Safari/537.36"
::1 - - [23/Mar/2021:19:03:39 +0000] "GET /admin_assets/plugins/datatables-bs4/css/dataTables.bootstrap4.css HTTP/1.1" 304 - "http://localhost:5000/admin/dashboard" "Mozilla/5.0 (X11; Linux x86_64) AppleWebKit/537.36 (KHTML, like Gecko) Chrome/89.0.4389.82 Safari/537.36"
::1 - - [23/Mar/2021:19:03:39 +0000] "GET /admin_assets/css/adminlte.min.css HTTP/1.1" 304 - "http://localhost:5000/admin/dashboard" "Mozilla/5.0 (X11; Linux x86_64) AppleWebKit/537.36 (KHTML, like Gecko) Chrome/89.0.4389.82 Safari/537.36"
::1 - - [23/Mar/2021:19:03:39 +0000] "GET /admin_assets/plugins/jquery/jquery.min.js HTTP/1.1" 304 - "http://localhost:5000/admin/dashboard" "Mozilla/5.0 (X11; Linux x86_64) AppleWebKit/537.36 (KHTML, like Gecko) Chrome/89.0.4389.82 Safari/537.36"
::1 - - [23/Mar/2021:19:03:39 +0000] "GET /admin_assets/plugins/bootstrap/js/bootstrap.bundle.min.js HTTP/1.1" 304 - "http://localhost:5000/admin/dashboard" "Mozilla/5.0 (X11; Linux x86_64) AppleWebKit/537.36 (KHTML, like Gecko) Chrome/89.0.4389.82 Safari/537.36"
::1 - - [23/Mar/2021:19:03:39 +0000] "GET /admin_assets/plugins/overlayScrollbars/js/jquery.overlayScrollbars.min.js HTTP/1.1" 304 - "http://localhost:5000/admin/dashboard" "Mozilla/5.0 (X11; Linux x86_64) AppleWebKit/537.36 (KHTML, like Gecko) Chrome/89.0.4389.82 Safari/537.36"
::1 - - [23/Mar/2021:19:03:39 +0000] "GET /admin_assets/js/adminlte.js HTTP/1.1" 304 - "http://localhost:5000/admin/dashboard" "Mozilla/5.0 (X11; Linux x86_64) AppleWebKit/537.36 (KHTML, like Gecko) Chrome/89.0.4389.82 Safari/537.36"
::1 - - [23/Mar/2021:19:03:39 +0000] "GET /admin_assets/plugins/datatables/jquery.dataTables.js HTTP/1.1" 304 - "http://localhost:5000/admin/dashboard" "Mozilla/5.0 (X11; Linux x86_64) AppleWebKit/537.36 (KHTML, like Gecko) Chrome/89.0.4389.82 Safari/537.36"
::1 - - [23/Mar/2021:19:03:39 +0000] "GET /admin_assets/plugins/datatables-bs4/js/dataTables.bootstrap4.js HTTP/1.1" 304 - "http://localhost:5000/admin/dashboard" "Mozilla/5.0 (X11; Linux x86_64) AppleWebKit/537.36 (KHTML, like Gecko) Chrome/89.0.4389.82 Safari/537.36"
::1 - - [23/Mar/2021:19:03:39 +0000] "GET /admin_assets/plugins/moment/moment.min.js HTTP/1.1" 304 - "http://localhost:5000/admin/dashboard" "Mozilla/5.0 (X11; Linux x86_64) AppleWebKit/537.36 (KHTML, like Gecko) Chrome/89.0.4389.82 Safari/537.36"
::1 - - [23/Mar/2021:19:03:39 +0000] "GET /admin_assets/js/dashboard.js HTTP/1.1" 304 - "http://localhost:5000/admin/dashboard" "Mozilla/5.0 (X11; Linux x86_64) AppleWebKit/537.36 (KHTML, like Gecko) Chrome/89.0.4389.82 Safari/537.36"
::1 - - [23/Mar/2021:19:03:39 +0000] "GET /admin_assets/js/validation.js HTTP/1.1" 304 - "http://localhost:5000/admin/dashboard" "Mozilla/5.0 (X11; Linux x86_64) AppleWebKit/537.36 (KHTML, like Gecko) Chrome/89.0.4389.82 Safari/537.36"
::1 - - [23/Mar/2021:19:03:39 +0000] "GET /admin_assets/img/AdminLTELogo.png HTTP/1.1" 304 - "http://localhost:5000/admin/dashboard" "Mozilla/5.0 (X11; Linux x86_64) AppleWebKit/537.36 (KHTML, like Gecko) Chrome/89.0.4389.82 Safari/537.36"
::1 - - [23/Mar/2021:19:03:39 +0000] "GET /admin_assets/img/user2-160x160.jpg HTTP/1.1" 304 - "http://localhost:5000/admin/dashboard" "Mozilla/5.0 (X11; Linux x86_64) AppleWebKit/537.36 (KHTML, like Gecko) Chrome/89.0.4389.82 Safari/537.36"
::1 - - [23/Mar/2021:19:03:39 +0000] "GET /admin_assets/plugins/fontawesome-free/webfonts/fa-solid-900.woff2 HTTP/1.1" 304 - "http://localhost:5000/admin_assets/plugins/fontawesome-free/css/all.min.css" "Mozilla/5.0 (X11; Linux x86_64) AppleWebKit/537.36 (KHTML, like Gecko) Chrome/89.0.4389.82 Safari/537.36"
::1 - - [23/Mar/2021:19:03:39 +0000] "GET /admin_assets/plugins/fontawesome-free/webfonts/fa-regular-400.woff2 HTTP/1.1" 304 - "http://localhost:5000/admin_assets/plugins/fontawesome-free/css/all.min.css" "Mozilla/5.0 (X11; Linux x86_64) AppleWebKit/537.36 (KHTML, like Gecko) Chrome/89.0.4389.82 Safari/537.36"
::1 - - [23/Mar/2021:19:03:42 +0000] "GET /admin/referralList HTTP/1.1" 304 - "http://localhost:5000/admin/dashboard" "Mozilla/5.0 (X11; Linux x86_64) AppleWebKit/537.36 (KHTML, like Gecko) Chrome/89.0.4389.82 Safari/537.36"
::1 - - [23/Mar/2021:19:03:43 +0000] "GET /admin_assets/plugins/fontawesome-free/css/all.min.css HTTP/1.1" 304 - "http://localhost:5000/admin/referralList" "Mozilla/5.0 (X11; Linux x86_64) AppleWebKit/537.36 (KHTML, like Gecko) Chrome/89.0.4389.82 Safari/537.36"
::1 - - [23/Mar/2021:19:03:43 +0000] "GET /admin_assets/plugins/overlayScrollbars/css/OverlayScrollbars.min.css HTTP/1.1" 304 - "http://localhost:5000/admin/referralList" "Mozilla/5.0 (X11; Linux x86_64) AppleWebKit/537.36 (KHTML, like Gecko) Chrome/89.0.4389.82 Safari/537.36"
::1 - - [23/Mar/2021:19:03:43 +0000] "GET /admin_assets/plugins/datatables-bs4/css/dataTables.bootstrap4.css HTTP/1.1" 304 - "http://localhost:5000/admin/referralList" "Mozilla/5.0 (X11; Linux x86_64) AppleWebKit/537.36 (KHTML, like Gecko) Chrome/89.0.4389.82 Safari/537.36"
::1 - - [23/Mar/2021:19:03:43 +0000] "GET /admin_assets/css/adminlte.min.css HTTP/1.1" 304 - "http://localhost:5000/admin/referralList" "Mozilla/5.0 (X11; Linux x86_64) AppleWebKit/537.36 (KHTML, like Gecko) Chrome/89.0.4389.82 Safari/537.36"
::1 - - [23/Mar/2021:19:03:43 +0000] "GET /admin_assets/plugins/jquery/jquery.min.js HTTP/1.1" 304 - "http://localhost:5000/admin/referralList" "Mozilla/5.0 (X11; Linux x86_64) AppleWebKit/537.36 (KHTML, like Gecko) Chrome/89.0.4389.82 Safari/537.36"
::1 - - [23/Mar/2021:19:03:43 +0000] "GET /admin_assets/plugins/bootstrap/js/bootstrap.bundle.min.js HTTP/1.1" 304 - "http://localhost:5000/admin/referralList" "Mozilla/5.0 (X11; Linux x86_64) AppleWebKit/537.36 (KHTML, like Gecko) Chrome/89.0.4389.82 Safari/537.36"
::1 - - [23/Mar/2021:19:03:43 +0000] "GET /admin_assets/plugins/overlayScrollbars/js/jquery.overlayScrollbars.min.js HTTP/1.1" 304 - "http://localhost:5000/admin/referralList" "Mozilla/5.0 (X11; Linux x86_64) AppleWebKit/537.36 (KHTML, like Gecko) Chrome/89.0.4389.82 Safari/537.36"
::1 - - [23/Mar/2021:19:03:43 +0000] "GET /admin_assets/js/adminlte.js HTTP/1.1" 304 - "http://localhost:5000/admin/referralList" "Mozilla/5.0 (X11; Linux x86_64) AppleWebKit/537.36 (KHTML, like Gecko) Chrome/89.0.4389.82 Safari/537.36"
::1 - - [23/Mar/2021:19:03:43 +0000] "GET /admin_assets/plugins/datatables/jquery.dataTables.js HTTP/1.1" 304 - "http://localhost:5000/admin/referralList" "Mozilla/5.0 (X11; Linux x86_64) AppleWebKit/537.36 (KHTML, like Gecko) Chrome/89.0.4389.82 Safari/537.36"
::1 - - [23/Mar/2021:19:03:43 +0000] "GET /admin_assets/plugins/datatables-bs4/js/dataTables.bootstrap4.js HTTP/1.1" 304 - "http://localhost:5000/admin/referralList" "Mozilla/5.0 (X11; Linux x86_64) AppleWebKit/537.36 (KHTML, like Gecko) Chrome/89.0.4389.82 Safari/537.36"
::1 - - [23/Mar/2021:19:03:43 +0000] "GET /admin_assets/plugins/moment/moment.min.js HTTP/1.1" 304 - "http://localhost:5000/admin/referralList" "Mozilla/5.0 (X11; Linux x86_64) AppleWebKit/537.36 (KHTML, like Gecko) Chrome/89.0.4389.82 Safari/537.36"
::1 - - [23/Mar/2021:19:03:43 +0000] "GET /admin_assets/js/dashboard.js HTTP/1.1" 304 - "http://localhost:5000/admin/referralList" "Mozilla/5.0 (X11; Linux x86_64) AppleWebKit/537.36 (KHTML, like Gecko) Chrome/89.0.4389.82 Safari/537.36"
::1 - - [23/Mar/2021:19:03:43 +0000] "GET /admin_assets/js/validation.js HTTP/1.1" 304 - "http://localhost:5000/admin/referralList" "Mozilla/5.0 (X11; Linux x86_64) AppleWebKit/537.36 (KHTML, like Gecko) Chrome/89.0.4389.82 Safari/537.36"
::1 - - [23/Mar/2021:19:03:43 +0000] "GET /admin_assets/img/AdminLTELogo.png HTTP/1.1" 304 - "http://localhost:5000/admin/referralList" "Mozilla/5.0 (X11; Linux x86_64) AppleWebKit/537.36 (KHTML, like Gecko) Chrome/89.0.4389.82 Safari/537.36"
::1 - - [23/Mar/2021:19:03:43 +0000] "GET /admin_assets/img/user2-160x160.jpg HTTP/1.1" 304 - "http://localhost:5000/admin/referralList" "Mozilla/5.0 (X11; Linux x86_64) AppleWebKit/537.36 (KHTML, like Gecko) Chrome/89.0.4389.82 Safari/537.36"
::1 - - [23/Mar/2021:19:03:48 +0000] "GET /admin/editReferral/1 HTTP/1.1" 200 37128 "http://localhost:5000/admin/referralList" "Mozilla/5.0 (X11; Linux x86_64) AppleWebKit/537.36 (KHTML, like Gecko) Chrome/89.0.4389.82 Safari/537.36"
::1 - - [23/Mar/2021:19:03:48 +0000] "GET /admin_assets/plugins/fontawesome-free/css/all.min.css HTTP/1.1" 304 - "http://localhost:5000/admin/editReferral/1" "Mozilla/5.0 (X11; Linux x86_64) AppleWebKit/537.36 (KHTML, like Gecko) Chrome/89.0.4389.82 Safari/537.36"
::1 - - [23/Mar/2021:19:03:48 +0000] "GET /admin_assets/plugins/overlayScrollbars/css/OverlayScrollbars.min.css HTTP/1.1" 304 - "http://localhost:5000/admin/editReferral/1" "Mozilla/5.0 (X11; Linux x86_64) AppleWebKit/537.36 (KHTML, like Gecko) Chrome/89.0.4389.82 Safari/537.36"
::1 - - [23/Mar/2021:19:03:48 +0000] "GET /admin_assets/plugins/datatables-bs4/css/dataTables.bootstrap4.css HTTP/1.1" 304 - "http://localhost:5000/admin/editReferral/1" "Mozilla/5.0 (X11; Linux x86_64) AppleWebKit/537.36 (KHTML, like Gecko) Chrome/89.0.4389.82 Safari/537.36"
::1 - - [23/Mar/2021:19:03:48 +0000] "GET /admin_assets/css/adminlte.min.css HTTP/1.1" 304 - "http://localhost:5000/admin/editReferral/1" "Mozilla/5.0 (X11; Linux x86_64) AppleWebKit/537.36 (KHTML, like Gecko) Chrome/89.0.4389.82 Safari/537.36"
::1 - - [23/Mar/2021:19:03:48 +0000] "GET /admin_assets/plugins/jquery/jquery.min.js HTTP/1.1" 304 - "http://localhost:5000/admin/editReferral/1" "Mozilla/5.0 (X11; Linux x86_64) AppleWebKit/537.36 (KHTML, like Gecko) Chrome/89.0.4389.82 Safari/537.36"
::1 - - [23/Mar/2021:19:03:48 +0000] "GET /admin_assets/plugins/bootstrap/js/bootstrap.bundle.min.js HTTP/1.1" 304 - "http://localhost:5000/admin/editReferral/1" "Mozilla/5.0 (X11; Linux x86_64) AppleWebKit/537.36 (KHTML, like Gecko) Chrome/89.0.4389.82 Safari/537.36"
::1 - - [23/Mar/2021:19:03:48 +0000] "GET /admin_assets/plugins/overlayScrollbars/js/jquery.overlayScrollbars.min.js HTTP/1.1" 304 - "http://localhost:5000/admin/editReferral/1" "Mozilla/5.0 (X11; Linux x86_64) AppleWebKit/537.36 (KHTML, like Gecko) Chrome/89.0.4389.82 Safari/537.36"
::1 - - [23/Mar/2021:19:03:48 +0000] "GET /admin_assets/js/adminlte.js HTTP/1.1" 304 - "http://localhost:5000/admin/editReferral/1" "Mozilla/5.0 (X11; Linux x86_64) AppleWebKit/537.36 (KHTML, like Gecko) Chrome/89.0.4389.82 Safari/537.36"
::1 - - [23/Mar/2021:19:03:48 +0000] "GET /admin_assets/plugins/datatables/jquery.dataTables.js HTTP/1.1" 304 - "http://localhost:5000/admin/editReferral/1" "Mozilla/5.0 (X11; Linux x86_64) AppleWebKit/537.36 (KHTML, like Gecko) Chrome/89.0.4389.82 Safari/537.36"
::1 - - [23/Mar/2021:19:03:48 +0000] "GET /admin_assets/plugins/datatables-bs4/js/dataTables.bootstrap4.js HTTP/1.1" 304 - "http://localhost:5000/admin/editReferral/1" "Mozilla/5.0 (X11; Linux x86_64) AppleWebKit/537.36 (KHTML, like Gecko) Chrome/89.0.4389.82 Safari/537.36"
::1 - - [23/Mar/2021:19:03:48 +0000] "GET /admin_assets/plugins/moment/moment.min.js HTTP/1.1" 304 - "http://localhost:5000/admin/editReferral/1" "Mozilla/5.0 (X11; Linux x86_64) AppleWebKit/537.36 (KHTML, like Gecko) Chrome/89.0.4389.82 Safari/537.36"
::1 - - [23/Mar/2021:19:03:48 +0000] "GET /admin_assets/js/dashboard.js HTTP/1.1" 304 - "http://localhost:5000/admin/editReferral/1" "Mozilla/5.0 (X11; Linux x86_64) AppleWebKit/537.36 (KHTML, like Gecko) Chrome/89.0.4389.82 Safari/537.36"
::1 - - [23/Mar/2021:19:03:48 +0000] "GET /admin_assets/js/validation.js HTTP/1.1" 304 - "http://localhost:5000/admin/editReferral/1" "Mozilla/5.0 (X11; Linux x86_64) AppleWebKit/537.36 (KHTML, like Gecko) Chrome/89.0.4389.82 Safari/537.36"
::1 - - [23/Mar/2021:19:03:48 +0000] "GET /admin_assets/img/AdminLTELogo.png HTTP/1.1" 304 - "http://localhost:5000/admin/editReferral/1" "Mozilla/5.0 (X11; Linux x86_64) AppleWebKit/537.36 (KHTML, like Gecko) Chrome/89.0.4389.82 Safari/537.36"
::1 - - [23/Mar/2021:19:03:48 +0000] "GET /admin_assets/img/user2-160x160.jpg HTTP/1.1" 304 - "http://localhost:5000/admin/editReferral/1" "Mozilla/5.0 (X11; Linux x86_64) AppleWebKit/537.36 (KHTML, like Gecko) Chrome/89.0.4389.82 Safari/537.36"
::1 - - [23/Mar/2021:19:05:31 +0000] "GET /admin/editReferral/1 HTTP/1.1" 200 37126 "http://localhost:5000/admin/referralList" "Mozilla/5.0 (X11; Linux x86_64) AppleWebKit/537.36 (KHTML, like Gecko) Chrome/89.0.4389.82 Safari/537.36"
::1 - - [23/Mar/2021:19:05:31 +0000] "GET /admin_assets/plugins/fontawesome-free/css/all.min.css HTTP/1.1" 304 - "http://localhost:5000/admin/editReferral/1" "Mozilla/5.0 (X11; Linux x86_64) AppleWebKit/537.36 (KHTML, like Gecko) Chrome/89.0.4389.82 Safari/537.36"
::1 - - [23/Mar/2021:19:05:31 +0000] "GET /admin_assets/plugins/overlayScrollbars/css/OverlayScrollbars.min.css HTTP/1.1" 304 - "http://localhost:5000/admin/editReferral/1" "Mozilla/5.0 (X11; Linux x86_64) AppleWebKit/537.36 (KHTML, like Gecko) Chrome/89.0.4389.82 Safari/537.36"
::1 - - [23/Mar/2021:19:05:31 +0000] "GET /admin_assets/plugins/datatables-bs4/css/dataTables.bootstrap4.css HTTP/1.1" 304 - "http://localhost:5000/admin/editReferral/1" "Mozilla/5.0 (X11; Linux x86_64) AppleWebKit/537.36 (KHTML, like Gecko) Chrome/89.0.4389.82 Safari/537.36"
::1 - - [23/Mar/2021:19:05:31 +0000] "GET /admin_assets/css/adminlte.min.css HTTP/1.1" 304 - "http://localhost:5000/admin/editReferral/1" "Mozilla/5.0 (X11; Linux x86_64) AppleWebKit/537.36 (KHTML, like Gecko) Chrome/89.0.4389.82 Safari/537.36"
::1 - - [23/Mar/2021:19:05:31 +0000] "GET /admin_assets/plugins/jquery/jquery.min.js HTTP/1.1" 304 - "http://localhost:5000/admin/editReferral/1" "Mozilla/5.0 (X11; Linux x86_64) AppleWebKit/537.36 (KHTML, like Gecko) Chrome/89.0.4389.82 Safari/537.36"
::1 - - [23/Mar/2021:19:05:31 +0000] "GET /admin_assets/plugins/bootstrap/js/bootstrap.bundle.min.js HTTP/1.1" 304 - "http://localhost:5000/admin/editReferral/1" "Mozilla/5.0 (X11; Linux x86_64) AppleWebKit/537.36 (KHTML, like Gecko) Chrome/89.0.4389.82 Safari/537.36"
::1 - - [23/Mar/2021:19:05:31 +0000] "GET /admin_assets/plugins/overlayScrollbars/js/jquery.overlayScrollbars.min.js HTTP/1.1" 304 - "http://localhost:5000/admin/editReferral/1" "Mozilla/5.0 (X11; Linux x86_64) AppleWebKit/537.36 (KHTML, like Gecko) Chrome/89.0.4389.82 Safari/537.36"
::1 - - [23/Mar/2021:19:05:31 +0000] "GET /admin_assets/js/adminlte.js HTTP/1.1" 304 - "http://localhost:5000/admin/editReferral/1" "Mozilla/5.0 (X11; Linux x86_64) AppleWebKit/537.36 (KHTML, like Gecko) Chrome/89.0.4389.82 Safari/537.36"
::1 - - [23/Mar/2021:19:05:31 +0000] "GET /admin_assets/plugins/datatables/jquery.dataTables.js HTTP/1.1" 304 - "http://localhost:5000/admin/editReferral/1" "Mozilla/5.0 (X11; Linux x86_64) AppleWebKit/537.36 (KHTML, like Gecko) Chrome/89.0.4389.82 Safari/537.36"
::1 - - [23/Mar/2021:19:05:31 +0000] "GET /admin_assets/plugins/datatables-bs4/js/dataTables.bootstrap4.js HTTP/1.1" 304 - "http://localhost:5000/admin/editReferral/1" "Mozilla/5.0 (X11; Linux x86_64) AppleWebKit/537.36 (KHTML, like Gecko) Chrome/89.0.4389.82 Safari/537.36"
::1 - - [23/Mar/2021:19:05:31 +0000] "GET /admin_assets/plugins/moment/moment.min.js HTTP/1.1" 304 - "http://localhost:5000/admin/editReferral/1" "Mozilla/5.0 (X11; Linux x86_64) AppleWebKit/537.36 (KHTML, like Gecko) Chrome/89.0.4389.82 Safari/537.36"
::1 - - [23/Mar/2021:19:05:31 +0000] "GET /admin_assets/js/dashboard.js HTTP/1.1" 304 - "http://localhost:5000/admin/editReferral/1" "Mozilla/5.0 (X11; Linux x86_64) AppleWebKit/537.36 (KHTML, like Gecko) Chrome/89.0.4389.82 Safari/537.36"
::1 - - [23/Mar/2021:19:05:31 +0000] "GET /admin_assets/js/validation.js HTTP/1.1" 304 - "http://localhost:5000/admin/editReferral/1" "Mozilla/5.0 (X11; Linux x86_64) AppleWebKit/537.36 (KHTML, like Gecko) Chrome/89.0.4389.82 Safari/537.36"
::1 - - [23/Mar/2021:19:05:31 +0000] "GET /admin_assets/img/AdminLTELogo.png HTTP/1.1" 304 - "http://localhost:5000/admin/editReferral/1" "Mozilla/5.0 (X11; Linux x86_64) AppleWebKit/537.36 (KHTML, like Gecko) Chrome/89.0.4389.82 Safari/537.36"
::1 - - [23/Mar/2021:19:05:31 +0000] "GET /admin_assets/img/user2-160x160.jpg HTTP/1.1" 304 - "http://localhost:5000/admin/editReferral/1" "Mozilla/5.0 (X11; Linux x86_64) AppleWebKit/537.36 (KHTML, like Gecko) Chrome/89.0.4389.82 Safari/537.36"
::1 - - [23/Mar/2021:19:05:33 +0000] "GET /web_assets/assets/img/favicon.png HTTP/1.1" 200 477 "http://localhost:5000/admin/editReferral/1" "Mozilla/5.0 (X11; Linux x86_64) AppleWebKit/537.36 (KHTML, like Gecko) Chrome/89.0.4389.82 Safari/537.36"
::1 - - [23/Mar/2021:19:05:36 +0000] "POST /admin/editReferral/1 HTTP/1.1" 302 82 "http://localhost:5000/admin/editReferral/1" "Mozilla/5.0 (X11; Linux x86_64) AppleWebKit/537.36 (KHTML, like Gecko) Chrome/89.0.4389.82 Safari/537.36"
::1 - - [23/Mar/2021:19:05:36 +0000] "GET /admin/referralList HTTP/1.1" 200 23739 "http://localhost:5000/admin/editReferral/1" "Mozilla/5.0 (X11; Linux x86_64) AppleWebKit/537.36 (KHTML, like Gecko) Chrome/89.0.4389.82 Safari/537.36"
::1 - - [23/Mar/2021:19:05:36 +0000] "GET /admin_assets/plugins/fontawesome-free/css/all.min.css HTTP/1.1" 304 - "http://localhost:5000/admin/referralList" "Mozilla/5.0 (X11; Linux x86_64) AppleWebKit/537.36 (KHTML, like Gecko) Chrome/89.0.4389.82 Safari/537.36"
::1 - - [23/Mar/2021:19:05:36 +0000] "GET /admin_assets/plugins/overlayScrollbars/css/OverlayScrollbars.min.css HTTP/1.1" 304 - "http://localhost:5000/admin/referralList" "Mozilla/5.0 (X11; Linux x86_64) AppleWebKit/537.36 (KHTML, like Gecko) Chrome/89.0.4389.82 Safari/537.36"
::1 - - [23/Mar/2021:19:05:36 +0000] "GET /admin_assets/plugins/datatables-bs4/css/dataTables.bootstrap4.css HTTP/1.1" 304 - "http://localhost:5000/admin/referralList" "Mozilla/5.0 (X11; Linux x86_64) AppleWebKit/537.36 (KHTML, like Gecko) Chrome/89.0.4389.82 Safari/537.36"
::1 - - [23/Mar/2021:19:05:36 +0000] "GET /admin_assets/css/adminlte.min.css HTTP/1.1" 304 - "http://localhost:5000/admin/referralList" "Mozilla/5.0 (X11; Linux x86_64) AppleWebKit/537.36 (KHTML, like Gecko) Chrome/89.0.4389.82 Safari/537.36"
::1 - - [23/Mar/2021:19:05:36 +0000] "GET /admin_assets/plugins/jquery/jquery.min.js HTTP/1.1" 304 - "http://localhost:5000/admin/referralList" "Mozilla/5.0 (X11; Linux x86_64) AppleWebKit/537.36 (KHTML, like Gecko) Chrome/89.0.4389.82 Safari/537.36"
::1 - - [23/Mar/2021:19:05:36 +0000] "GET /admin_assets/plugins/bootstrap/js/bootstrap.bundle.min.js HTTP/1.1" 304 - "http://localhost:5000/admin/referralList" "Mozilla/5.0 (X11; Linux x86_64) AppleWebKit/537.36 (KHTML, like Gecko) Chrome/89.0.4389.82 Safari/537.36"
::1 - - [23/Mar/2021:19:05:36 +0000] "GET /admin_assets/plugins/overlayScrollbars/js/jquery.overlayScrollbars.min.js HTTP/1.1" 304 - "http://localhost:5000/admin/referralList" "Mozilla/5.0 (X11; Linux x86_64) AppleWebKit/537.36 (KHTML, like Gecko) Chrome/89.0.4389.82 Safari/537.36"
::1 - - [23/Mar/2021:19:05:36 +0000] "GET /admin_assets/js/adminlte.js HTTP/1.1" 304 - "http://localhost:5000/admin/referralList" "Mozilla/5.0 (X11; Linux x86_64) AppleWebKit/537.36 (KHTML, like Gecko) Chrome/89.0.4389.82 Safari/537.36"
::1 - - [23/Mar/2021:19:05:36 +0000] "GET /admin_assets/plugins/datatables/jquery.dataTables.js HTTP/1.1" 304 - "http://localhost:5000/admin/referralList" "Mozilla/5.0 (X11; Linux x86_64) AppleWebKit/537.36 (KHTML, like Gecko) Chrome/89.0.4389.82 Safari/537.36"
::1 - - [23/Mar/2021:19:05:36 +0000] "GET /admin_assets/plugins/datatables-bs4/js/dataTables.bootstrap4.js HTTP/1.1" 304 - "http://localhost:5000/admin/referralList" "Mozilla/5.0 (X11; Linux x86_64) AppleWebKit/537.36 (KHTML, like Gecko) Chrome/89.0.4389.82 Safari/537.36"
::1 - - [23/Mar/2021:19:05:36 +0000] "GET /admin_assets/plugins/moment/moment.min.js HTTP/1.1" 304 - "http://localhost:5000/admin/referralList" "Mozilla/5.0 (X11; Linux x86_64) AppleWebKit/537.36 (KHTML, like Gecko) Chrome/89.0.4389.82 Safari/537.36"
::1 - - [23/Mar/2021:19:05:36 +0000] "GET /admin_assets/js/dashboard.js HTTP/1.1" 304 - "http://localhost:5000/admin/referralList" "Mozilla/5.0 (X11; Linux x86_64) AppleWebKit/537.36 (KHTML, like Gecko) Chrome/89.0.4389.82 Safari/537.36"
::1 - - [23/Mar/2021:19:05:36 +0000] "GET /admin_assets/js/validation.js HTTP/1.1" 304 - "http://localhost:5000/admin/referralList" "Mozilla/5.0 (X11; Linux x86_64) AppleWebKit/537.36 (KHTML, like Gecko) Chrome/89.0.4389.82 Safari/537.36"
::1 - - [23/Mar/2021:19:05:36 +0000] "GET /admin_assets/img/AdminLTELogo.png HTTP/1.1" 304 - "http://localhost:5000/admin/referralList" "Mozilla/5.0 (X11; Linux x86_64) AppleWebKit/537.36 (KHTML, like Gecko) Chrome/89.0.4389.82 Safari/537.36"
::1 - - [23/Mar/2021:19:05:36 +0000] "GET /admin_assets/img/user2-160x160.jpg HTTP/1.1" 304 - "http://localhost:5000/admin/referralList" "Mozilla/5.0 (X11; Linux x86_64) AppleWebKit/537.36 (KHTML, like Gecko) Chrome/89.0.4389.82 Safari/537.36"
::1 - - [23/Mar/2021:19:05:40 +0000] "GET /admin/addReferral HTTP/1.1" 200 36275 "http://localhost:5000/admin/referralList" "Mozilla/5.0 (X11; Linux x86_64) AppleWebKit/537.36 (KHTML, like Gecko) Chrome/89.0.4389.82 Safari/537.36"
::1 - - [23/Mar/2021:19:05:40 +0000] "GET /admin_assets/plugins/fontawesome-free/css/all.min.css HTTP/1.1" 304 - "http://localhost:5000/admin/addReferral" "Mozilla/5.0 (X11; Linux x86_64) AppleWebKit/537.36 (KHTML, like Gecko) Chrome/89.0.4389.82 Safari/537.36"
::1 - - [23/Mar/2021:19:05:40 +0000] "GET /admin_assets/plugins/overlayScrollbars/css/OverlayScrollbars.min.css HTTP/1.1" 304 - "http://localhost:5000/admin/addReferral" "Mozilla/5.0 (X11; Linux x86_64) AppleWebKit/537.36 (KHTML, like Gecko) Chrome/89.0.4389.82 Safari/537.36"
::1 - - [23/Mar/2021:19:05:40 +0000] "GET /admin_assets/plugins/datatables-bs4/css/dataTables.bootstrap4.css HTTP/1.1" 304 - "http://localhost:5000/admin/addReferral" "Mozilla/5.0 (X11; Linux x86_64) AppleWebKit/537.36 (KHTML, like Gecko) Chrome/89.0.4389.82 Safari/537.36"
::1 - - [23/Mar/2021:19:05:40 +0000] "GET /admin_assets/css/adminlte.min.css HTTP/1.1" 304 - "http://localhost:5000/admin/addReferral" "Mozilla/5.0 (X11; Linux x86_64) AppleWebKit/537.36 (KHTML, like Gecko) Chrome/89.0.4389.82 Safari/537.36"
::1 - - [23/Mar/2021:19:05:40 +0000] "GET /admin_assets/plugins/jquery/jquery.min.js HTTP/1.1" 304 - "http://localhost:5000/admin/addReferral" "Mozilla/5.0 (X11; Linux x86_64) AppleWebKit/537.36 (KHTML, like Gecko) Chrome/89.0.4389.82 Safari/537.36"
::1 - - [23/Mar/2021:19:05:40 +0000] "GET /admin_assets/plugins/datatables/jquery.dataTables.js HTTP/1.1" 304 - "http://localhost:5000/admin/addReferral" "Mozilla/5.0 (X11; Linux x86_64) AppleWebKit/537.36 (KHTML, like Gecko) Chrome/89.0.4389.82 Safari/537.36"
::1 - - [23/Mar/2021:19:05:40 +0000] "GET /admin_assets/plugins/datatables-bs4/js/dataTables.bootstrap4.js HTTP/1.1" 304 - "http://localhost:5000/admin/addReferral" "Mozilla/5.0 (X11; Linux x86_64) AppleWebKit/537.36 (KHTML, like Gecko) Chrome/89.0.4389.82 Safari/537.36"
::1 - - [23/Mar/2021:19:05:40 +0000] "GET /admin_assets/plugins/bootstrap/js/bootstrap.bundle.min.js HTTP/1.1" 304 - "http://localhost:5000/admin/addReferral" "Mozilla/5.0 (X11; Linux x86_64) AppleWebKit/537.36 (KHTML, like Gecko) Chrome/89.0.4389.82 Safari/537.36"
::1 - - [23/Mar/2021:19:05:40 +0000] "GET /admin_assets/plugins/overlayScrollbars/js/jquery.overlayScrollbars.min.js HTTP/1.1" 304 - "http://localhost:5000/admin/addReferral" "Mozilla/5.0 (X11; Linux x86_64) AppleWebKit/537.36 (KHTML, like Gecko) Chrome/89.0.4389.82 Safari/537.36"
::1 - - [23/Mar/2021:19:05:40 +0000] "GET /admin_assets/js/adminlte.js HTTP/1.1" 304 - "http://localhost:5000/admin/addReferral" "Mozilla/5.0 (X11; Linux x86_64) AppleWebKit/537.36 (KHTML, like Gecko) Chrome/89.0.4389.82 Safari/537.36"
::1 - - [23/Mar/2021:19:05:40 +0000] "GET /admin_assets/plugins/moment/moment.min.js HTTP/1.1" 304 - "http://localhost:5000/admin/addReferral" "Mozilla/5.0 (X11; Linux x86_64) AppleWebKit/537.36 (KHTML, like Gecko) Chrome/89.0.4389.82 Safari/537.36"
::1 - - [23/Mar/2021:19:05:40 +0000] "GET /admin_assets/js/dashboard.js HTTP/1.1" 304 - "http://localhost:5000/admin/addReferral" "Mozilla/5.0 (X11; Linux x86_64) AppleWebKit/537.36 (KHTML, like Gecko) Chrome/89.0.4389.82 Safari/537.36"
::1 - - [23/Mar/2021:19:05:40 +0000] "GET /admin_assets/js/validation.js HTTP/1.1" 304 - "http://localhost:5000/admin/addReferral" "Mozilla/5.0 (X11; Linux x86_64) AppleWebKit/537.36 (KHTML, like Gecko) Chrome/89.0.4389.82 Safari/537.36"
::1 - - [23/Mar/2021:19:05:40 +0000] "GET /admin_assets/img/AdminLTELogo.png HTTP/1.1" 304 - "http://localhost:5000/admin/addReferral" "Mozilla/5.0 (X11; Linux x86_64) AppleWebKit/537.36 (KHTML, like Gecko) Chrome/89.0.4389.82 Safari/537.36"
::1 - - [23/Mar/2021:19:05:40 +0000] "GET /admin_assets/img/user2-160x160.jpg HTTP/1.1" 304 - "http://localhost:5000/admin/addReferral" "Mozilla/5.0 (X11; Linux x86_64) AppleWebKit/537.36 (KHTML, like Gecko) Chrome/89.0.4389.82 Safari/537.36"
::1 - - [23/Mar/2021:19:06:20 +0000] "POST /admin/addReferral HTTP/1.1" 302 82 "http://localhost:5000/admin/addReferral" "Mozilla/5.0 (X11; Linux x86_64) AppleWebKit/537.36 (KHTML, like Gecko) Chrome/89.0.4389.82 Safari/537.36"
::1 - - [23/Mar/2021:19:06:21 +0000] "GET /admin/referralList HTTP/1.1" 200 28684 "http://localhost:5000/admin/addReferral" "Mozilla/5.0 (X11; Linux x86_64) AppleWebKit/537.36 (KHTML, like Gecko) Chrome/89.0.4389.82 Safari/537.36"
::1 - - [23/Mar/2021:19:06:21 +0000] "GET /admin_assets/plugins/fontawesome-free/css/all.min.css HTTP/1.1" 304 - "http://localhost:5000/admin/referralList" "Mozilla/5.0 (X11; Linux x86_64) AppleWebKit/537.36 (KHTML, like Gecko) Chrome/89.0.4389.82 Safari/537.36"
::1 - - [23/Mar/2021:19:06:21 +0000] "GET /admin_assets/plugins/overlayScrollbars/css/OverlayScrollbars.min.css HTTP/1.1" 304 - "http://localhost:5000/admin/referralList" "Mozilla/5.0 (X11; Linux x86_64) AppleWebKit/537.36 (KHTML, like Gecko) Chrome/89.0.4389.82 Safari/537.36"
::1 - - [23/Mar/2021:19:06:21 +0000] "GET /admin_assets/plugins/datatables-bs4/css/dataTables.bootstrap4.css HTTP/1.1" 304 - "http://localhost:5000/admin/referralList" "Mozilla/5.0 (X11; Linux x86_64) AppleWebKit/537.36 (KHTML, like Gecko) Chrome/89.0.4389.82 Safari/537.36"
::1 - - [23/Mar/2021:19:06:21 +0000] "GET /admin_assets/css/adminlte.min.css HTTP/1.1" 304 - "http://localhost:5000/admin/referralList" "Mozilla/5.0 (X11; Linux x86_64) AppleWebKit/537.36 (KHTML, like Gecko) Chrome/89.0.4389.82 Safari/537.36"
::1 - - [23/Mar/2021:19:06:21 +0000] "GET /admin_assets/plugins/jquery/jquery.min.js HTTP/1.1" 304 - "http://localhost:5000/admin/referralList" "Mozilla/5.0 (X11; Linux x86_64) AppleWebKit/537.36 (KHTML, like Gecko) Chrome/89.0.4389.82 Safari/537.36"
::1 - - [23/Mar/2021:19:06:21 +0000] "GET /admin_assets/plugins/bootstrap/js/bootstrap.bundle.min.js HTTP/1.1" 304 - "http://localhost:5000/admin/referralList" "Mozilla/5.0 (X11; Linux x86_64) AppleWebKit/537.36 (KHTML, like Gecko) Chrome/89.0.4389.82 Safari/537.36"
::1 - - [23/Mar/2021:19:06:21 +0000] "GET /admin_assets/plugins/overlayScrollbars/js/jquery.overlayScrollbars.min.js HTTP/1.1" 304 - "http://localhost:5000/admin/referralList" "Mozilla/5.0 (X11; Linux x86_64) AppleWebKit/537.36 (KHTML, like Gecko) Chrome/89.0.4389.82 Safari/537.36"
::1 - - [23/Mar/2021:19:06:21 +0000] "GET /admin_assets/js/adminlte.js HTTP/1.1" 304 - "http://localhost:5000/admin/referralList" "Mozilla/5.0 (X11; Linux x86_64) AppleWebKit/537.36 (KHTML, like Gecko) Chrome/89.0.4389.82 Safari/537.36"
::1 - - [23/Mar/2021:19:06:21 +0000] "GET /admin_assets/plugins/datatables/jquery.dataTables.js HTTP/1.1" 304 - "http://localhost:5000/admin/referralList" "Mozilla/5.0 (X11; Linux x86_64) AppleWebKit/537.36 (KHTML, like Gecko) Chrome/89.0.4389.82 Safari/537.36"
::1 - - [23/Mar/2021:19:06:21 +0000] "GET /admin_assets/plugins/datatables-bs4/js/dataTables.bootstrap4.js HTTP/1.1" 304 - "http://localhost:5000/admin/referralList" "Mozilla/5.0 (X11; Linux x86_64) AppleWebKit/537.36 (KHTML, like Gecko) Chrome/89.0.4389.82 Safari/537.36"
::1 - - [23/Mar/2021:19:06:21 +0000] "GET /admin_assets/plugins/moment/moment.min.js HTTP/1.1" 304 - "http://localhost:5000/admin/referralList" "Mozilla/5.0 (X11; Linux x86_64) AppleWebKit/537.36 (KHTML, like Gecko) Chrome/89.0.4389.82 Safari/537.36"
::1 - - [23/Mar/2021:19:06:21 +0000] "GET /admin_assets/js/dashboard.js HTTP/1.1" 304 - "http://localhost:5000/admin/referralList" "Mozilla/5.0 (X11; Linux x86_64) AppleWebKit/537.36 (KHTML, like Gecko) Chrome/89.0.4389.82 Safari/537.36"
::1 - - [23/Mar/2021:19:06:21 +0000] "GET /admin_assets/js/validation.js HTTP/1.1" 304 - "http://localhost:5000/admin/referralList" "Mozilla/5.0 (X11; Linux x86_64) AppleWebKit/537.36 (KHTML, like Gecko) Chrome/89.0.4389.82 Safari/537.36"
::1 - - [23/Mar/2021:19:06:21 +0000] "GET /admin_assets/img/AdminLTELogo.png HTTP/1.1" 304 - "http://localhost:5000/admin/referralList" "Mozilla/5.0 (X11; Linux x86_64) AppleWebKit/537.36 (KHTML, like Gecko) Chrome/89.0.4389.82 Safari/537.36"
::1 - - [23/Mar/2021:19:06:21 +0000] "GET /admin_assets/img/user2-160x160.jpg HTTP/1.1" 304 - "http://localhost:5000/admin/referralList" "Mozilla/5.0 (X11; Linux x86_64) AppleWebKit/537.36 (KHTML, like Gecko) Chrome/89.0.4389.82 Safari/537.36"
::1 - - [23/Mar/2021:19:06:21 +0000] "GET /admin_assets/plugins/fontawesome-free/webfonts/fa-solid-900.woff2 HTTP/1.1" 304 - "http://localhost:5000/admin_assets/plugins/fontawesome-free/css/all.min.css" "Mozilla/5.0 (X11; Linux x86_64) AppleWebKit/537.36 (KHTML, like Gecko) Chrome/89.0.4389.82 Safari/537.36"
::1 - - [23/Mar/2021:19:06:21 +0000] "GET /admin_assets/plugins/fontawesome-free/webfonts/fa-regular-400.woff2 HTTP/1.1" 304 - "http://localhost:5000/admin_assets/plugins/fontawesome-free/css/all.min.css" "Mozilla/5.0 (X11; Linux x86_64) AppleWebKit/537.36 (KHTML, like Gecko) Chrome/89.0.4389.82 Safari/537.36"
::1 - - [23/Mar/2021:19:08:46 +0000] "GET /admin/deleteReferral/2 HTTP/1.1" 302 82 "http://localhost:5000/admin/referralList" "Mozilla/5.0 (X11; Linux x86_64) AppleWebKit/537.36 (KHTML, like Gecko) Chrome/89.0.4389.82 Safari/537.36"
::1 - - [23/Mar/2021:19:08:46 +0000] "GET /admin/referralList HTTP/1.1" 200 23290 "http://localhost:5000/admin/referralList" "Mozilla/5.0 (X11; Linux x86_64) AppleWebKit/537.36 (KHTML, like Gecko) Chrome/89.0.4389.82 Safari/537.36"
::1 - - [23/Mar/2021:19:08:46 +0000] "GET /admin_assets/plugins/fontawesome-free/css/all.min.css HTTP/1.1" 304 - "http://localhost:5000/admin/referralList" "Mozilla/5.0 (X11; Linux x86_64) AppleWebKit/537.36 (KHTML, like Gecko) Chrome/89.0.4389.82 Safari/537.36"
::1 - - [23/Mar/2021:19:08:46 +0000] "GET /admin_assets/plugins/overlayScrollbars/css/OverlayScrollbars.min.css HTTP/1.1" 304 - "http://localhost:5000/admin/referralList" "Mozilla/5.0 (X11; Linux x86_64) AppleWebKit/537.36 (KHTML, like Gecko) Chrome/89.0.4389.82 Safari/537.36"
::1 - - [23/Mar/2021:19:08:46 +0000] "GET /admin_assets/plugins/datatables-bs4/css/dataTables.bootstrap4.css HTTP/1.1" 304 - "http://localhost:5000/admin/referralList" "Mozilla/5.0 (X11; Linux x86_64) AppleWebKit/537.36 (KHTML, like Gecko) Chrome/89.0.4389.82 Safari/537.36"
::1 - - [23/Mar/2021:19:08:46 +0000] "GET /admin_assets/css/adminlte.min.css HTTP/1.1" 304 - "http://localhost:5000/admin/referralList" "Mozilla/5.0 (X11; Linux x86_64) AppleWebKit/537.36 (KHTML, like Gecko) Chrome/89.0.4389.82 Safari/537.36"
::1 - - [23/Mar/2021:19:08:46 +0000] "GET /admin_assets/plugins/jquery/jquery.min.js HTTP/1.1" 304 - "http://localhost:5000/admin/referralList" "Mozilla/5.0 (X11; Linux x86_64) AppleWebKit/537.36 (KHTML, like Gecko) Chrome/89.0.4389.82 Safari/537.36"
::1 - - [23/Mar/2021:19:08:46 +0000] "GET /admin_assets/plugins/bootstrap/js/bootstrap.bundle.min.js HTTP/1.1" 304 - "http://localhost:5000/admin/referralList" "Mozilla/5.0 (X11; Linux x86_64) AppleWebKit/537.36 (KHTML, like Gecko) Chrome/89.0.4389.82 Safari/537.36"
::1 - - [23/Mar/2021:19:08:46 +0000] "GET /admin_assets/plugins/overlayScrollbars/js/jquery.overlayScrollbars.min.js HTTP/1.1" 304 - "http://localhost:5000/admin/referralList" "Mozilla/5.0 (X11; Linux x86_64) AppleWebKit/537.36 (KHTML, like Gecko) Chrome/89.0.4389.82 Safari/537.36"
::1 - - [23/Mar/2021:19:08:46 +0000] "GET /admin_assets/js/adminlte.js HTTP/1.1" 304 - "http://localhost:5000/admin/referralList" "Mozilla/5.0 (X11; Linux x86_64) AppleWebKit/537.36 (KHTML, like Gecko) Chrome/89.0.4389.82 Safari/537.36"
::1 - - [23/Mar/2021:19:08:46 +0000] "GET /admin_assets/plugins/datatables/jquery.dataTables.js HTTP/1.1" 304 - "http://localhost:5000/admin/referralList" "Mozilla/5.0 (X11; Linux x86_64) AppleWebKit/537.36 (KHTML, like Gecko) Chrome/89.0.4389.82 Safari/537.36"
::1 - - [23/Mar/2021:19:08:46 +0000] "GET /admin_assets/plugins/datatables-bs4/js/dataTables.bootstrap4.js HTTP/1.1" 304 - "http://localhost:5000/admin/referralList" "Mozilla/5.0 (X11; Linux x86_64) AppleWebKit/537.36 (KHTML, like Gecko) Chrome/89.0.4389.82 Safari/537.36"
::1 - - [23/Mar/2021:19:08:46 +0000] "GET /admin_assets/plugins/moment/moment.min.js HTTP/1.1" 304 - "http://localhost:5000/admin/referralList" "Mozilla/5.0 (X11; Linux x86_64) AppleWebKit/537.36 (KHTML, like Gecko) Chrome/89.0.4389.82 Safari/537.36"
::1 - - [23/Mar/2021:19:08:46 +0000] "GET /admin_assets/js/dashboard.js HTTP/1.1" 304 - "http://localhost:5000/admin/referralList" "Mozilla/5.0 (X11; Linux x86_64) AppleWebKit/537.36 (KHTML, like Gecko) Chrome/89.0.4389.82 Safari/537.36"
::1 - - [23/Mar/2021:19:08:46 +0000] "GET /admin_assets/js/validation.js HTTP/1.1" 304 - "http://localhost:5000/admin/referralList" "Mozilla/5.0 (X11; Linux x86_64) AppleWebKit/537.36 (KHTML, like Gecko) Chrome/89.0.4389.82 Safari/537.36"
::1 - - [23/Mar/2021:19:08:46 +0000] "GET /admin_assets/img/AdminLTELogo.png HTTP/1.1" 304 - "http://localhost:5000/admin/referralList" "Mozilla/5.0 (X11; Linux x86_64) AppleWebKit/537.36 (KHTML, like Gecko) Chrome/89.0.4389.82 Safari/537.36"
::1 - - [23/Mar/2021:19:08:46 +0000] "GET /admin_assets/img/user2-160x160.jpg HTTP/1.1" 304 - "http://localhost:5000/admin/referralList" "Mozilla/5.0 (X11; Linux x86_64) AppleWebKit/537.36 (KHTML, like Gecko) Chrome/89.0.4389.82 Safari/537.36"
::1 - - [23/Mar/2021:19:08:46 +0000] "GET /admin_assets/plugins/fontawesome-free/webfonts/fa-solid-900.woff2 HTTP/1.1" 304 - "http://localhost:5000/admin_assets/plugins/fontawesome-free/css/all.min.css" "Mozilla/5.0 (X11; Linux x86_64) AppleWebKit/537.36 (KHTML, like Gecko) Chrome/89.0.4389.82 Safari/537.36"
::1 - - [23/Mar/2021:19:08:46 +0000] "GET /admin_assets/plugins/fontawesome-free/webfonts/fa-regular-400.woff2 HTTP/1.1" 304 - "http://localhost:5000/admin_assets/plugins/fontawesome-free/css/all.min.css" "Mozilla/5.0 (X11; Linux x86_64) AppleWebKit/537.36 (KHTML, like Gecko) Chrome/89.0.4389.82 Safari/537.36"
::1 - - [23/Mar/2021:19:09:25 +0000] "GET /admin/referralList HTTP/1.1" 200 23293 "-" "Mozilla/5.0 (X11; Linux x86_64) AppleWebKit/537.36 (KHTML, like Gecko) Chrome/89.0.4389.82 Safari/537.36"
::1 - - [23/Mar/2021:19:09:25 +0000] "GET /admin_assets/plugins/fontawesome-free/css/all.min.css HTTP/1.1" 304 - "http://localhost:5000/admin/referralList" "Mozilla/5.0 (X11; Linux x86_64) AppleWebKit/537.36 (KHTML, like Gecko) Chrome/89.0.4389.82 Safari/537.36"
::1 - - [23/Mar/2021:19:09:25 +0000] "GET /admin_assets/plugins/overlayScrollbars/css/OverlayScrollbars.min.css HTTP/1.1" 304 - "http://localhost:5000/admin/referralList" "Mozilla/5.0 (X11; Linux x86_64) AppleWebKit/537.36 (KHTML, like Gecko) Chrome/89.0.4389.82 Safari/537.36"
::1 - - [23/Mar/2021:19:09:25 +0000] "GET /admin_assets/plugins/datatables-bs4/css/dataTables.bootstrap4.css HTTP/1.1" 304 - "http://localhost:5000/admin/referralList" "Mozilla/5.0 (X11; Linux x86_64) AppleWebKit/537.36 (KHTML, like Gecko) Chrome/89.0.4389.82 Safari/537.36"
::1 - - [23/Mar/2021:19:09:25 +0000] "GET /admin_assets/css/adminlte.min.css HTTP/1.1" 304 - "http://localhost:5000/admin/referralList" "Mozilla/5.0 (X11; Linux x86_64) AppleWebKit/537.36 (KHTML, like Gecko) Chrome/89.0.4389.82 Safari/537.36"
::1 - - [23/Mar/2021:19:09:25 +0000] "GET /admin_assets/plugins/jquery/jquery.min.js HTTP/1.1" 304 - "http://localhost:5000/admin/referralList" "Mozilla/5.0 (X11; Linux x86_64) AppleWebKit/537.36 (KHTML, like Gecko) Chrome/89.0.4389.82 Safari/537.36"
::1 - - [23/Mar/2021:19:09:25 +0000] "GET /admin_assets/plugins/bootstrap/js/bootstrap.bundle.min.js HTTP/1.1" 304 - "http://localhost:5000/admin/referralList" "Mozilla/5.0 (X11; Linux x86_64) AppleWebKit/537.36 (KHTML, like Gecko) Chrome/89.0.4389.82 Safari/537.36"
::1 - - [23/Mar/2021:19:09:25 +0000] "GET /admin_assets/plugins/overlayScrollbars/js/jquery.overlayScrollbars.min.js HTTP/1.1" 304 - "http://localhost:5000/admin/referralList" "Mozilla/5.0 (X11; Linux x86_64) AppleWebKit/537.36 (KHTML, like Gecko) Chrome/89.0.4389.82 Safari/537.36"
::1 - - [23/Mar/2021:19:09:25 +0000] "GET /admin_assets/js/adminlte.js HTTP/1.1" 304 - "http://localhost:5000/admin/referralList" "Mozilla/5.0 (X11; Linux x86_64) AppleWebKit/537.36 (KHTML, like Gecko) Chrome/89.0.4389.82 Safari/537.36"
::1 - - [23/Mar/2021:19:09:25 +0000] "GET /admin_assets/plugins/datatables/jquery.dataTables.js HTTP/1.1" 304 - "http://localhost:5000/admin/referralList" "Mozilla/5.0 (X11; Linux x86_64) AppleWebKit/537.36 (KHTML, like Gecko) Chrome/89.0.4389.82 Safari/537.36"
::1 - - [23/Mar/2021:19:09:25 +0000] "GET /admin_assets/plugins/datatables-bs4/js/dataTables.bootstrap4.js HTTP/1.1" 304 - "http://localhost:5000/admin/referralList" "Mozilla/5.0 (X11; Linux x86_64) AppleWebKit/537.36 (KHTML, like Gecko) Chrome/89.0.4389.82 Safari/537.36"
::1 - - [23/Mar/2021:19:09:25 +0000] "GET /admin_assets/plugins/moment/moment.min.js HTTP/1.1" 304 - "http://localhost:5000/admin/referralList" "Mozilla/5.0 (X11; Linux x86_64) AppleWebKit/537.36 (KHTML, like Gecko) Chrome/89.0.4389.82 Safari/537.36"
::1 - - [23/Mar/2021:19:09:25 +0000] "GET /admin_assets/js/dashboard.js HTTP/1.1" 304 - "http://localhost:5000/admin/referralList" "Mozilla/5.0 (X11; Linux x86_64) AppleWebKit/537.36 (KHTML, like Gecko) Chrome/89.0.4389.82 Safari/537.36"
::1 - - [23/Mar/2021:19:09:25 +0000] "GET /admin_assets/js/validation.js HTTP/1.1" 304 - "http://localhost:5000/admin/referralList" "Mozilla/5.0 (X11; Linux x86_64) AppleWebKit/537.36 (KHTML, like Gecko) Chrome/89.0.4389.82 Safari/537.36"
::1 - - [23/Mar/2021:19:09:25 +0000] "GET /admin_assets/img/AdminLTELogo.png HTTP/1.1" 304 - "http://localhost:5000/admin/referralList" "Mozilla/5.0 (X11; Linux x86_64) AppleWebKit/537.36 (KHTML, like Gecko) Chrome/89.0.4389.82 Safari/537.36"
::1 - - [23/Mar/2021:19:09:25 +0000] "GET /admin_assets/img/user2-160x160.jpg HTTP/1.1" 304 - "http://localhost:5000/admin/referralList" "Mozilla/5.0 (X11; Linux x86_64) AppleWebKit/537.36 (KHTML, like Gecko) Chrome/89.0.4389.82 Safari/537.36"
::1 - - [23/Mar/2021:19:09:25 +0000] "GET /admin_assets/plugins/fontawesome-free/webfonts/fa-solid-900.woff2 HTTP/1.1" 304 - "http://localhost:5000/admin_assets/plugins/fontawesome-free/css/all.min.css" "Mozilla/5.0 (X11; Linux x86_64) AppleWebKit/537.36 (KHTML, like Gecko) Chrome/89.0.4389.82 Safari/537.36"
::1 - - [23/Mar/2021:19:09:25 +0000] "GET /admin_assets/plugins/fontawesome-free/webfonts/fa-regular-400.woff2 HTTP/1.1" 304 - "http://localhost:5000/admin_assets/plugins/fontawesome-free/css/all.min.css" "Mozilla/5.0 (X11; Linux x86_64) AppleWebKit/537.36 (KHTML, like Gecko) Chrome/89.0.4389.82 Safari/537.36"
::1 - - [23/Mar/2021:19:09:26 +0000] "GET /web_assets/assets/img/favicon.png HTTP/1.1" 200 477 "http://localhost:5000/admin/referralList" "Mozilla/5.0 (X11; Linux x86_64) AppleWebKit/537.36 (KHTML, like Gecko) Chrome/89.0.4389.82 Safari/537.36"
